My SLURM_ARRAY_TASK_ID:  12

You have selected NaN to_0, with PCA data

Fitting 10 folds for each of 50 candidates, totalling 500 fits
                                                                           Best Params  ... Refit Time
Best kNN ORIGINAL deleted                                   {'p': 1, 'n_neighbors': 6}  ...   0.027314
Best kNN ORIGINAL mean                                      {'p': 1, 'n_neighbors': 6}  ...    0.02795
Best kNN ORIGINAL to_0                                     {'p': 1, 'n_neighbors': 11}  ...   0.029808
Best kNN PCA deleted                                        {'p': 2, 'n_neighbors': 6}  ...   0.007349
Best kNN PCA mean                                           {'p': 2, 'n_neighbors': 6}  ...   0.007738
Best kNN PCA to_0                                          {'p': 2, 'n_neighbors': 11}  ...   0.007281
Best MLP ORIGINAL deleted            {'learning_rate_init': 0.1, 'hidden_layer_size...  ...   0.449515
Best MLP ORIGINAL mean               {'learning_rate_init': 0.001, 'hidden_layer_si...  ...    5.76548
Best MLP ORIGINAL to_0               {'learning_rate_init': 0.01, 'hidden_layer_siz...  ...   0.406664
Best MLP PCA deleted                 {'learning_rate_init': 0.01, 'hidden_layer_siz...  ...   0.829267
Best MLP PCA mean                    {'learning_rate_init': 0.01, 'hidden_layer_siz...  ...    1.28418
Best MLP PCA to_0                    {'learning_rate_init': 0.01, 'hidden_layer_siz...  ...   1.456219
Best Decision Tree ORIGINAL deleted  {'min_samples_split': 2, 'min_samples_leaf': 4...  ...   0.047694
Best Decision Tree ORIGINAL mean     {'min_samples_split': 8, 'min_samples_leaf': 3...  ...   0.062595
Best Decision Tree ORIGINAL to_0     {'min_samples_split': 4, 'min_samples_leaf': 4...  ...   0.060831
Best Decision Tree PCA deleted       {'min_samples_split': 4, 'min_samples_leaf': 4...  ...   0.094653
Best Decision Tree PCA mean          {'min_samples_split': 4, 'min_samples_leaf': 3...  ...   0.128855
Best Decision Tree PCA to_0          {'min_samples_split': 8, 'min_samples_leaf': 3...  ...   0.128049
Best SVM ORIGINAL deleted            {'estimator__kernel': 'poly', 'estimator__gamm...  ...    2.53931
Best SVM ORIGINAL mean               {'estimator__kernel': 'poly', 'estimator__gamm...  ...    2.55972
Best SVM ORIGINAL to_0               {'estimator__kernel': 'poly', 'estimator__gamm...  ...    2.52949
Best SVM PCA deleted                 {'estimator__kernel': 'poly', 'estimator__gamm...  ...   0.851098
Best SVM PCA mean                    {'estimator__kernel': 'poly', 'estimator__gamm...  ...   0.846144
Best SVM PCA to_0                    {'estimator__kernel': 'poly', 'estimator__gamm...  ...   0.865714
Best Random Forest ORIGINAL deleted                                                NaN  ...        NaN
Best Random Forest ORIGINAL mean                                                   NaN  ...        NaN
Best Random Forest ORIGINAL to_0     {'n_estimators': 50, 'min_samples_split': 4, '...  ...    164.818
Best Random Forest PCA deleted                                                     NaN  ...        NaN
Best Random Forest PCA mean                                                        NaN  ...        NaN
Best Random Forest PCA to_0                                                        NaN  ...        NaN

[30 rows x 3 columns]
[CV] learning_rate_init=5, hidden_layer_sizes=(10, 10, 20), batch_size=1, alpha=1 
[CV]  learning_rate_init=5, hidden_layer_sizes=(10, 10, 20), batch_size=1, alpha=1, total=  51.8s
[CV] learning_rate_init=5, hidden_layer_sizes=(5, 10, 10, 20, 20), batch_size=30, alpha=0.01 
[CV]  learning_rate_init=5, hidden_layer_sizes=(5, 10, 10, 20, 20), batch_size=30, alpha=0.01, total=   3.5s
[CV] learning_rate_init=5, hidden_layer_sizes=(10, 10, 10), batch_size=10, alpha=10 
[CV]  learning_rate_init=5, hidden_layer_sizes=(10, 10, 10), batch_size=10, alpha=10, total=   6.1s
[CV] learning_rate_init=1, hidden_layer_sizes=(20, 20, 20), batch_size=30, alpha=10 
[CV]  learning_rate_init=1, hidden_layer_sizes=(20, 20, 20), batch_size=30, alpha=10, total=   2.8s
[CV] learning_rate_init=0.1, hidden_layer_sizes=(10, 20, 20), batch_size=10, alpha=0.01 
[CV]  learning_rate_init=0.1, hidden_layer_sizes=(10, 20, 20), batch_size=10, alpha=0.01, total=   1.0s
[CV] learning_rate_init=5, hidden_layer_sizes=(10, 10, 10, 10, 10), batch_size=10, alpha=10 
[CV]  learning_rate_init=5, hidden_layer_sizes=(10, 10, 10, 10, 10), batch_size=10, alpha=10, total=   8.7s
[CV] learning_rate_init=0.1, hidden_layer_sizes=(5, 20, 20), batch_size=10, alpha=5 
[CV]  learning_rate_init=0.1, hidden_layer_sizes=(5, 20, 20), batch_size=10, alpha=5, total=   0.7s
[CV] learning_rate_init=0.1, hidden_layer_sizes=(10, 10, 20, 20, 20), batch_size=1, alpha=0.01 
[CV]  learning_rate_init=0.1, hidden_layer_sizes=(10, 10, 20, 20, 20), batch_size=1, alpha=0.01, total=   5.7s
[CV] learning_rate_init=0.01, hidden_layer_sizes=(5, 5, 20, 20, 20), batch_size=30, alpha=5 
[CV]  learning_rate_init=0.01, hidden_layer_sizes=(5, 5, 20, 20, 20), batch_size=30, alpha=5, total=   1.3s
[CV] learning_rate_init=0.1, hidden_layer_sizes=(20, 20, 20, 20, 20), batch_size=200, alpha=5 
[CV]  learning_rate_init=0.1, hidden_layer_sizes=(20, 20, 20, 20, 20), batch_size=200, alpha=5, total=   0.2s
[CV] learning_rate_init=0.1, hidden_layer_sizes=(10, 20, 20), batch_size=200, alpha=1 
[CV]  learning_rate_init=0.1, hidden_layer_sizes=(10, 20, 20), batch_size=200, alpha=1, total=   0.2s
[CV] learning_rate_init=0.01, hidden_layer_sizes=(5,), batch_size=1, alpha=0.01 
[CV]  learning_rate_init=0.01, hidden_layer_sizes=(5,), batch_size=1, alpha=0.01, total=   1.8s
[CV] learning_rate_init=0.1, hidden_layer_sizes=(5, 5, 5, 5, 20), batch_size=10, alpha=1 
[CV]  learning_rate_init=0.1, hidden_layer_sizes=(5, 5, 5, 5, 20), batch_size=10, alpha=1, total=   0.5s
[CV] learning_rate_init=0.1, hidden_layer_sizes=(5, 10, 10, 20, 20), batch_size=30, alpha=5 
[CV]  learning_rate_init=0.1, hidden_layer_sizes=(5, 10, 10, 20, 20), batch_size=30, alpha=5, total=   0.3s
[CV] learning_rate_init=5, hidden_layer_sizes=(5, 10, 20, 20, 20), batch_size=200, alpha=1 
[CV]  learning_rate_init=5, hidden_layer_sizes=(5, 10, 20, 20, 20), batch_size=200, alpha=1, total=   0.1s
[CV] learning_rate_init=1, hidden_layer_sizes=(10, 10, 10), batch_size=1, alpha=1 
[CV]  learning_rate_init=1, hidden_layer_sizes=(10, 10, 10), batch_size=1, alpha=1, total=  49.2s
[CV] learning_rate_init=0.1, hidden_layer_sizes=(5, 5, 5), batch_size=1, alpha=1 
[CV]  learning_rate_init=0.1, hidden_layer_sizes=(5, 5, 5), batch_size=1, alpha=1, total=   2.9s
[CV] learning_rate_init=0.01, hidden_layer_sizes=(5, 5, 20, 20, 20), batch_size=30, alpha=5 
[CV]  learning_rate_init=0.01, hidden_layer_sizes=(5, 5, 20, 20, 20), batch_size=30, alpha=5, total=   1.1s
[CV] learning_rate_init=0.001, hidden_layer_sizes=(5, 5, 10, 10, 10), batch_size=200, alpha=0.01 
[CV]  learning_rate_init=0.001, hidden_layer_sizes=(5, 5, 10, 10, 10), batch_size=200, alpha=0.01, total=   0.1s
[CV] learning_rate_init=0.001, hidden_layer_sizes=(20, 20, 20), batch_size=30, alpha=5 
[CV]  learning_rate_init=0.001, hidden_layer_sizes=(20, 20, 20), batch_size=30, alpha=5, total=   1.5s
[CV] learning_rate_init=0.1, hidden_layer_sizes=(10, 20, 20), batch_size=200, alpha=1 
[CV]  learning_rate_init=0.1, hidden_layer_sizes=(10, 20, 20), batch_size=200, alpha=1, total=   0.2s
[CV] learning_rate_init=0.01, hidden_layer_sizes=(10, 20, 20), batch_size=30, alpha=10 
[CV]  learning_rate_init=0.01, hidden_layer_sizes=(10, 20, 20), batch_size=30, alpha=10, total=   1.0s
[CV] learning_rate_init=0.01, hidden_layer_sizes=(10, 10, 20), batch_size=30, alpha=5 
[CV]  learning_rate_init=0.01, hidden_layer_sizes=(10, 10, 20), batch_size=30, alpha=5, total=   0.6s
[CV] learning_rate_init=1, hidden_layer_sizes=(5, 20, 20, 20, 20), batch_size=200, alpha=1 
[CV]  learning_rate_init=1, hidden_layer_sizes=(5, 20, 20, 20, 20), batch_size=200, alpha=1, total=   0.1s
[CV] learning_rate_init=5, hidden_layer_sizes=(5, 5, 10, 10, 10), batch_size=30, alpha=10 
[CV]  learning_rate_init=5, hidden_layer_sizes=(5, 5, 10, 10, 10), batch_size=30, alpha=10, total=   3.2s
[CV] learning_rate_init=1, hidden_layer_sizes=(10, 10, 10), batch_size=1, alpha=1 
[CV]  learning_rate_init=1, hidden_layer_sizes=(10, 10, 10), batch_size=1, alpha=1, total=  48.9s
[CV] learning_rate_init=1, hidden_layer_sizes=(20,), batch_size=30, alpha=10 
[CV]  learning_rate_init=1, hidden_layer_sizes=(20,), batch_size=30, alpha=10, total=   1.6s
[CV] learning_rate_init=0.01, hidden_layer_sizes=(5, 10, 10, 10, 20), batch_size=30, alpha=1 
[CV]  learning_rate_init=0.01, hidden_layer_sizes=(5, 10, 10, 10, 20), batch_size=30, alpha=1, total=   1.3s
[CV] learning_rate_init=0.01, hidden_layer_sizes=(5, 5, 20, 20, 20), batch_size=30, alpha=5 
[CV]  learning_rate_init=0.01, hidden_layer_sizes=(5, 5, 20, 20, 20), batch_size=30, alpha=5, total=   0.7s
[CV] learning_rate_init=0.001, hidden_layer_sizes=(5, 5, 10, 10, 10), batch_size=200, alpha=0.01 
[CV]  learning_rate_init=0.001, hidden_layer_sizes=(5, 5, 10, 10, 10), batch_size=200, alpha=0.01, total=   0.1s
[CV] learning_rate_init=1, hidden_layer_sizes=(10, 20, 20), batch_size=10, alpha=1 
[CV]  learning_rate_init=1, hidden_layer_sizes=(10, 20, 20), batch_size=10, alpha=1, total=   7.0s
[CV] learning_rate_init=0.01, hidden_layer_sizes=(10, 20, 20), batch_size=30, alpha=10 
[CV]  learning_rate_init=0.01, hidden_layer_sizes=(10, 20, 20), batch_size=30, alpha=10, total=   0.6s
[CV] learning_rate_init=0.01, hidden_layer_sizes=(10, 10, 20), batch_size=30, alpha=5 
[CV]  learning_rate_init=0.01, hidden_layer_sizes=(10, 10, 20), batch_size=30, alpha=5, total=   0.7s
[CV] learning_rate_init=0.1, hidden_layer_sizes=(5, 5, 5, 5, 20), batch_size=10, alpha=1 
[CV]  learning_rate_init=0.1, hidden_layer_sizes=(5, 5, 5, 5, 20), batch_size=10, alpha=1, total=   1.3s
[CV] learning_rate_init=5, hidden_layer_sizes=(5, 5, 10, 10, 10), batch_size=30, alpha=10 
[CV]  learning_rate_init=5, hidden_layer_sizes=(5, 5, 10, 10, 10), batch_size=30, alpha=10, total=   3.3s
[CV] learning_rate_init=1, hidden_layer_sizes=(10, 10, 10), batch_size=1, alpha=1 
[CV]  learning_rate_init=1, hidden_layer_sizes=(10, 10, 10), batch_size=1, alpha=1, total=  50.8s
[CV] learning_rate_init=0.1, hidden_layer_sizes=(5, 5, 5), batch_size=1, alpha=1 
[CV]  learning_rate_init=0.1, hidden_layer_sizes=(5, 5, 5), batch_size=1, alpha=1, total=   6.7s
[CV] learning_rate_init=0.001, hidden_layer_sizes=(20, 20, 20), batch_size=30, alpha=5 
[CV]  learning_rate_init=0.001, hidden_layer_sizes=(20, 20, 20), batch_size=30, alpha=5, total=   0.3s
[CV] learning_rate_init=5, hidden_layer_sizes=(20, 20, 20), batch_size=200, alpha=10 
[CV]  learning_rate_init=5, hidden_layer_sizes=(20, 20, 20), batch_size=200, alpha=10, total=   0.1s
[CV] learning_rate_init=0.01, hidden_layer_sizes=(10,), batch_size=1, alpha=10 
[CV]  learning_rate_init=0.01, hidden_layer_sizes=(10,), batch_size=1, alpha=10, total=   9.1s
[CV] learning_rate_init=1, hidden_layer_sizes=(5, 20, 20, 20, 20), batch_size=200, alpha=1 
[CV]  learning_rate_init=1, hidden_layer_sizes=(5, 20, 20, 20, 20), batch_size=200, alpha=1, total=   0.1s
[CV] learning_rate_init=1, hidden_layer_sizes=(5, 5, 5, 5, 10), batch_size=200, alpha=0.01 
[CV]  learning_rate_init=1, hidden_layer_sizes=(5, 5, 5, 5, 10), batch_size=200, alpha=0.01, total=   0.1s
[CV] learning_rate_init=0.01, hidden_layer_sizes=(5, 10, 20, 20, 20), batch_size=200, alpha=5 
[CV]  learning_rate_init=0.01, hidden_layer_sizes=(5, 10, 20, 20, 20), batch_size=200, alpha=5, total=   0.1s
[CV] learning_rate_init=0.001, hidden_layer_sizes=(20, 20, 20), batch_size=200, alpha=5 
[CV]  learning_rate_init=0.001, hidden_layer_sizes=(20, 20, 20), batch_size=200, alpha=5, total=   0.2s
[CV] learning_rate_init=0.01, hidden_layer_sizes=(5, 5, 5, 10, 20), batch_size=1, alpha=5 
[CV]  learning_rate_init=0.01, hidden_layer_sizes=(5, 5, 5, 10, 20), batch_size=1, alpha=5, total=   8.1s
[CV] learning_rate_init=5, hidden_layer_sizes=(5, 10, 10, 20, 20), batch_size=30, alpha=0.01 
[CV]  learning_rate_init=5, hidden_layer_sizes=(5, 10, 10, 20, 20), batch_size=30, alpha=0.01, total=   3.5s
[CV] learning_rate_init=0.1, hidden_layer_sizes=(5,), batch_size=1, alpha=1 
[CV]  learning_rate_init=0.1, hidden_layer_sizes=(5,), batch_size=1, alpha=1, total=   3.1s
[CV] learning_rate_init=0.01, hidden_layer_sizes=(10, 20, 20, 20, 20), batch_size=30, alpha=1 
[CV]  learning_rate_init=0.01, hidden_layer_sizes=(10, 20, 20, 20, 20), batch_size=30, alpha=1, total=   0.3s
[CV] learning_rate_init=1, hidden_layer_sizes=(20, 20, 20), batch_size=30, alpha=10 
[CV]  learning_rate_init=1, hidden_layer_sizes=(20, 20, 20), batch_size=30, alpha=10, total=   2.8s
[CV] learning_rate_init=0.1, hidden_layer_sizes=(10, 20, 20), batch_size=10, alpha=0.01 
[CV]  learning_rate_init=0.1, hidden_layer_sizes=(10, 20, 20), batch_size=10, alpha=0.01, total=   1.0s
[CV] learning_rate_init=5, hidden_layer_sizes=(10, 10, 10, 10, 10), batch_size=10, alpha=10 
[CV]  learning_rate_init=5, hidden_layer_sizes=(10, 10, 10, 10, 10), batch_size=10, alpha=10, total=   8.6s
[CV] learning_rate_init=0.1, hidden_layer_sizes=(5, 20, 20), batch_size=10, alpha=5 
[CV]  learning_rate_init=0.1, hidden_layer_sizes=(5, 20, 20), batch_size=10, alpha=5, total=   1.1s
[CV] learning_rate_init=0.1, hidden_layer_sizes=(5, 5, 5), batch_size=1, alpha=1 
[CV]  learning_rate_init=0.1, hidden_layer_sizes=(5, 5, 5), batch_size=1, alpha=1, total=   7.3s
[CV] learning_rate_init=1, hidden_layer_sizes=(10, 20, 20), batch_size=10, alpha=1 
[CV]  learning_rate_init=1, hidden_layer_sizes=(10, 20, 20), batch_size=10, alpha=1, total=   6.8s
[CV] learning_rate_init=0.01, hidden_layer_sizes=(10, 20, 20), batch_size=30, alpha=10 
[CV]  learning_rate_init=0.01, hidden_layer_sizes=(10, 20, 20), batch_size=30, alpha=10, total=   1.1s
[CV] learning_rate_init=0.01, hidden_layer_sizes=(10, 10, 20), batch_size=30, alpha=5 
[CV]  learning_rate_init=0.01, hidden_layer_sizes=(10, 10, 20), batch_size=30, alpha=5, total=   0.5s
[CV] learning_rate_init=1, hidden_layer_sizes=(5, 20, 20, 20, 20), batch_size=200, alpha=1 
[CV]  learning_rate_init=1, hidden_layer_sizes=(5, 20, 20, 20, 20), batch_size=200, alpha=1, total=   0.1s
[CV] learning_rate_init=5, hidden_layer_sizes=(5, 5, 10, 10, 10), batch_size=30, alpha=10 
[CV]  learning_rate_init=5, hidden_layer_sizes=(5, 5, 10, 10, 10), batch_size=30, alpha=10, total=   3.2s
[CV] learning_rate_init=1, hidden_layer_sizes=(10, 10, 10), batch_size=1, alpha=1 
[CV]  learning_rate_init=1, hidden_layer_sizes=(10, 10, 10), batch_size=1, alpha=1, total=  49.3s
[CV] learning_rate_init=1, hidden_layer_sizes=(20,), batch_size=30, alpha=10 
[CV]  learning_rate_init=1, hidden_layer_sizes=(20,), batch_size=30, alpha=10, total=   1.7s
[CV] learning_rate_init=0.01, hidden_layer_sizes=(5, 10, 10, 10, 20), batch_size=30, alpha=1 
[CV]  learning_rate_init=0.01, hidden_layer_sizes=(5, 10, 10, 10, 20), batch_size=30, alpha=1, total=   0.4s
[CV] learning_rate_init=0.01, hidden_layer_sizes=(5, 10, 10, 10, 20), batch_size=30, alpha=1 
[CV]  learning_rate_init=0.01, hidden_layer_sizes=(5, 10, 10, 10, 20), batch_size=30, alpha=1, total=   0.2s
[CV] learning_rate_init=0.01, hidden_layer_sizes=(5, 10, 10, 10, 20), batch_size=30, alpha=1 
[CV]  learning_rate_init=0.01, hidden_layer_sizes=(5, 10, 10, 10, 20), batch_size=30, alpha=1, total=   0.2s
[CV] learning_rate_init=0.01, hidden_layer_sizes=(5, 5, 20, 20, 20), batch_size=30, alpha=5 
[CV]  learning_rate_init=0.01, hidden_layer_sizes=(5, 5, 20, 20, 20), batch_size=30, alpha=5, total=   1.0s
[CV] learning_rate_init=0.001, hidden_layer_sizes=(5, 5, 10, 10, 10), batch_size=200, alpha=0.01 
[CV]  learning_rate_init=0.001, hidden_layer_sizes=(5, 5, 10, 10, 10), batch_size=200, alpha=0.01, total=   0.1s
[CV] learning_rate_init=0.1, hidden_layer_sizes=(20, 20, 20, 20, 20), batch_size=200, alpha=5 
[CV]  learning_rate_init=0.1, hidden_layer_sizes=(20, 20, 20, 20, 20), batch_size=200, alpha=5, total=   0.4s
[CV] learning_rate_init=0.01, hidden_layer_sizes=(10,), batch_size=1, alpha=10 
[CV]  learning_rate_init=0.01, hidden_layer_sizes=(10,), batch_size=1, alpha=10, total=   2.1s
[CV] learning_rate_init=0.01, hidden_layer_sizes=(5,), batch_size=1, alpha=0.01 
[CV]  learning_rate_init=0.01, hidden_layer_sizes=(5,), batch_size=1, alpha=0.01, total=   4.5s
[CV] learning_rate_init=1, hidden_layer_sizes=(10, 20, 20), batch_size=200, alpha=1 
[CV]  learning_rate_init=1, hidden_layer_sizes=(10, 20, 20), batch_size=200, alpha=1, total=   0.1s
[CV] learning_rate_init=5, hidden_layer_sizes=(5, 10, 20, 20, 20), batch_size=200, alpha=1 
[CV]  learning_rate_init=5, hidden_layer_sizes=(5, 10, 20, 20, 20), batch_size=200, alpha=1, total=   0.1s
[CV] learning_rate_init=1, hidden_layer_sizes=(10, 10, 10), batch_size=1, alpha=1 
[CV]  learning_rate_init=1, hidden_layer_sizes=(10, 10, 10), batch_size=1, alpha=1, total=  48.5s
[CV] learning_rate_init=0.1, hidden_layer_sizes=(10, 10, 20, 20, 20), batch_size=1, alpha=0.01 
[CV]  learning_rate_init=0.1, hidden_layer_sizes=(10, 10, 20, 20, 20), batch_size=1, alpha=0.01, total=   5.9s
[CV] learning_rate_init=0.01, hidden_layer_sizes=(5, 5, 20, 20, 20), batch_size=30, alpha=5 
[CV]  learning_rate_init=0.01, hidden_layer_sizes=(5, 5, 20, 20, 20), batch_size=30, alpha=5, total=   0.8s
[CV] learning_rate_init=0.001, hidden_layer_sizes=(5, 5, 10, 10, 10), batch_size=200, alpha=0.01 
[CV]  learning_rate_init=0.001, hidden_layer_sizes=(5, 5, 10, 10, 10), batch_size=200, alpha=0.01, total=   0.1s
[CV] learning_rate_init=0.1, hidden_layer_sizes=(20, 20, 20, 20, 20), batch_size=200, alpha=5 
[CV]  learning_rate_init=0.1, hidden_layer_sizes=(20, 20, 20, 20, 20), batch_size=200, alpha=5, total=   0.2s
[CV] learning_rate_init=0.01, hidden_layer_sizes=(10,), batch_size=1, alpha=10 
[CV]  learning_rate_init=0.01, hidden_layer_sizes=(10,), batch_size=1, alpha=10, total=   7.6s
[CV] learning_rate_init=0.1, hidden_layer_sizes=(5, 5, 5, 5, 20), batch_size=10, alpha=1 
[CV]  learning_rate_init=0.1, hidden_layer_sizes=(5, 5, 5, 5, 20), batch_size=10, alpha=1, total=   1.0s
[CV] learning_rate_init=1, hidden_layer_sizes=(10, 20, 20), batch_size=200, alpha=1 
[CV]  learning_rate_init=1, hidden_layer_sizes=(10, 20, 20), batch_size=200, alpha=1, total=   0.1s
[CV] learning_rate_init=0.01, hidden_layer_sizes=(5, 10, 20, 20, 20), batch_size=200, alpha=5 
[CV]  learning_rate_init=0.01, hidden_layer_sizes=(5, 10, 20, 20, 20), batch_size=200, alpha=5, total=   0.1s
[CV] learning_rate_init=0.01, hidden_layer_sizes=(10, 10, 10, 20, 20), batch_size=30, alpha=0.01 
[CV]  learning_rate_init=0.01, hidden_layer_sizes=(10, 10, 10, 20, 20), batch_size=30, alpha=0.01, total=   0.3s
[CV] learning_rate_init=0.01, hidden_layer_sizes=(5, 5, 5, 10, 20), batch_size=1, alpha=5 
[CV]  learning_rate_init=0.01, hidden_layer_sizes=(5, 5, 5, 10, 20), batch_size=1, alpha=5, total=   9.8s
[CV] learning_rate_init=5, hidden_layer_sizes=(5, 10, 10, 20, 20), batch_size=30, alpha=0.01 
[CV]  learning_rate_init=5, hidden_layer_sizes=(5, 10, 10, 20, 20), batch_size=30, alpha=0.01, total=   3.5s
[CV] learning_rate_init=0.1, hidden_layer_sizes=(5,), batch_size=1, alpha=1 
[CV]  learning_rate_init=0.1, hidden_layer_sizes=(5,), batch_size=1, alpha=1, total=   6.7s
[CV] learning_rate_init=0.1, hidden_layer_sizes=(10, 20, 20), batch_size=10, alpha=0.01 
[CV]  learning_rate_init=0.1, hidden_layer_sizes=(10, 20, 20), batch_size=10, alpha=0.01, total=   0.4s
[CV] learning_rate_init=1, hidden_layer_sizes=(5, 5, 5, 5, 20), batch_size=30, alpha=1 
[CV]  learning_rate_init=1, hidden_layer_sizes=(5, 5, 5, 5, 20), batch_size=30, alpha=1, total=   3.2s
[CV] learning_rate_init=5, hidden_layer_sizes=(10, 10, 10, 10, 10), batch_size=10, alpha=10 
[CV]  learning_rate_init=5, hidden_layer_sizes=(10, 10, 10, 10, 10), batch_size=10, alpha=10, total=   8.6s
[CV] learning_rate_init=1, hidden_layer_sizes=(20,), batch_size=30, alpha=10 
[CV]  learning_rate_init=1, hidden_layer_sizes=(20,), batch_size=30, alpha=10, total=   1.7s
[CV] learning_rate_init=0.1, hidden_layer_sizes=(5, 5, 5), batch_size=1, alpha=1 
[CV]  learning_rate_init=0.1, hidden_layer_sizes=(5, 5, 5), batch_size=1, alpha=1, total=   6.2s
[CV] learning_rate_init=1, hidden_layer_sizes=(10, 20, 20), batch_size=10, alpha=1 
[CV]  learning_rate_init=1, hidden_layer_sizes=(10, 20, 20), batch_size=10, alpha=1, total=   6.9s
[CV] learning_rate_init=0.01, hidden_layer_sizes=(10, 20, 20), batch_size=30, alpha=10 
[CV]  learning_rate_init=0.01, hidden_layer_sizes=(10, 20, 20), batch_size=30, alpha=10, total=   0.5s
[CV] learning_rate_init=0.01, hidden_layer_sizes=(10, 10, 20), batch_size=30, alpha=5 
[CV]  learning_rate_init=0.01, hidden_layer_sizes=(10, 10, 20), batch_size=30, alpha=5, total=   0.8s
[CV] learning_rate_init=1, hidden_layer_sizes=(5, 20, 20, 20, 20), batch_size=200, alpha=1 
[CV]  learning_rate_init=1, hidden_layer_sizes=(5, 20, 20, 20, 20), batch_size=200, alpha=1, total=   0.1s
[CV] learning_rate_init=5, hidden_layer_sizes=(5, 5, 10, 10, 10), batch_size=30, alpha=10 
[CV]  learning_rate_init=5, hidden_layer_sizes=(5, 5, 10, 10, 10), batch_size=30, alpha=10, total=   3.3s
[CV] learning_rate_init=1, hidden_layer_sizes=(10, 10, 10), batch_size=1, alpha=1 
[CV]  learning_rate_init=1, hidden_layer_sizes=(10, 10, 10), batch_size=1, alpha=1, total=  50.4s
[CV] learning_rate_init=1, hidden_layer_sizes=(20,), batch_size=30, alpha=10 
[CV]  learning_rate_init=1, hidden_layer_sizes=(20,), batch_size=30, alpha=10, total=   1.7s
[CV] learning_rate_init=0.01, hidden_layer_sizes=(5, 10, 10, 10, 20), batch_size=30, alpha=1 
[CV]  learning_rate_init=0.01, hidden_layer_sizes=(5, 10, 10, 10, 20), batch_size=30, alpha=1, total=   1.3s
[CV] learning_rate_init=0.01, hidden_layer_sizes=(5, 10, 10, 10, 20), batch_size=30, alpha=1 
[CV]  learning_rate_init=0.01, hidden_layer_sizes=(5, 10, 10, 10, 20), batch_size=30, alpha=1, total=   0.4s
[CV] learning_rate_init=0.01, hidden_layer_sizes=(5, 5, 20, 20, 20), batch_size=30, alpha=5 
[CV]  learning_rate_init=0.01, hidden_layer_sizes=(5, 5, 20, 20, 20), batch_size=30, alpha=5, total=   0.7s
[CV] learning_rate_init=0.001, hidden_layer_sizes=(5, 5, 10, 10, 10), batch_size=200, alpha=0.01 
[CV]  learning_rate_init=0.001, hidden_layer_sizes=(5, 5, 10, 10, 10), batch_size=200, alpha=0.01, total=   0.2s
[CV] learning_rate_init=0.1, hidden_layer_sizes=(20, 20, 20, 20, 20), batch_size=200, alpha=5 
[CV]  learning_rate_init=0.1, hidden_layer_sizes=(20, 20, 20, 20, 20), batch_size=200, alpha=5, total=   0.4s
[CV] learning_rate_init=0.1, hidden_layer_sizes=(10, 20, 20), batch_size=200, alpha=1 
[CV]  learning_rate_init=0.1, hidden_layer_sizes=(10, 20, 20), batch_size=200, alpha=1, total=   0.1s
[CV] learning_rate_init=0.01, hidden_layer_sizes=(5,), batch_size=1, alpha=0.01 
[CV]  learning_rate_init=0.01, hidden_layer_sizes=(5,), batch_size=1, alpha=0.01, total=   5.8s
[CV] learning_rate_init=1, hidden_layer_sizes=(10, 20, 20), batch_size=200, alpha=1 
[CV]  learning_rate_init=1, hidden_layer_sizes=(10, 20, 20), batch_size=200, alpha=1, total=   0.1s
[CV] learning_rate_init=5, hidden_layer_sizes=(5, 10, 20, 20, 20), batch_size=200, alpha=1 
[CV]  learning_rate_init=5, hidden_layer_sizes=(5, 10, 20, 20, 20), batch_size=200, alpha=1, total=   0.1s
[CV] learning_rate_init=0.01, hidden_layer_sizes=(10, 10, 10, 20, 20), batch_size=30, alpha=0.01 
[CV]  learning_rate_init=0.01, hidden_layer_sizes=(10, 10, 10, 20, 20), batch_size=30, alpha=0.01, total=   0.3s
[CV] learning_rate_init=0.001, hidden_layer_sizes=(20, 20, 20), batch_size=200, alpha=5 
[CV]  learning_rate_init=0.001, hidden_layer_sizes=(20, 20, 20), batch_size=200, alpha=5, total=   0.1s
[CV] learning_rate_init=0.01, hidden_layer_sizes=(5, 5, 10, 10, 20), batch_size=10, alpha=5 
[CV]  learning_rate_init=0.01, hidden_layer_sizes=(5, 5, 10, 10, 20), batch_size=10, alpha=5, total=   1.2s
[CV] learning_rate_init=0.01, hidden_layer_sizes=(5, 5, 10, 10, 20), batch_size=10, alpha=5 
[CV]  learning_rate_init=0.01, hidden_layer_sizes=(5, 5, 10, 10, 20), batch_size=10, alpha=5, total=   0.8s
[CV] learning_rate_init=0.001, hidden_layer_sizes=(5, 5, 5), batch_size=200, alpha=5 
[CV]  learning_rate_init=0.001, hidden_layer_sizes=(5, 5, 5), batch_size=200, alpha=5, total=   0.1s
[CV] learning_rate_init=0.001, hidden_layer_sizes=(5, 5, 5), batch_size=200, alpha=5 
[CV]  learning_rate_init=0.001, hidden_layer_sizes=(5, 5, 5), batch_size=200, alpha=5, total=   0.1s
[CV] learning_rate_init=0.001, hidden_layer_sizes=(5, 5, 5), batch_size=200, alpha=5 
[CV]  learning_rate_init=0.001, hidden_layer_sizes=(5, 5, 5), batch_size=200, alpha=5, total=   0.1s
[CV] learning_rate_init=0.001, hidden_layer_sizes=(5, 5, 10), batch_size=10, alpha=10 
[CV]  learning_rate_init=0.001, hidden_layer_sizes=(5, 5, 10), batch_size=10, alpha=10, total=   1.7s
[CV] learning_rate_init=0.001, hidden_layer_sizes=(20,), batch_size=10, alpha=1 
[CV]  learning_rate_init=0.001, hidden_layer_sizes=(20,), batch_size=10, alpha=1, total=   0.9s
[CV] learning_rate_init=5, hidden_layer_sizes=(10, 10, 10), batch_size=10, alpha=10 
[CV]  learning_rate_init=5, hidden_layer_sizes=(10, 10, 10), batch_size=10, alpha=10, total=   6.1s
[CV] learning_rate_init=1, hidden_layer_sizes=(20, 20, 20), batch_size=30, alpha=10 
[CV]  learning_rate_init=1, hidden_layer_sizes=(20, 20, 20), batch_size=30, alpha=10, total=   2.8s
[CV] learning_rate_init=0.1, hidden_layer_sizes=(10, 20, 20), batch_size=10, alpha=0.01 
[CV]  learning_rate_init=0.1, hidden_layer_sizes=(10, 20, 20), batch_size=10, alpha=0.01, total=   0.4s
[CV] learning_rate_init=5, hidden_layer_sizes=(10, 10, 10, 10, 10), batch_size=10, alpha=10 
[CV]  learning_rate_init=5, hidden_layer_sizes=(10, 10, 10, 10, 10), batch_size=10, alpha=10, total=   8.6s
[CV] learning_rate_init=0.001, hidden_layer_sizes=(10, 10, 10, 10, 10), batch_size=10, alpha=0.01 
[CV]  learning_rate_init=0.001, hidden_layer_sizes=(10, 10, 10, 10, 10), batch_size=10, alpha=0.01, total=   0.6s
[CV] learning_rate_init=0.1, hidden_layer_sizes=(5, 20, 20), batch_size=10, alpha=5 
[CV]  learning_rate_init=0.1, hidden_layer_sizes=(5, 20, 20), batch_size=10, alpha=5, total=   0.5s
[CV] learning_rate_init=0.1, hidden_layer_sizes=(10, 10, 20, 20, 20), batch_size=1, alpha=0.01 
[CV]  learning_rate_init=0.1, hidden_layer_sizes=(10, 10, 20, 20, 20), batch_size=1, alpha=0.01, total=   6.9s
[CV] learning_rate_init=0.001, hidden_layer_sizes=(5, 5, 10, 10, 10), batch_size=200, alpha=0.01 
[CV]  learning_rate_init=0.001, hidden_layer_sizes=(5, 5, 10, 10, 10), batch_size=200, alpha=0.01, total=   0.2s
[CV] learning_rate_init=5, hidden_layer_sizes=(10, 10, 20), batch_size=1, alpha=1 
[CV]  learning_rate_init=5, hidden_layer_sizes=(10, 10, 20), batch_size=1, alpha=1, total=  52.0s
[CV] learning_rate_init=5, hidden_layer_sizes=(10, 10, 10), batch_size=10, alpha=10 
[CV]  learning_rate_init=5, hidden_layer_sizes=(10, 10, 10), batch_size=10, alpha=10, total=   6.1s
[CV] learning_rate_init=0.1, hidden_layer_sizes=(10, 10, 10, 10, 10), batch_size=30, alpha=1 
[CV]  learning_rate_init=0.1, hidden_layer_sizes=(10, 10, 10, 10, 10), batch_size=30, alpha=1, total=   0.4s
[CV] learning_rate_init=0.001, hidden_layer_sizes=(5, 10, 10, 10, 20), batch_size=1, alpha=1 
[CV]  learning_rate_init=0.001, hidden_layer_sizes=(5, 10, 10, 10, 20), batch_size=1, alpha=1, total=   9.8s
[CV] learning_rate_init=0.1, hidden_layer_sizes=(5, 5, 5, 10, 20), batch_size=200, alpha=5 
[CV]  learning_rate_init=0.1, hidden_layer_sizes=(5, 5, 5, 10, 20), batch_size=200, alpha=5, total=   0.2s
[CV] learning_rate_init=0.1, hidden_layer_sizes=(5, 5, 5, 10, 20), batch_size=200, alpha=5 
[CV]  learning_rate_init=0.1, hidden_layer_sizes=(5, 5, 5, 10, 20), batch_size=200, alpha=5, total=   0.1s
[CV] learning_rate_init=0.1, hidden_layer_sizes=(5, 5, 5, 10, 20), batch_size=200, alpha=5 
[CV]  learning_rate_init=0.1, hidden_layer_sizes=(5, 5, 5, 10, 20), batch_size=200, alpha=5, total=   0.1s
[CV] learning_rate_init=0.1, hidden_layer_sizes=(5, 5, 5, 10, 20), batch_size=200, alpha=5 
[CV]  learning_rate_init=0.1, hidden_layer_sizes=(5, 5, 5, 10, 20), batch_size=200, alpha=5, total=   0.1s
[CV] learning_rate_init=0.1, hidden_layer_sizes=(5, 5, 5, 10, 20), batch_size=200, alpha=5 
[CV]  learning_rate_init=0.1, hidden_layer_sizes=(5, 5, 5, 10, 20), batch_size=200, alpha=5, total=   0.3s
[CV] learning_rate_init=0.001, hidden_layer_sizes=(10, 10, 10, 10, 10), batch_size=10, alpha=0.01 
[CV]  learning_rate_init=0.001, hidden_layer_sizes=(10, 10, 10, 10, 10), batch_size=10, alpha=0.01, total=   1.0s
[CV] learning_rate_init=0.001, hidden_layer_sizes=(10, 10, 10, 10, 10), batch_size=10, alpha=0.01 
[CV]  learning_rate_init=0.001, hidden_layer_sizes=(10, 10, 10, 10, 10), batch_size=10, alpha=0.01, total=   0.6s
[CV] learning_rate_init=0.1, hidden_layer_sizes=(5, 20, 20), batch_size=10, alpha=5 
[CV]  learning_rate_init=0.1, hidden_layer_sizes=(5, 20, 20), batch_size=10, alpha=5, total=   1.5s
[CV] learning_rate_init=0.1, hidden_layer_sizes=(5, 5, 5), batch_size=1, alpha=1 
[CV]  learning_rate_init=0.1, hidden_layer_sizes=(5, 5, 5), batch_size=1, alpha=1, total=   8.9s
[CV] learning_rate_init=5, hidden_layer_sizes=(20, 20, 20), batch_size=200, alpha=10 
[CV]  learning_rate_init=5, hidden_layer_sizes=(20, 20, 20), batch_size=200, alpha=10, total=   0.2s
[CV] learning_rate_init=0.01, hidden_layer_sizes=(10,), batch_size=1, alpha=10 
[CV]  learning_rate_init=0.01, hidden_layer_sizes=(10,), batch_size=1, alpha=10, total=   5.4s
[CV] learning_rate_init=0.1, hidden_layer_sizes=(5, 5, 5, 5, 20), batch_size=10, alpha=1 
[CV]  learning_rate_init=0.1, hidden_layer_sizes=(5, 5, 5, 5, 20), batch_size=10, alpha=1, total=   0.9s
[CV] learning_rate_init=0.1, hidden_layer_sizes=(5, 10, 10, 20, 20), batch_size=30, alpha=5 
[CV]  learning_rate_init=0.1, hidden_layer_sizes=(5, 10, 10, 20, 20), batch_size=30, alpha=5, total=   0.5s
[CV] learning_rate_init=5, hidden_layer_sizes=(5, 10, 20, 20, 20), batch_size=200, alpha=1 
[CV]  learning_rate_init=5, hidden_layer_sizes=(5, 10, 20, 20, 20), batch_size=200, alpha=1, total=   0.1s
[CV] learning_rate_init=1, hidden_layer_sizes=(10, 10, 10), batch_size=1, alpha=1 
[CV]  learning_rate_init=1, hidden_layer_sizes=(10, 10, 10), batch_size=1, alpha=1, total=  49.8s
[CV] learning_rate_init=0.1, hidden_layer_sizes=(5, 5, 5), batch_size=1, alpha=1 
[CV]  learning_rate_init=0.1, hidden_layer_sizes=(5, 5, 5), batch_size=1, alpha=1, total=   8.7s
[CV] learning_rate_init=0.001, hidden_layer_sizes=(20, 20, 20), batch_size=30, alpha=5 
[CV]  learning_rate_init=0.001, hidden_layer_sizes=(20, 20, 20), batch_size=30, alpha=5, total=   1.3s
[CV] learning_rate_init=0.1, hidden_layer_sizes=(10, 20, 20), batch_size=200, alpha=1 
[CV]  learning_rate_init=0.1, hidden_layer_sizes=(10, 20, 20), batch_size=200, alpha=1, total=   0.1s
[CV] learning_rate_init=5, hidden_layer_sizes=(5, 5, 10, 10, 20), batch_size=10, alpha=10 
[CV]  learning_rate_init=5, hidden_layer_sizes=(5, 5, 10, 10, 20), batch_size=10, alpha=10, total=   8.7s
[CV] learning_rate_init=5, hidden_layer_sizes=(5, 5, 10, 10, 10), batch_size=30, alpha=10 
[CV]  learning_rate_init=5, hidden_layer_sizes=(5, 5, 10, 10, 10), batch_size=30, alpha=10, total=   3.2s
[CV] learning_rate_init=5, hidden_layer_sizes=(5, 5, 5, 10, 10), batch_size=1, alpha=5 
[CV]  learning_rate_init=5, hidden_layer_sizes=(5, 5, 5, 10, 10), batch_size=1, alpha=5, total= 1.1min
[CV] learning_rate_init=0.001, hidden_layer_sizes=(20, 20, 20), batch_size=30, alpha=5 
[CV]  learning_rate_init=0.001, hidden_layer_sizes=(20, 20, 20), batch_size=30, alpha=5, total=   1.0s
[CV] learning_rate_init=5, hidden_layer_sizes=(20, 20, 20), batch_size=200, alpha=10 
[CV]  learning_rate_init=5, hidden_layer_sizes=(20, 20, 20), batch_size=200, alpha=10, total=   0.1s
[CV] learning_rate_init=5, hidden_layer_sizes=(5, 5, 10, 10, 20), batch_size=10, alpha=10 
[CV]  learning_rate_init=5, hidden_layer_sizes=(5, 5, 10, 10, 20), batch_size=10, alpha=10, total=   8.6s
[CV] learning_rate_init=0.1, hidden_layer_sizes=(5, 10, 10, 20, 20), batch_size=30, alpha=5 
[CV]  learning_rate_init=0.1, hidden_layer_sizes=(5, 10, 10, 20, 20), batch_size=30, alpha=5, total=   0.3s
[CV] learning_rate_init=1, hidden_layer_sizes=(5, 5, 5, 5, 10), batch_size=200, alpha=0.01 
[CV]  learning_rate_init=1, hidden_layer_sizes=(5, 5, 5, 5, 10), batch_size=200, alpha=0.01, total=   0.1s
[CV] learning_rate_init=5, hidden_layer_sizes=(5, 5, 5, 10, 10), batch_size=1, alpha=5 
[CV]  learning_rate_init=5, hidden_layer_sizes=(5, 5, 5, 10, 10), batch_size=1, alpha=5, total= 1.1min
[CV] learning_rate_init=0.1, hidden_layer_sizes=(20, 20, 20, 20, 20), batch_size=200, alpha=5 
[CV]  learning_rate_init=0.1, hidden_layer_sizes=(20, 20, 20, 20, 20), batch_size=200, alpha=5, total=   0.4s
[CV] learning_rate_init=0.01, hidden_layer_sizes=(10,), batch_size=1, alpha=10 
[CV]  learning_rate_init=0.01, hidden_layer_sizes=(10,), batch_size=1, alpha=10, total=   4.1s
[CV] learning_rate_init=0.01, hidden_layer_sizes=(5,), batch_size=1, alpha=0.01 
[CV]  learning_rate_init=0.01, hidden_layer_sizes=(5,), batch_size=1, alpha=0.01, total=   3.2s
[CV] learning_rate_init=0.1, hidden_layer_sizes=(5, 10, 10, 20, 20), batch_size=30, alpha=5 
[CV]  learning_rate_init=0.1, hidden_layer_sizes=(5, 10, 10, 20, 20), batch_size=30, alpha=5, total=   0.3s
[CV] learning_rate_init=1, hidden_layer_sizes=(5, 5, 5, 5, 10), batch_size=200, alpha=0.01 
[CV]  learning_rate_init=1, hidden_layer_sizes=(5, 5, 5, 5, 10), batch_size=200, alpha=0.01, total=   0.1s
[CV] learning_rate_init=5, hidden_layer_sizes=(5, 5, 5, 10, 10), batch_size=1, alpha=5 
[CV]  learning_rate_init=5, hidden_layer_sizes=(5, 5, 5, 10, 10), batch_size=1, alpha=5, total= 1.1min
[CV] learning_rate_init=5, hidden_layer_sizes=(20, 20, 20), batch_size=200, alpha=10 
[CV]  learning_rate_init=5, hidden_layer_sizes=(20, 20, 20), batch_size=200, alpha=10, total=   0.1s
[CV] learning_rate_init=0.01, hidden_layer_sizes=(10,), batch_size=1, alpha=10 
[CV]  learning_rate_init=0.01, hidden_layer_sizes=(10,), batch_size=1, alpha=10, total=   2.9s
[CV] learning_rate_init=0.01, hidden_layer_sizes=(5,), batch_size=1, alpha=0.01 
[CV]  learning_rate_init=0.01, hidden_layer_sizes=(5,), batch_size=1, alpha=0.01, total=   3.7s
[CV] learning_rate_init=0.1, hidden_layer_sizes=(5, 10, 10, 20, 20), batch_size=30, alpha=5 
[CV]  learning_rate_init=0.1, hidden_layer_sizes=(5, 10, 10, 20, 20), batch_size=30, alpha=5, total=   0.4s
[CV] learning_rate_init=1, hidden_layer_sizes=(5, 5, 5, 5, 10), batch_size=200, alpha=0.01 
[CV]  learning_rate_init=1, hidden_layer_sizes=(5, 5, 5, 5, 10), batch_size=200, alpha=0.01, total=   0.1s
[CV] learning_rate_init=5, hidden_layer_sizes=(5, 5, 5, 10, 10), batch_size=1, alpha=5 
[CV]  learning_rate_init=5, hidden_layer_sizes=(5, 5, 5, 10, 10), batch_size=1, alpha=5, total= 1.1min
[CV] learning_rate_init=0.1, hidden_layer_sizes=(20, 20, 20, 20, 20), batch_size=200, alpha=5 
[CV]  learning_rate_init=0.1, hidden_layer_sizes=(20, 20, 20, 20, 20), batch_size=200, alpha=5, total=   0.5s
[CV] learning_rate_init=0.1, hidden_layer_sizes=(10, 20, 20), batch_size=200, alpha=1 
[CV]  learning_rate_init=0.1, hidden_layer_sizes=(10, 20, 20), batch_size=200, alpha=1, total=   0.1s
[CV] learning_rate_init=0.01, hidden_layer_sizes=(5,), batch_size=1, alpha=0.01 
[CV]  learning_rate_init=0.01, hidden_layer_sizes=(5,), batch_size=1, alpha=0.01, total=   2.9s
[CV] learning_rate_init=0.1, hidden_layer_sizes=(5, 5, 5, 5, 20), batch_size=10, alpha=1 
[CV]  learning_rate_init=0.1, hidden_layer_sizes=(5, 5, 5, 5, 20), batch_size=10, alpha=1, total=   0.7s
[CV] learning_rate_init=5, hidden_layer_sizes=(5, 5, 10, 10, 10), batch_size=30, alpha=10 
[CV]  learning_rate_init=5, hidden_layer_sizes=(5, 5, 10, 10, 10), batch_size=30, alpha=10, total=   3.2s
[CV] learning_rate_init=5, hidden_layer_sizes=(5, 5, 5, 10, 10), batch_size=1, alpha=5 
[CV]  learning_rate_init=5, hidden_layer_sizes=(5, 5, 5, 10, 10), batch_size=1, alpha=5, total= 1.1min
[CV] learning_rate_init=1, hidden_layer_sizes=(10, 20, 20), batch_size=10, alpha=1 
[CV]  learning_rate_init=1, hidden_layer_sizes=(10, 20, 20), batch_size=10, alpha=1, total=   6.8s
[CV] learning_rate_init=0.01, hidden_layer_sizes=(10, 20, 20), batch_size=30, alpha=10 
[CV]  learning_rate_init=0.01, hidden_layer_sizes=(10, 20, 20), batch_size=30, alpha=10, total=   0.4s
[CV] learning_rate_init=0.01, hidden_layer_sizes=(10, 10, 20), batch_size=30, alpha=5 
[CV]  learning_rate_init=0.01, hidden_layer_sizes=(10, 10, 20), batch_size=30, alpha=5, total=   0.6s
[CV] learning_rate_init=0.1, hidden_layer_sizes=(5, 5, 5, 5, 20), batch_size=10, alpha=1 
[CV]  learning_rate_init=0.1, hidden_layer_sizes=(5, 5, 5, 5, 20), batch_size=10, alpha=1, total=   0.9s
[CV] learning_rate_init=5, hidden_layer_sizes=(5, 5, 10, 10, 10), batch_size=30, alpha=10 
[CV]  learning_rate_init=5, hidden_layer_sizes=(5, 5, 10, 10, 10), batch_size=30, alpha=10, total=   3.2s
[CV] learning_rate_init=5, hidden_layer_sizes=(5, 5, 5, 10, 10), batch_size=1, alpha=5 
[CV]  learning_rate_init=5, hidden_layer_sizes=(5, 5, 5, 10, 10), batch_size=1, alpha=5, total= 1.1min
[CV] learning_rate_init=0.1, hidden_layer_sizes=(20, 20, 20, 20, 20), batch_size=200, alpha=5 
[CV]  learning_rate_init=0.1, hidden_layer_sizes=(20, 20, 20, 20, 20), batch_size=200, alpha=5, total=   0.2s
[CV] learning_rate_init=0.1, hidden_layer_sizes=(10, 20, 20), batch_size=200, alpha=1 
[CV]  learning_rate_init=0.1, hidden_layer_sizes=(10, 20, 20), batch_size=200, alpha=1, total=   0.1s
[CV] learning_rate_init=0.01, hidden_layer_sizes=(5,), batch_size=1, alpha=0.01 
[CV]  learning_rate_init=0.01, hidden_layer_sizes=(5,), batch_size=1, alpha=0.01, total=   7.7s
[CV] learning_rate_init=1, hidden_layer_sizes=(5, 5, 5, 5, 10), batch_size=200, alpha=0.01 
[CV]  learning_rate_init=1, hidden_layer_sizes=(5, 5, 5, 5, 10), batch_size=200, alpha=0.01, total=   0.1s
[CV] learning_rate_init=0.01, hidden_layer_sizes=(5, 10, 20, 20, 20), batch_size=200, alpha=5 
[CV]  learning_rate_init=0.01, hidden_layer_sizes=(5, 10, 20, 20, 20), batch_size=200, alpha=5, total=   0.1s
[CV] learning_rate_init=0.001, hidden_layer_sizes=(20, 20, 20), batch_size=200, alpha=5 
[CV]  learning_rate_init=0.001, hidden_layer_sizes=(20, 20, 20), batch_size=200, alpha=5, total=   0.2s
[CV] learning_rate_init=0.01, hidden_layer_sizes=(5, 5, 5, 10, 20), batch_size=1, alpha=5 
[CV]  learning_rate_init=0.01, hidden_layer_sizes=(5, 5, 5, 10, 20), batch_size=1, alpha=5, total=   4.7s
[CV] learning_rate_init=0.001, hidden_layer_sizes=(5, 5, 10), batch_size=10, alpha=10 
[CV]  learning_rate_init=0.001, hidden_layer_sizes=(5, 5, 10), batch_size=10, alpha=10, total=   2.0s
[CV] learning_rate_init=5, hidden_layer_sizes=(5, 10, 10, 20, 20), batch_size=30, alpha=0.01 
[CV]  learning_rate_init=5, hidden_layer_sizes=(5, 10, 10, 20, 20), batch_size=30, alpha=0.01, total=   3.5s
[CV] learning_rate_init=0.001, hidden_layer_sizes=(5, 5, 20), batch_size=10, alpha=1 
[CV]  learning_rate_init=0.001, hidden_layer_sizes=(5, 5, 20), batch_size=10, alpha=1, total=   0.6s
[CV] learning_rate_init=0.001, hidden_layer_sizes=(5, 5, 20), batch_size=10, alpha=1 
[CV]  learning_rate_init=0.001, hidden_layer_sizes=(5, 5, 20), batch_size=10, alpha=1, total=   0.9s
[CV] learning_rate_init=0.1, hidden_layer_sizes=(10, 10, 10, 10, 10), batch_size=30, alpha=1 
[CV]  learning_rate_init=0.1, hidden_layer_sizes=(10, 10, 10, 10, 10), batch_size=30, alpha=1, total=   0.3s
[CV] learning_rate_init=0.001, hidden_layer_sizes=(5, 10, 10, 10, 20), batch_size=1, alpha=1 
[CV]  learning_rate_init=0.001, hidden_layer_sizes=(5, 10, 10, 10, 20), batch_size=1, alpha=1, total=  14.4s
[CV] learning_rate_init=0.1, hidden_layer_sizes=(5, 20, 20), batch_size=10, alpha=5 
[CV]  learning_rate_init=0.1, hidden_layer_sizes=(5, 20, 20), batch_size=10, alpha=5, total=   0.8s
[CV] learning_rate_init=0.1, hidden_layer_sizes=(5, 20, 20), batch_size=10, alpha=5 
[CV]  learning_rate_init=0.1, hidden_layer_sizes=(5, 20, 20), batch_size=10, alpha=5, total=   0.5s
[CV] learning_rate_init=0.1, hidden_layer_sizes=(10, 10, 20, 20, 20), batch_size=1, alpha=0.01 
[CV]  learning_rate_init=0.1, hidden_layer_sizes=(10, 10, 20, 20, 20), batch_size=1, alpha=0.01, total=   6.5s
[CV] learning_rate_init=0.001, hidden_layer_sizes=(5, 20, 20), batch_size=1, alpha=10 
[CV]  learning_rate_init=0.001, hidden_layer_sizes=(5, 20, 20), batch_size=1, alpha=10, total=   4.1s
[CV] learning_rate_init=5, hidden_layer_sizes=(20, 20, 20), batch_size=200, alpha=10 
[CV]  learning_rate_init=5, hidden_layer_sizes=(20, 20, 20), batch_size=200, alpha=10, total=   0.2s
[CV] learning_rate_init=0.01, hidden_layer_sizes=(10,), batch_size=1, alpha=10 
[CV]  learning_rate_init=0.01, hidden_layer_sizes=(10,), batch_size=1, alpha=10, total=   5.4s
[CV] learning_rate_init=0.1, hidden_layer_sizes=(5, 5, 5, 5, 20), batch_size=10, alpha=1 
[CV]  learning_rate_init=0.1, hidden_layer_sizes=(5, 5, 5, 5, 20), batch_size=10, alpha=1, total=   0.9s
[CV] learning_rate_init=0.1, hidden_layer_sizes=(5, 10, 10, 20, 20), batch_size=30, alpha=5 
[CV]  learning_rate_init=0.1, hidden_layer_sizes=(5, 10, 10, 20, 20), batch_size=30, alpha=5, total=   0.2s
[CV] learning_rate_init=1, hidden_layer_sizes=(5, 5, 5, 5, 10), batch_size=200, alpha=0.01 
[CV]  learning_rate_init=1, hidden_layer_sizes=(5, 5, 5, 5, 10), batch_size=200, alpha=0.01, total=   0.1s
[CV] learning_rate_init=5, hidden_layer_sizes=(5, 5, 5, 10, 10), batch_size=1, alpha=5 
[CV]  learning_rate_init=5, hidden_layer_sizes=(5, 5, 5, 10, 10), batch_size=1, alpha=5, total= 1.1min
[CV] learning_rate_init=0.1, hidden_layer_sizes=(20, 20, 20, 20, 20), batch_size=200, alpha=5 
[CV]  learning_rate_init=0.1, hidden_layer_sizes=(20, 20, 20, 20, 20), batch_size=200, alpha=5, total=   0.4s
[CV] learning_rate_init=0.01, hidden_layer_sizes=(10,), batch_size=1, alpha=10 
[CV]  learning_rate_init=0.01, hidden_layer_sizes=(10,), batch_size=1, alpha=10, total=   5.3s
[CV] learning_rate_init=0.01, hidden_layer_sizes=(10, 10, 20), batch_size=30, alpha=5 
[CV]  learning_rate_init=0.01, hidden_layer_sizes=(10, 10, 20), batch_size=30, alpha=5, total=   0.8s
[CV] learning_rate_init=1, hidden_layer_sizes=(5, 20, 20, 20, 20), batch_size=200, alpha=1 
[CV]  learning_rate_init=1, hidden_layer_sizes=(5, 20, 20, 20, 20), batch_size=200, alpha=1, total=   0.1s
[CV] learning_rate_init=5, hidden_layer_sizes=(5, 5, 10, 10, 10), batch_size=30, alpha=10 
[CV]  learning_rate_init=5, hidden_layer_sizes=(5, 5, 10, 10, 10), batch_size=30, alpha=10, total=   3.2s
[CV] learning_rate_init=5, hidden_layer_sizes=(5, 5, 5, 10, 10), batch_size=1, alpha=5 
[CV]  learning_rate_init=5, hidden_layer_sizes=(5, 5, 5, 10, 10), batch_size=1, alpha=5, total= 1.1min
[CV] learning_rate_init=0.1, hidden_layer_sizes=(20, 20, 20, 20, 20), batch_size=200, alpha=5 
[CV]  learning_rate_init=0.1, hidden_layer_sizes=(20, 20, 20, 20, 20), batch_size=200, alpha=5, total=   0.4s
[CV] learning_rate_init=0.1, hidden_layer_sizes=(10, 20, 20), batch_size=200, alpha=1 
[CV]  learning_rate_init=0.1, hidden_layer_sizes=(10, 20, 20), batch_size=200, alpha=1, total=   0.1s
[CV] learning_rate_init=0.01, hidden_layer_sizes=(5,), batch_size=1, alpha=0.01 
[CV]  learning_rate_init=0.01, hidden_layer_sizes=(5,), batch_size=1, alpha=0.01, total=   4.5s
[CV] learning_rate_init=0.1, hidden_layer_sizes=(5, 10, 10, 20, 20), batch_size=30, alpha=5 
[CV]  learning_rate_init=0.1, hidden_layer_sizes=(5, 10, 10, 20, 20), batch_size=30, alpha=5, total=   0.4s
[CV] learning_rate_init=1, hidden_layer_sizes=(5, 5, 5, 5, 10), batch_size=200, alpha=0.01 
[CV]  learning_rate_init=1, hidden_layer_sizes=(5, 5, 5, 5, 10), batch_size=200, alpha=0.01, total=   0.1s
[CV] learning_rate_init=5, hidden_layer_sizes=(5, 5, 5, 10, 10), batch_size=1, alpha=5 
[CV]  learning_rate_init=5, hidden_layer_sizes=(5, 5, 5, 10, 10), batch_size=1, alpha=5, total= 1.1min
[CV] learning_rate_init=0.001, hidden_layer_sizes=(20, 20, 20), batch_size=30, alpha=5 
[CV]  learning_rate_init=0.001, hidden_layer_sizes=(20, 20, 20), batch_size=30, alpha=5, total=   1.3s
[CV] learning_rate_init=0.1, hidden_layer_sizes=(10, 20, 20), batch_size=200, alpha=1 
[CV]  learning_rate_init=0.1, hidden_layer_sizes=(10, 20, 20), batch_size=200, alpha=1, total=   0.1s
[CV] learning_rate_init=0.01, hidden_layer_sizes=(10, 20, 20), batch_size=30, alpha=10 
[CV]  learning_rate_init=0.01, hidden_layer_sizes=(10, 20, 20), batch_size=30, alpha=10, total=   0.6s
[CV] learning_rate_init=0.01, hidden_layer_sizes=(10, 10, 20), batch_size=30, alpha=5 
[CV]  learning_rate_init=0.01, hidden_layer_sizes=(10, 10, 20), batch_size=30, alpha=5, total=   0.3s
[CV] learning_rate_init=0.1, hidden_layer_sizes=(5, 5, 5, 5, 20), batch_size=10, alpha=1 
[CV]  learning_rate_init=0.1, hidden_layer_sizes=(5, 5, 5, 5, 20), batch_size=10, alpha=1, total=   1.3s
[CV] learning_rate_init=5, hidden_layer_sizes=(5, 5, 10, 10, 10), batch_size=30, alpha=10 
[CV]  learning_rate_init=5, hidden_layer_sizes=(5, 5, 10, 10, 10), batch_size=30, alpha=10, total=   3.2s
[CV] learning_rate_init=5, hidden_layer_sizes=(5, 5, 5, 10, 10), batch_size=1, alpha=5 
[CV]  learning_rate_init=5, hidden_layer_sizes=(5, 5, 5, 10, 10), batch_size=1, alpha=5, total= 1.1min
[CV] learning_rate_init=5, hidden_layer_sizes=(10, 10, 20), batch_size=1, alpha=1 
[CV]  learning_rate_init=5, hidden_layer_sizes=(10, 10, 20), batch_size=1, alpha=1, total=  51.8s
[CV] learning_rate_init=0.001, hidden_layer_sizes=(20,), batch_size=10, alpha=1 
[CV]  learning_rate_init=0.001, hidden_layer_sizes=(20,), batch_size=10, alpha=1, total=   0.8s
[CV] learning_rate_init=0.1, hidden_layer_sizes=(5,), batch_size=1, alpha=1 
[CV]  learning_rate_init=0.1, hidden_layer_sizes=(5,), batch_size=1, alpha=1, total=   4.0s
[CV] learning_rate_init=0.01, hidden_layer_sizes=(10, 20, 20, 20, 20), batch_size=30, alpha=1 
[CV]  learning_rate_init=0.01, hidden_layer_sizes=(10, 20, 20, 20, 20), batch_size=30, alpha=1, total=   0.3s
[CV] learning_rate_init=1, hidden_layer_sizes=(20, 20, 20), batch_size=30, alpha=10 
[CV]  learning_rate_init=1, hidden_layer_sizes=(20, 20, 20), batch_size=30, alpha=10, total=   2.9s
[CV] learning_rate_init=1, hidden_layer_sizes=(5, 5, 5, 5, 20), batch_size=30, alpha=1 
[CV]  learning_rate_init=1, hidden_layer_sizes=(5, 5, 5, 5, 20), batch_size=30, alpha=1, total=   3.3s
[CV] learning_rate_init=5, hidden_layer_sizes=(10, 10, 10, 10, 10), batch_size=10, alpha=10 
[CV]  learning_rate_init=5, hidden_layer_sizes=(10, 10, 10, 10, 10), batch_size=10, alpha=10, total=   8.6s
[CV] learning_rate_init=0.1, hidden_layer_sizes=(5, 20, 20), batch_size=10, alpha=5 
[CV]  learning_rate_init=0.1, hidden_layer_sizes=(5, 20, 20), batch_size=10, alpha=5, total=   0.7s
[CV] learning_rate_init=0.1, hidden_layer_sizes=(10, 10, 20, 20, 20), batch_size=1, alpha=0.01 
[CV]  learning_rate_init=0.1, hidden_layer_sizes=(10, 10, 20, 20, 20), batch_size=1, alpha=0.01, total=  14.7s
[CV] learning_rate_init=0.001, hidden_layer_sizes=(20, 20, 20), batch_size=30, alpha=5 
[CV]  learning_rate_init=0.001, hidden_layer_sizes=(20, 20, 20), batch_size=30, alpha=5, total=   0.6s
[CV] learning_rate_init=5, hidden_layer_sizes=(20, 20, 20), batch_size=200, alpha=10 
[CV]  learning_rate_init=5, hidden_layer_sizes=(20, 20, 20), batch_size=200, alpha=10, total=   0.1s
[CV] learning_rate_init=5, hidden_layer_sizes=(5, 5, 10, 10, 20), batch_size=10, alpha=10 
[CV]  learning_rate_init=5, hidden_layer_sizes=(5, 5, 10, 10, 20), batch_size=10, alpha=10, total=   8.8s
[CV] learning_rate_init=1, hidden_layer_sizes=(5, 20, 20, 20, 20), batch_size=200, alpha=1 
[CV]  learning_rate_init=1, hidden_layer_sizes=(5, 20, 20, 20, 20), batch_size=200, alpha=1, total=   0.1s
[CV] learning_rate_init=1, hidden_layer_sizes=(5, 5, 5, 5, 10), batch_size=200, alpha=0.01 
[CV]  learning_rate_init=1, hidden_layer_sizes=(5, 5, 5, 5, 10), batch_size=200, alpha=0.01, total=   0.1s
[CV] learning_rate_init=0.01, hidden_layer_sizes=(5, 10, 20, 20, 20), batch_size=200, alpha=5 
[CV]  learning_rate_init=0.01, hidden_layer_sizes=(5, 10, 20, 20, 20), batch_size=200, alpha=5, total=   0.1s
[CV] learning_rate_init=0.001, hidden_layer_sizes=(20, 20, 20), batch_size=200, alpha=5 
[CV]  learning_rate_init=0.001, hidden_layer_sizes=(20, 20, 20), batch_size=200, alpha=5, total=   0.4s
[CV] learning_rate_init=0.01, hidden_layer_sizes=(5, 5, 5, 10, 20), batch_size=1, alpha=5 
[CV]  learning_rate_init=0.01, hidden_layer_sizes=(5, 5, 5, 10, 20), batch_size=1, alpha=5, total=   4.8s
[CV] learning_rate_init=0.001, hidden_layer_sizes=(5, 5, 10), batch_size=10, alpha=10 
[CV]  learning_rate_init=0.001, hidden_layer_sizes=(5, 5, 10), batch_size=10, alpha=10, total=   1.6s
[CV] learning_rate_init=0.001, hidden_layer_sizes=(20,), batch_size=10, alpha=1 
[CV]  learning_rate_init=0.001, hidden_layer_sizes=(20,), batch_size=10, alpha=1, total=   0.3s
[CV] learning_rate_init=5, hidden_layer_sizes=(10, 10, 10), batch_size=10, alpha=10 
[CV]  learning_rate_init=5, hidden_layer_sizes=(10, 10, 10), batch_size=10, alpha=10, total=   6.1s
[CV] learning_rate_init=1, hidden_layer_sizes=(20, 20, 20), batch_size=30, alpha=10 
[CV]  learning_rate_init=1, hidden_layer_sizes=(20, 20, 20), batch_size=30, alpha=10, total=   2.8s
[CV] learning_rate_init=0.001, hidden_layer_sizes=(5, 10, 10, 10, 20), batch_size=1, alpha=1 
[CV]  learning_rate_init=0.001, hidden_layer_sizes=(5, 10, 10, 10, 20), batch_size=1, alpha=1, total=  12.0s
[CV] learning_rate_init=0.1, hidden_layer_sizes=(5, 5, 5, 10, 20), batch_size=200, alpha=5 
[CV]  learning_rate_init=0.1, hidden_layer_sizes=(5, 5, 5, 10, 20), batch_size=200, alpha=5, total=   0.3s
[CV] learning_rate_init=0.001, hidden_layer_sizes=(10, 10, 10, 10, 10), batch_size=10, alpha=0.01 
[CV]  learning_rate_init=0.001, hidden_layer_sizes=(10, 10, 10, 10, 10), batch_size=10, alpha=0.01, total=   0.6s
[CV] learning_rate_init=0.001, hidden_layer_sizes=(10, 10, 10, 10, 10), batch_size=10, alpha=0.01 
[CV]  learning_rate_init=0.001, hidden_layer_sizes=(10, 10, 10, 10, 10), batch_size=10, alpha=0.01, total=   1.6s
[CV] learning_rate_init=0.1, hidden_layer_sizes=(5, 20, 20), batch_size=10, alpha=5 
[CV]  learning_rate_init=0.1, hidden_layer_sizes=(5, 20, 20), batch_size=10, alpha=5, total=   0.8s
[CV] learning_rate_init=0.1, hidden_layer_sizes=(10, 10, 20, 20, 20), batch_size=1, alpha=0.01 
[CV]  learning_rate_init=0.1, hidden_layer_sizes=(10, 10, 20, 20, 20), batch_size=1, alpha=0.01, total=  14.2s
[CV] learning_rate_init=5, hidden_layer_sizes=(10, 10, 20), batch_size=1, alpha=1 
[CV]  learning_rate_init=5, hidden_layer_sizes=(10, 10, 20), batch_size=1, alpha=1, total=  52.7s
[CV] learning_rate_init=5, hidden_layer_sizes=(10, 10, 10), batch_size=10, alpha=10 
[CV]  learning_rate_init=5, hidden_layer_sizes=(10, 10, 10), batch_size=10, alpha=10, total=   6.2s
[CV] learning_rate_init=1, hidden_layer_sizes=(20, 20, 20), batch_size=30, alpha=10 
[CV]  learning_rate_init=1, hidden_layer_sizes=(20, 20, 20), batch_size=30, alpha=10, total=   2.9s
[CV] learning_rate_init=1, hidden_layer_sizes=(5, 5, 5, 5, 20), batch_size=30, alpha=1 
[CV]  learning_rate_init=1, hidden_layer_sizes=(5, 5, 5, 5, 20), batch_size=30, alpha=1, total=   3.3s
[CV] learning_rate_init=5, hidden_layer_sizes=(10, 10, 10, 10, 10), batch_size=10, alpha=10 
[CV]  learning_rate_init=5, hidden_layer_sizes=(10, 10, 10, 10, 10), batch_size=10, alpha=10, total=   8.8s
[CV] learning_rate_init=0.1, hidden_layer_sizes=(10, 10, 20, 20, 20), batch_size=1, alpha=0.01 
[CV]  learning_rate_init=0.1, hidden_layer_sizes=(10, 10, 20, 20, 20), batch_size=1, alpha=0.01, total=   5.8s
[CV] learning_rate_init=0.01, hidden_layer_sizes=(5, 5, 20, 20, 20), batch_size=30, alpha=5 
[CV]  learning_rate_init=0.01, hidden_layer_sizes=(5, 5, 20, 20, 20), batch_size=30, alpha=5, total=   0.5s
[CV] learning_rate_init=0.001, hidden_layer_sizes=(5, 20, 20), batch_size=1, alpha=10 
[CV]  learning_rate_init=0.001, hidden_layer_sizes=(5, 20, 20), batch_size=1, alpha=10, total=   5.5s
[CV] learning_rate_init=5, hidden_layer_sizes=(10, 10, 20), batch_size=1, alpha=1 
[CV]  learning_rate_init=5, hidden_layer_sizes=(10, 10, 20), batch_size=1, alpha=1, total=  52.6s
[CV] learning_rate_init=5, hidden_layer_sizes=(10, 10, 10), batch_size=10, alpha=10 
[CV]  learning_rate_init=5, hidden_layer_sizes=(10, 10, 10), batch_size=10, alpha=10, total=   6.2s
[CV] learning_rate_init=0.01, hidden_layer_sizes=(10, 20, 20, 20, 20), batch_size=30, alpha=1 
[CV]  learning_rate_init=0.01, hidden_layer_sizes=(10, 20, 20, 20, 20), batch_size=30, alpha=1, total=   1.0s
[CV] learning_rate_init=1, hidden_layer_sizes=(20, 20, 20), batch_size=30, alpha=10 
[CV]  learning_rate_init=1, hidden_layer_sizes=(20, 20, 20), batch_size=30, alpha=10, total=   3.0s
[CV] learning_rate_init=0.1, hidden_layer_sizes=(10, 20, 20), batch_size=10, alpha=0.01 
[CV]  learning_rate_init=0.1, hidden_layer_sizes=(10, 20, 20), batch_size=10, alpha=0.01, total=   0.8s
[CV] learning_rate_init=5, hidden_layer_sizes=(10, 10, 10, 10, 10), batch_size=10, alpha=10 
[CV]  learning_rate_init=5, hidden_layer_sizes=(10, 10, 10, 10, 10), batch_size=10, alpha=10, total=   8.7s
[CV] learning_rate_init=0.1, hidden_layer_sizes=(5, 20, 20), batch_size=10, alpha=5 
[CV]  learning_rate_init=0.1, hidden_layer_sizes=(5, 20, 20), batch_size=10, alpha=5, total=   0.9s
[CV] learning_rate_init=0.1, hidden_layer_sizes=(10, 10, 20, 20, 20), batch_size=1, alpha=0.01 
[CV]  learning_rate_init=0.1, hidden_layer_sizes=(10, 10, 20, 20, 20), batch_size=1, alpha=0.01, total=   7.2s
[CV] learning_rate_init=0.001, hidden_layer_sizes=(5, 5, 10, 10, 10), batch_size=200, alpha=0.01 
[CV]  learning_rate_init=0.001, hidden_layer_sizes=(5, 5, 10, 10, 10), batch_size=200, alpha=0.01, total=   0.1s
[CV] learning_rate_init=0.001, hidden_layer_sizes=(5, 20, 20), batch_size=1, alpha=10 
[CV]  learning_rate_init=0.001, hidden_layer_sizes=(5, 20, 20), batch_size=1, alpha=10, total=   5.5s
[CV] learning_rate_init=0.001, hidden_layer_sizes=(20, 20, 20), batch_size=30, alpha=5 
[CV]  learning_rate_init=0.001, hidden_layer_sizes=(20, 20, 20), batch_size=30, alpha=5, total=   0.9s
[CV] learning_rate_init=5, hidden_layer_sizes=(20, 20, 20), batch_size=200, alpha=10 
[CV]  learning_rate_init=5, hidden_layer_sizes=(20, 20, 20), batch_size=200, alpha=10, total=   0.1s
[CV] learning_rate_init=5, hidden_layer_sizes=(5, 5, 10, 10, 20), batch_size=10, alpha=10 
[CV]  learning_rate_init=5, hidden_layer_sizes=(5, 5, 10, 10, 20), batch_size=10, alpha=10, total=   8.6s
[CV] learning_rate_init=0.1, hidden_layer_sizes=(5, 10, 10, 20, 20), batch_size=30, alpha=5 
[CV]  learning_rate_init=0.1, hidden_layer_sizes=(5, 10, 10, 20, 20), batch_size=30, alpha=5, total=   0.7s
[CV] learning_rate_init=5, hidden_layer_sizes=(5, 10, 20, 20, 20), batch_size=200, alpha=1 
[CV]  learning_rate_init=5, hidden_layer_sizes=(5, 10, 20, 20, 20), batch_size=200, alpha=1, total=   0.1s
[CV] learning_rate_init=1, hidden_layer_sizes=(10, 10, 10), batch_size=1, alpha=1 
[CV]  learning_rate_init=1, hidden_layer_sizes=(10, 10, 10), batch_size=1, alpha=1, total=  49.1s
[CV] learning_rate_init=1, hidden_layer_sizes=(20,), batch_size=30, alpha=10 
[CV]  learning_rate_init=1, hidden_layer_sizes=(20,), batch_size=30, alpha=10, total=   1.6s
[CV] learning_rate_init=0.1, hidden_layer_sizes=(5, 5, 5), batch_size=1, alpha=1 
[CV]  learning_rate_init=0.1, hidden_layer_sizes=(5, 5, 5), batch_size=1, alpha=1, total=   4.6s
[CV] learning_rate_init=0.001, hidden_layer_sizes=(5, 20, 20), batch_size=1, alpha=10 
[CV]  learning_rate_init=0.001, hidden_layer_sizes=(5, 20, 20), batch_size=1, alpha=10, total=   6.5s
[CV] learning_rate_init=1, hidden_layer_sizes=(10, 20, 20), batch_size=10, alpha=1 
[CV]  learning_rate_init=1, hidden_layer_sizes=(10, 20, 20), batch_size=10, alpha=1, total=   6.9s
[CV] learning_rate_init=5, hidden_layer_sizes=(5, 5, 10, 10, 20), batch_size=10, alpha=10 
[CV]  learning_rate_init=5, hidden_layer_sizes=(5, 5, 10, 10, 20), batch_size=10, alpha=10, total=   8.7s
[CV] learning_rate_init=1, hidden_layer_sizes=(10, 20, 20), batch_size=200, alpha=1 
[CV]  learning_rate_init=1, hidden_layer_sizes=(10, 20, 20), batch_size=200, alpha=1, total=   0.1s
[CV] learning_rate_init=0.01, hidden_layer_sizes=(5, 10, 20, 20, 20), batch_size=200, alpha=5 
[CV]  learning_rate_init=0.01, hidden_layer_sizes=(5, 10, 20, 20, 20), batch_size=200, alpha=5, total=   0.1s
[CV] learning_rate_init=0.01, hidden_layer_sizes=(10, 10, 10, 20, 20), batch_size=30, alpha=0.01 
[CV]  learning_rate_init=0.01, hidden_layer_sizes=(10, 10, 10, 20, 20), batch_size=30, alpha=0.01, total=   0.6s
[CV] learning_rate_init=0.01, hidden_layer_sizes=(5, 5, 5, 10, 20), batch_size=1, alpha=5 
[CV]  learning_rate_init=0.01, hidden_layer_sizes=(5, 5, 5, 10, 20), batch_size=1, alpha=5, total=   8.7s
[CV] learning_rate_init=0.001, hidden_layer_sizes=(20,), batch_size=10, alpha=1 
[CV]  learning_rate_init=0.001, hidden_layer_sizes=(20,), batch_size=10, alpha=1, total=   0.3s
[CV] learning_rate_init=5, hidden_layer_sizes=(5, 10, 10, 20, 20), batch_size=30, alpha=0.01 
[CV]  learning_rate_init=5, hidden_layer_sizes=(5, 10, 10, 20, 20), batch_size=30, alpha=0.01, total=   3.5s
[CV] learning_rate_init=0.1, hidden_layer_sizes=(5,), batch_size=1, alpha=1 
[CV]  learning_rate_init=0.1, hidden_layer_sizes=(5,), batch_size=1, alpha=1, total=   5.3s
[CV] learning_rate_init=1, hidden_layer_sizes=(20, 20, 20), batch_size=30, alpha=10 
[CV]  learning_rate_init=1, hidden_layer_sizes=(20, 20, 20), batch_size=30, alpha=10, total=   2.8s
[CV] learning_rate_init=1, hidden_layer_sizes=(5, 5, 5, 5, 20), batch_size=30, alpha=1 
[CV]  learning_rate_init=1, hidden_layer_sizes=(5, 5, 5, 5, 20), batch_size=30, alpha=1, total=   3.2s
[CV] learning_rate_init=5, hidden_layer_sizes=(10, 10, 10, 10, 10), batch_size=10, alpha=10 
[CV]  learning_rate_init=5, hidden_layer_sizes=(10, 10, 10, 10, 10), batch_size=10, alpha=10, total=   8.5s
[CV] learning_rate_init=1, hidden_layer_sizes=(20,), batch_size=30, alpha=10 
[CV]  learning_rate_init=1, hidden_layer_sizes=(20,), batch_size=30, alpha=10, total=   1.6s
[CV] learning_rate_init=0.1, hidden_layer_sizes=(10, 10, 20, 20, 20), batch_size=1, alpha=0.01 
[CV]  learning_rate_init=0.1, hidden_layer_sizes=(10, 10, 20, 20, 20), batch_size=1, alpha=0.01, total=   7.1s
[CV] learning_rate_init=0.001, hidden_layer_sizes=(5, 5, 10, 10, 10), batch_size=200, alpha=0.01 
[CV]  learning_rate_init=0.001, hidden_layer_sizes=(5, 5, 10, 10, 10), batch_size=200, alpha=0.01, total=   0.2s
[CV] learning_rate_init=0.001, hidden_layer_sizes=(5, 20, 20), batch_size=1, alpha=10 
[CV]  learning_rate_init=0.001, hidden_layer_sizes=(5, 20, 20), batch_size=1, alpha=10, total=   6.5s
[CV] learning_rate_init=5, hidden_layer_sizes=(10, 10, 20), batch_size=1, alpha=1 
[CV]  learning_rate_init=5, hidden_layer_sizes=(10, 10, 20), batch_size=1, alpha=1, total=  52.4s
[CV] learning_rate_init=0.1, hidden_layer_sizes=(5,), batch_size=1, alpha=1 
[CV]  learning_rate_init=0.1, hidden_layer_sizes=(5,), batch_size=1, alpha=1, total=   2.2s
[CV] learning_rate_init=0.001, hidden_layer_sizes=(5, 5, 20), batch_size=10, alpha=1 
[CV]  learning_rate_init=0.001, hidden_layer_sizes=(5, 5, 20), batch_size=10, alpha=1, total=   1.0s
[CV] learning_rate_init=0.01, hidden_layer_sizes=(10, 20, 20, 20, 20), batch_size=30, alpha=1 
[CV]  learning_rate_init=0.01, hidden_layer_sizes=(10, 20, 20, 20, 20), batch_size=30, alpha=1, total=   0.3s
[CV] learning_rate_init=0.1, hidden_layer_sizes=(10, 10, 10, 10, 10), batch_size=30, alpha=1 
[CV]  learning_rate_init=0.1, hidden_layer_sizes=(10, 10, 10, 10, 10), batch_size=30, alpha=1, total=   0.6s
[CV] learning_rate_init=1, hidden_layer_sizes=(5, 5, 5, 5, 20), batch_size=30, alpha=1 
[CV]  learning_rate_init=1, hidden_layer_sizes=(5, 5, 5, 5, 20), batch_size=30, alpha=1, total=   3.3s
[CV] learning_rate_init=5, hidden_layer_sizes=(10, 10, 10, 10, 10), batch_size=10, alpha=10 
[CV]  learning_rate_init=5, hidden_layer_sizes=(10, 10, 10, 10, 10), batch_size=10, alpha=10, total=   8.8s
[CV] learning_rate_init=1, hidden_layer_sizes=(20,), batch_size=30, alpha=10 
[CV]  learning_rate_init=1, hidden_layer_sizes=(20,), batch_size=30, alpha=10, total=   1.6s
[CV] learning_rate_init=0.1, hidden_layer_sizes=(5, 5, 5), batch_size=1, alpha=1 
[CV]  learning_rate_init=0.1, hidden_layer_sizes=(5, 5, 5), batch_size=1, alpha=1, total=   4.6s
[CV] learning_rate_init=0.001, hidden_layer_sizes=(5, 20, 20), batch_size=1, alpha=10 
[CV]  learning_rate_init=0.001, hidden_layer_sizes=(5, 20, 20), batch_size=1, alpha=10, total=   8.5s
[CV] learning_rate_init=0.1, hidden_layer_sizes=(20, 20, 20, 20, 20), batch_size=200, alpha=5 
[CV]  learning_rate_init=0.1, hidden_layer_sizes=(20, 20, 20, 20, 20), batch_size=200, alpha=5, total=   0.6s
[CV] learning_rate_init=0.01, hidden_layer_sizes=(10,), batch_size=1, alpha=10 
[CV]  learning_rate_init=0.01, hidden_layer_sizes=(10,), batch_size=1, alpha=10, total=   2.0s
[CV] learning_rate_init=0.01, hidden_layer_sizes=(5,), batch_size=1, alpha=0.01 
[CV]  learning_rate_init=0.01, hidden_layer_sizes=(5,), batch_size=1, alpha=0.01, total=   3.2s
[CV] learning_rate_init=1, hidden_layer_sizes=(5, 20, 20, 20, 20), batch_size=200, alpha=1 
[CV]  learning_rate_init=1, hidden_layer_sizes=(5, 20, 20, 20, 20), batch_size=200, alpha=1, total=   0.1s
[CV] learning_rate_init=5, hidden_layer_sizes=(5, 5, 10, 10, 10), batch_size=30, alpha=10 
[CV]  learning_rate_init=5, hidden_layer_sizes=(5, 5, 10, 10, 10), batch_size=30, alpha=10, total=   3.3s
[CV] learning_rate_init=1, hidden_layer_sizes=(10, 10, 10), batch_size=1, alpha=1 
[CV]  learning_rate_init=1, hidden_layer_sizes=(10, 10, 10), batch_size=1, alpha=1, total=  50.6s
[CV] learning_rate_init=0.1, hidden_layer_sizes=(5, 5, 5), batch_size=1, alpha=1 
[CV]  learning_rate_init=0.1, hidden_layer_sizes=(5, 5, 5), batch_size=1, alpha=1, total=   3.5s
[CV] learning_rate_init=0.01, hidden_layer_sizes=(5, 5, 20, 20, 20), batch_size=30, alpha=5 
[CV]  learning_rate_init=0.01, hidden_layer_sizes=(5, 5, 20, 20, 20), batch_size=30, alpha=5, total=   0.9s
[CV] learning_rate_init=0.001, hidden_layer_sizes=(5, 20, 20), batch_size=1, alpha=10 
[CV]  learning_rate_init=0.001, hidden_layer_sizes=(5, 20, 20), batch_size=1, alpha=10, total=   7.6s
[CV] learning_rate_init=1, hidden_layer_sizes=(10, 20, 20), batch_size=10, alpha=1 
[CV]  learning_rate_init=1, hidden_layer_sizes=(10, 20, 20), batch_size=10, alpha=1, total=   6.9s
[CV] learning_rate_init=0.01, hidden_layer_sizes=(10, 20, 20), batch_size=30, alpha=10 
[CV]  learning_rate_init=0.01, hidden_layer_sizes=(10, 20, 20), batch_size=30, alpha=10, total=   0.5s
[CV] learning_rate_init=0.01, hidden_layer_sizes=(5,), batch_size=1, alpha=0.01 
[CV]  learning_rate_init=0.01, hidden_layer_sizes=(5,), batch_size=1, alpha=0.01, total=   3.8s
[CV] learning_rate_init=1, hidden_layer_sizes=(10, 20, 20), batch_size=200, alpha=1 
[CV]  learning_rate_init=1, hidden_layer_sizes=(10, 20, 20), batch_size=200, alpha=1, total=   0.1s
[CV] learning_rate_init=5, hidden_layer_sizes=(5, 10, 20, 20, 20), batch_size=200, alpha=1 
[CV]  learning_rate_init=5, hidden_layer_sizes=(5, 10, 20, 20, 20), batch_size=200, alpha=1, total=   0.1s
[CV] learning_rate_init=0.01, hidden_layer_sizes=(10, 10, 10, 20, 20), batch_size=30, alpha=0.01 
[CV]  learning_rate_init=0.01, hidden_layer_sizes=(10, 10, 10, 20, 20), batch_size=30, alpha=0.01, total=   0.6s
[CV] learning_rate_init=0.001, hidden_layer_sizes=(20, 20, 20), batch_size=200, alpha=5 
[CV]  learning_rate_init=0.001, hidden_layer_sizes=(20, 20, 20), batch_size=200, alpha=5, total=   0.2s
[CV] learning_rate_init=0.01, hidden_layer_sizes=(5, 5, 10, 10, 20), batch_size=10, alpha=5 
[CV]  learning_rate_init=0.01, hidden_layer_sizes=(5, 5, 10, 10, 20), batch_size=10, alpha=5, total=   1.2s
[CV] learning_rate_init=0.01, hidden_layer_sizes=(5, 5, 10, 10, 20), batch_size=10, alpha=5 
[CV]  learning_rate_init=0.01, hidden_layer_sizes=(5, 5, 10, 10, 20), batch_size=10, alpha=5, total=   1.0s
[CV] learning_rate_init=0.001, hidden_layer_sizes=(5, 5, 5), batch_size=200, alpha=5 
[CV]  learning_rate_init=0.001, hidden_layer_sizes=(5, 5, 5), batch_size=200, alpha=5, total=   0.1s
[CV] learning_rate_init=0.001, hidden_layer_sizes=(5, 5, 5), batch_size=200, alpha=5 
[CV]  learning_rate_init=0.001, hidden_layer_sizes=(5, 5, 5), batch_size=200, alpha=5, total=   0.1s
[CV] learning_rate_init=0.001, hidden_layer_sizes=(5, 5, 5), batch_size=200, alpha=5 
[CV]  learning_rate_init=0.001, hidden_layer_sizes=(5, 5, 5), batch_size=200, alpha=5, total=   0.1s
[CV] learning_rate_init=0.001, hidden_layer_sizes=(5, 5, 5), batch_size=200, alpha=5 
[CV]  learning_rate_init=0.001, hidden_layer_sizes=(5, 5, 5), batch_size=200, alpha=5, total=   0.1s
[CV] learning_rate_init=0.001, hidden_layer_sizes=(5, 5, 10), batch_size=10, alpha=10 
[CV]  learning_rate_init=0.001, hidden_layer_sizes=(5, 5, 10), batch_size=10, alpha=10, total=   1.6s
[CV] learning_rate_init=0.001, hidden_layer_sizes=(20,), batch_size=10, alpha=1 
[CV]  learning_rate_init=0.001, hidden_layer_sizes=(20,), batch_size=10, alpha=1, total=   0.7s
[CV] learning_rate_init=5, hidden_layer_sizes=(10, 10, 10), batch_size=10, alpha=10 
[CV]  learning_rate_init=5, hidden_layer_sizes=(10, 10, 10), batch_size=10, alpha=10, total=   6.2s
[CV] learning_rate_init=0.1, hidden_layer_sizes=(10, 10, 10, 10, 10), batch_size=30, alpha=1 
[CV]  learning_rate_init=0.1, hidden_layer_sizes=(10, 10, 10, 10, 10), batch_size=30, alpha=1, total=   0.6s
[CV] learning_rate_init=0.1, hidden_layer_sizes=(10, 20, 20), batch_size=10, alpha=0.01 
[CV]  learning_rate_init=0.1, hidden_layer_sizes=(10, 20, 20), batch_size=10, alpha=0.01, total=   0.5s
[CV] learning_rate_init=5, hidden_layer_sizes=(10, 10, 10, 10, 10), batch_size=10, alpha=10 
[CV]  learning_rate_init=5, hidden_layer_sizes=(10, 10, 10, 10, 10), batch_size=10, alpha=10, total=   9.0s
[CV] learning_rate_init=0.001, hidden_layer_sizes=(10, 10, 10, 10, 10), batch_size=10, alpha=0.01 
[CV]  learning_rate_init=0.001, hidden_layer_sizes=(10, 10, 10, 10, 10), batch_size=10, alpha=0.01, total=   1.5s
[CV] learning_rate_init=1, hidden_layer_sizes=(20,), batch_size=30, alpha=10 
[CV]  learning_rate_init=1, hidden_layer_sizes=(20,), batch_size=30, alpha=10, total=   1.6s
[CV] learning_rate_init=0.01, hidden_layer_sizes=(5, 10, 10, 10, 20), batch_size=30, alpha=1 
[CV]  learning_rate_init=0.01, hidden_layer_sizes=(5, 10, 10, 10, 20), batch_size=30, alpha=1, total=   0.2s
[CV] learning_rate_init=0.01, hidden_layer_sizes=(5, 10, 10, 10, 20), batch_size=30, alpha=1 
[CV]  learning_rate_init=0.01, hidden_layer_sizes=(5, 10, 10, 10, 20), batch_size=30, alpha=1, total=   0.8s
[CV] learning_rate_init=0.01, hidden_layer_sizes=(5, 5, 20, 20, 20), batch_size=30, alpha=5 
[CV]  learning_rate_init=0.01, hidden_layer_sizes=(5, 5, 20, 20, 20), batch_size=30, alpha=5, total=   0.6s
[CV] learning_rate_init=0.001, hidden_layer_sizes=(5, 20, 20), batch_size=1, alpha=10 
[CV]  learning_rate_init=0.001, hidden_layer_sizes=(5, 20, 20), batch_size=1, alpha=10, total=  10.4s
[CV] learning_rate_init=5, hidden_layer_sizes=(20, 20, 20), batch_size=200, alpha=10 
[CV]  learning_rate_init=5, hidden_layer_sizes=(20, 20, 20), batch_size=200, alpha=10, total=   0.2s
[CV] learning_rate_init=0.01, hidden_layer_sizes=(10,), batch_size=1, alpha=10 
[CV]  learning_rate_init=0.01, hidden_layer_sizes=(10,), batch_size=1, alpha=10, total=   4.0s
[CV] learning_rate_init=0.01, hidden_layer_sizes=(10, 10, 20), batch_size=30, alpha=5 
[CV]  learning_rate_init=0.01, hidden_layer_sizes=(10, 10, 20), batch_size=30, alpha=5, total=   0.4s
[CV] learning_rate_init=0.1, hidden_layer_sizes=(5, 5, 5, 5, 20), batch_size=10, alpha=1 
[CV]  learning_rate_init=0.1, hidden_layer_sizes=(5, 5, 5, 5, 20), batch_size=10, alpha=1, total=   0.7s
[CV] learning_rate_init=1, hidden_layer_sizes=(10, 20, 20), batch_size=200, alpha=1 
[CV]  learning_rate_init=1, hidden_layer_sizes=(10, 20, 20), batch_size=200, alpha=1, total=   0.1s
[CV] learning_rate_init=5, hidden_layer_sizes=(5, 10, 20, 20, 20), batch_size=200, alpha=1 
[CV]  learning_rate_init=5, hidden_layer_sizes=(5, 10, 20, 20, 20), batch_size=200, alpha=1, total=   0.1s
[CV] learning_rate_init=0.01, hidden_layer_sizes=(10, 10, 10, 20, 20), batch_size=30, alpha=0.01 
[CV]  learning_rate_init=0.01, hidden_layer_sizes=(10, 10, 10, 20, 20), batch_size=30, alpha=0.01, total=   0.3s
[CV] learning_rate_init=0.001, hidden_layer_sizes=(20, 20, 20), batch_size=200, alpha=5 
[CV]  learning_rate_init=0.001, hidden_layer_sizes=(20, 20, 20), batch_size=200, alpha=5, total=   0.2s
[CV] learning_rate_init=0.01, hidden_layer_sizes=(5, 5, 10, 10, 20), batch_size=10, alpha=5 
[CV]  learning_rate_init=0.01, hidden_layer_sizes=(5, 5, 10, 10, 20), batch_size=10, alpha=5, total=   1.2s
[CV] learning_rate_init=0.01, hidden_layer_sizes=(5, 5, 10, 10, 20), batch_size=10, alpha=5 
[CV]  learning_rate_init=0.01, hidden_layer_sizes=(5, 5, 10, 10, 20), batch_size=10, alpha=5, total=   1.0s
[CV] learning_rate_init=0.001, hidden_layer_sizes=(5, 5, 5), batch_size=200, alpha=5 
[CV]  learning_rate_init=0.001, hidden_layer_sizes=(5, 5, 5), batch_size=200, alpha=5, total=   0.1s
[CV] learning_rate_init=0.001, hidden_layer_sizes=(5, 5, 10), batch_size=10, alpha=10 
[CV]  learning_rate_init=0.001, hidden_layer_sizes=(5, 5, 10), batch_size=10, alpha=10, total=   1.6s
[CV] learning_rate_init=0.001, hidden_layer_sizes=(20,), batch_size=10, alpha=1 
[CV]  learning_rate_init=0.001, hidden_layer_sizes=(20,), batch_size=10, alpha=1, total=   0.7s
[CV] learning_rate_init=5, hidden_layer_sizes=(5, 10, 10, 20, 20), batch_size=30, alpha=0.01 
[CV]  learning_rate_init=5, hidden_layer_sizes=(5, 10, 10, 20, 20), batch_size=30, alpha=0.01, total=   3.5s
[CV] learning_rate_init=0.001, hidden_layer_sizes=(5, 5, 20), batch_size=10, alpha=1 
[CV]  learning_rate_init=0.001, hidden_layer_sizes=(5, 5, 20), batch_size=10, alpha=1, total=   0.6s
[CV] learning_rate_init=0.001, hidden_layer_sizes=(5, 5, 20), batch_size=10, alpha=1 
[CV]  learning_rate_init=0.001, hidden_layer_sizes=(5, 5, 20), batch_size=10, alpha=1, total=   0.7s
[CV] learning_rate_init=0.01, hidden_layer_sizes=(10, 20, 20, 20, 20), batch_size=30, alpha=1 
[CV]  learning_rate_init=0.01, hidden_layer_sizes=(10, 20, 20, 20, 20), batch_size=30, alpha=1, total=   0.3s
[CV] learning_rate_init=0.01, hidden_layer_sizes=(10, 20, 20, 20, 20), batch_size=30, alpha=1 
[CV]  learning_rate_init=0.01, hidden_layer_sizes=(10, 20, 20, 20, 20), batch_size=30, alpha=1, total=   0.7s
[CV] learning_rate_init=0.001, hidden_layer_sizes=(5, 10, 10, 10, 20), batch_size=1, alpha=1 
[CV]  learning_rate_init=0.001, hidden_layer_sizes=(5, 10, 10, 10, 20), batch_size=1, alpha=1, total=  11.1s
[CV] learning_rate_init=0.1, hidden_layer_sizes=(5, 5, 5, 10, 20), batch_size=200, alpha=5 
[CV]  learning_rate_init=0.1, hidden_layer_sizes=(5, 5, 5, 10, 20), batch_size=200, alpha=5, total=   0.4s
[CV] learning_rate_init=0.1, hidden_layer_sizes=(5, 5, 5, 10, 20), batch_size=200, alpha=5 
[CV]  learning_rate_init=0.1, hidden_layer_sizes=(5, 5, 5, 10, 20), batch_size=200, alpha=5, total=   0.4s
[CV] learning_rate_init=0.1, hidden_layer_sizes=(5, 5, 5, 10, 20), batch_size=200, alpha=5 
[CV]  learning_rate_init=0.1, hidden_layer_sizes=(5, 5, 5, 10, 20), batch_size=200, alpha=5, total=   0.1s
[CV] learning_rate_init=0.1, hidden_layer_sizes=(5, 5, 5, 10, 20), batch_size=200, alpha=5 
[CV]  learning_rate_init=0.1, hidden_layer_sizes=(5, 5, 5, 10, 20), batch_size=200, alpha=5, total=   0.2s
[CV] learning_rate_init=0.001, hidden_layer_sizes=(10, 10, 10, 10, 10), batch_size=10, alpha=0.01 
[CV]  learning_rate_init=0.001, hidden_layer_sizes=(10, 10, 10, 10, 10), batch_size=10, alpha=0.01, total=   1.3s
[CV] learning_rate_init=0.001, hidden_layer_sizes=(10, 10, 10, 10, 10), batch_size=10, alpha=0.01 
[CV]  learning_rate_init=0.001, hidden_layer_sizes=(10, 10, 10, 10, 10), batch_size=10, alpha=0.01, total=   1.2s
[CV] learning_rate_init=1, hidden_layer_sizes=(20,), batch_size=30, alpha=10 
[CV]  learning_rate_init=1, hidden_layer_sizes=(20,), batch_size=30, alpha=10, total=   1.6s
[CV] learning_rate_init=0.1, hidden_layer_sizes=(5, 5, 5), batch_size=1, alpha=1 
[CV]  learning_rate_init=0.1, hidden_layer_sizes=(5, 5, 5), batch_size=1, alpha=1, total=   4.6s
[CV] learning_rate_init=0.001, hidden_layer_sizes=(5, 5, 10, 10, 10), batch_size=200, alpha=0.01 
[CV]  learning_rate_init=0.001, hidden_layer_sizes=(5, 5, 10, 10, 10), batch_size=200, alpha=0.01, total=   0.2s
[CV] learning_rate_init=0.001, hidden_layer_sizes=(5, 20, 20), batch_size=1, alpha=10 
[CV]  learning_rate_init=0.001, hidden_layer_sizes=(5, 20, 20), batch_size=1, alpha=10, total=   9.2s
[CV] learning_rate_init=1, hidden_layer_sizes=(10, 20, 20), batch_size=10, alpha=1 
[CV]  learning_rate_init=1, hidden_layer_sizes=(10, 20, 20), batch_size=10, alpha=1, total=   6.9s
[CV] learning_rate_init=5, hidden_layer_sizes=(5, 5, 10, 10, 20), batch_size=10, alpha=10 
[CV]  learning_rate_init=5, hidden_layer_sizes=(5, 5, 10, 10, 20), batch_size=10, alpha=10, total=   8.7s
[CV] learning_rate_init=1, hidden_layer_sizes=(10, 20, 20), batch_size=200, alpha=1 
[CV]  learning_rate_init=1, hidden_layer_sizes=(10, 20, 20), batch_size=200, alpha=1, total=   0.1s
[CV] learning_rate_init=5, hidden_layer_sizes=(5, 10, 20, 20, 20), batch_size=200, alpha=1 
[CV]  learning_rate_init=5, hidden_layer_sizes=(5, 10, 20, 20, 20), batch_size=200, alpha=1, total=   0.1s
[CV] learning_rate_init=0.01, hidden_layer_sizes=(10, 10, 10, 20, 20), batch_size=30, alpha=0.01 
[CV]  learning_rate_init=0.01, hidden_layer_sizes=(10, 10, 10, 20, 20), batch_size=30, alpha=0.01, total=   0.5s
[CV] learning_rate_init=0.001, hidden_layer_sizes=(20, 20, 20), batch_size=200, alpha=5 
[CV]  learning_rate_init=0.001, hidden_layer_sizes=(20, 20, 20), batch_size=200, alpha=5, total=   0.1s
[CV] learning_rate_init=0.01, hidden_layer_sizes=(5, 5, 10, 10, 20), batch_size=10, alpha=5 
[CV]  learning_rate_init=0.01, hidden_layer_sizes=(5, 5, 10, 10, 20), batch_size=10, alpha=5, total=   1.4s
[CV] learning_rate_init=0.01, hidden_layer_sizes=(5, 5, 10, 10, 20), batch_size=10, alpha=5 
[CV]  learning_rate_init=0.01, hidden_layer_sizes=(5, 5, 10, 10, 20), batch_size=10, alpha=5, total=   1.9s
[CV] learning_rate_init=0.001, hidden_layer_sizes=(5, 5, 10), batch_size=10, alpha=10 
[CV]  learning_rate_init=0.001, hidden_layer_sizes=(5, 5, 10), batch_size=10, alpha=10, total=   2.1s
[CV] learning_rate_init=0.001, hidden_layer_sizes=(5, 5, 10), batch_size=10, alpha=10 
[CV]  learning_rate_init=0.001, hidden_layer_sizes=(5, 5, 10), batch_size=10, alpha=10, total=   1.2s
[CV] learning_rate_init=5, hidden_layer_sizes=(5, 10, 10, 20, 20), batch_size=30, alpha=0.01 
[CV]  learning_rate_init=5, hidden_layer_sizes=(5, 10, 10, 20, 20), batch_size=30, alpha=0.01, total=   3.5s
[CV] learning_rate_init=0.001, hidden_layer_sizes=(5, 5, 20), batch_size=10, alpha=1 
[CV]  learning_rate_init=0.001, hidden_layer_sizes=(5, 5, 20), batch_size=10, alpha=1, total=   0.7s
[CV] learning_rate_init=0.001, hidden_layer_sizes=(5, 5, 20), batch_size=10, alpha=1 
[CV]  learning_rate_init=0.001, hidden_layer_sizes=(5, 5, 20), batch_size=10, alpha=1, total=   1.0s
[CV] learning_rate_init=0.1, hidden_layer_sizes=(10, 10, 10, 10, 10), batch_size=30, alpha=1 
[CV]  learning_rate_init=0.1, hidden_layer_sizes=(10, 10, 10, 10, 10), batch_size=30, alpha=1, total=   0.3s
[CV] learning_rate_init=0.001, hidden_layer_sizes=(5, 10, 10, 10, 20), batch_size=1, alpha=1 
[CV]  learning_rate_init=0.001, hidden_layer_sizes=(5, 10, 10, 10, 20), batch_size=1, alpha=1, total=  12.7s
[CV] learning_rate_init=0.001, hidden_layer_sizes=(10, 10, 10, 10, 10), batch_size=10, alpha=0.01 
[CV]  learning_rate_init=0.001, hidden_layer_sizes=(10, 10, 10, 10, 10), batch_size=10, alpha=0.01, total=   0.6s
[CV] learning_rate_init=0.001, hidden_layer_sizes=(10, 10, 10, 10, 10), batch_size=10, alpha=0.01 
[CV]  learning_rate_init=0.001, hidden_layer_sizes=(10, 10, 10, 10, 10), batch_size=10, alpha=0.01, total=   0.8s
[CV] learning_rate_init=0.1, hidden_layer_sizes=(5, 20, 20), batch_size=10, alpha=5 
[CV]  learning_rate_init=0.1, hidden_layer_sizes=(5, 20, 20), batch_size=10, alpha=5, total=   0.9s
[CV] learning_rate_init=1, hidden_layer_sizes=(20,), batch_size=30, alpha=10 
[CV]  learning_rate_init=1, hidden_layer_sizes=(20,), batch_size=30, alpha=10, total=   1.6s
[CV] learning_rate_init=0.01, hidden_layer_sizes=(5, 10, 10, 10, 20), batch_size=30, alpha=1 
[CV]  learning_rate_init=0.01, hidden_layer_sizes=(5, 10, 10, 10, 20), batch_size=30, alpha=1, total=   1.1s
[CV] learning_rate_init=0.01, hidden_layer_sizes=(5, 10, 10, 10, 20), batch_size=30, alpha=1 
[CV]  learning_rate_init=0.01, hidden_layer_sizes=(5, 10, 10, 10, 20), batch_size=30, alpha=1, total=   0.3s
[CV] learning_rate_init=0.01, hidden_layer_sizes=(5, 5, 20, 20, 20), batch_size=30, alpha=5 
[CV]  learning_rate_init=0.01, hidden_layer_sizes=(5, 5, 20, 20, 20), batch_size=30, alpha=5, total=   1.1s
[CV] learning_rate_init=0.001, hidden_layer_sizes=(5, 5, 10, 10, 10), batch_size=200, alpha=0.01 
[CV]  learning_rate_init=0.001, hidden_layer_sizes=(5, 5, 10, 10, 10), batch_size=200, alpha=0.01, total=   0.1s
[CV] learning_rate_init=0.001, hidden_layer_sizes=(5, 20, 20), batch_size=1, alpha=10 
[CV]  learning_rate_init=0.001, hidden_layer_sizes=(5, 20, 20), batch_size=1, alpha=10, total=   9.6s
[CV] learning_rate_init=5, hidden_layer_sizes=(20, 20, 20), batch_size=200, alpha=10 
[CV]  learning_rate_init=5, hidden_layer_sizes=(20, 20, 20), batch_size=200, alpha=10, total=   0.2s
[CV] learning_rate_init=5, hidden_layer_sizes=(5, 5, 10, 10, 20), batch_size=10, alpha=10 
[CV]  learning_rate_init=5, hidden_layer_sizes=(5, 5, 10, 10, 20), batch_size=10, alpha=10, total=   8.7s
[CV] learning_rate_init=1, hidden_layer_sizes=(5, 20, 20, 20, 20), batch_size=200, alpha=1 
[CV]  learning_rate_init=1, hidden_layer_sizes=(5, 20, 20, 20, 20), batch_size=200, alpha=1, total=   0.1s
[CV] learning_rate_init=1, hidden_layer_sizes=(5, 5, 5, 5, 10), batch_size=200, alpha=0.01 
[CV]  learning_rate_init=1, hidden_layer_sizes=(5, 5, 5, 5, 10), batch_size=200, alpha=0.01, total=   0.1s
[CV] learning_rate_init=0.01, hidden_layer_sizes=(5, 10, 20, 20, 20), batch_size=200, alpha=5 
[CV]  learning_rate_init=0.01, hidden_layer_sizes=(5, 10, 20, 20, 20), batch_size=200, alpha=5, total=   0.1s
[CV] learning_rate_init=0.001, hidden_layer_sizes=(20, 20, 20), batch_size=200, alpha=5 
[CV]  learning_rate_init=0.001, hidden_layer_sizes=(20, 20, 20), batch_size=200, alpha=5, total=   0.2s
[CV] learning_rate_init=0.01, hidden_layer_sizes=(5, 5, 5, 10, 20), batch_size=1, alpha=5 
[CV]  learning_rate_init=0.01, hidden_layer_sizes=(5, 5, 5, 10, 20), batch_size=1, alpha=5, total=   7.5s
[CV] learning_rate_init=0.001, hidden_layer_sizes=(20,), batch_size=10, alpha=1 
[CV]  learning_rate_init=0.001, hidden_layer_sizes=(20,), batch_size=10, alpha=1, total=   0.4s
[CV] learning_rate_init=0.001, hidden_layer_sizes=(20,), batch_size=10, alpha=1 
[CV]  learning_rate_init=0.001, hidden_layer_sizes=(20,), batch_size=10, alpha=1, total=   0.3s
[CV] learning_rate_init=0.1, hidden_layer_sizes=(5,), batch_size=1, alpha=1 
[CV]  learning_rate_init=0.1, hidden_layer_sizes=(5,), batch_size=1, alpha=1, total=   2.2s
[CV] learning_rate_init=0.001, hidden_layer_sizes=(5, 5, 20), batch_size=10, alpha=1 
[CV]  learning_rate_init=0.001, hidden_layer_sizes=(5, 5, 20), batch_size=10, alpha=1, total=   1.3s
[CV] learning_rate_init=0.1, hidden_layer_sizes=(10, 10, 10, 10, 10), batch_size=30, alpha=1 
[CV]  learning_rate_init=0.1, hidden_layer_sizes=(10, 10, 10, 10, 10), batch_size=30, alpha=1, total=   0.3s
[CV] learning_rate_init=0.001, hidden_layer_sizes=(5, 10, 10, 10, 20), batch_size=1, alpha=1 
[CV]  learning_rate_init=0.001, hidden_layer_sizes=(5, 10, 10, 10, 20), batch_size=1, alpha=1, total=   7.6s
[CV] learning_rate_init=1, hidden_layer_sizes=(5, 5, 20), batch_size=1, alpha=10 
[CV]  learning_rate_init=1, hidden_layer_sizes=(5, 5, 20), batch_size=1, alpha=10, total=  49.0s
[CV] learning_rate_init=0.001, hidden_layer_sizes=(20, 20, 20), batch_size=30, alpha=5 
[CV]  learning_rate_init=0.001, hidden_layer_sizes=(20, 20, 20), batch_size=30, alpha=5, total=   1.8s
[CV] learning_rate_init=0.1, hidden_layer_sizes=(10, 20, 20), batch_size=200, alpha=1 
[CV]  learning_rate_init=0.1, hidden_layer_sizes=(10, 20, 20), batch_size=200, alpha=1, total=   0.1s
[CV] learning_rate_init=0.01, hidden_layer_sizes=(10, 20, 20), batch_size=30, alpha=10 
[CV]  learning_rate_init=0.01, hidden_layer_sizes=(10, 20, 20), batch_size=30, alpha=10, total=   0.7s
[CV] learning_rate_init=0.01, hidden_layer_sizes=(10, 10, 20), batch_size=30, alpha=5 
[CV]  learning_rate_init=0.01, hidden_layer_sizes=(10, 10, 20), batch_size=30, alpha=5, total=   0.6s
[CV] learning_rate_init=1, hidden_layer_sizes=(5, 20, 20, 20, 20), batch_size=200, alpha=1 
[CV]  learning_rate_init=1, hidden_layer_sizes=(5, 20, 20, 20, 20), batch_size=200, alpha=1, total=   0.1s
[CV] learning_rate_init=1, hidden_layer_sizes=(5, 5, 5, 5, 10), batch_size=200, alpha=0.01 
[CV]  learning_rate_init=1, hidden_layer_sizes=(5, 5, 5, 5, 10), batch_size=200, alpha=0.01, total=   0.1s
[CV] learning_rate_init=0.01, hidden_layer_sizes=(5, 10, 20, 20, 20), batch_size=200, alpha=5 
[CV]  learning_rate_init=0.01, hidden_layer_sizes=(5, 10, 20, 20, 20), batch_size=200, alpha=5, total=   0.1s
[CV] learning_rate_init=0.001, hidden_layer_sizes=(20, 20, 20), batch_size=200, alpha=5 
[CV]  learning_rate_init=0.001, hidden_layer_sizes=(20, 20, 20), batch_size=200, alpha=5, total=   0.1s
[CV] learning_rate_init=0.01, hidden_layer_sizes=(5, 5, 5, 10, 20), batch_size=1, alpha=5 
[CV]  learning_rate_init=0.01, hidden_layer_sizes=(5, 5, 5, 10, 20), batch_size=1, alpha=5, total=  15.3s
[CV] learning_rate_init=0.001, hidden_layer_sizes=(5, 5, 20), batch_size=10, alpha=1 
[CV]  learning_rate_init=0.001, hidden_layer_sizes=(5, 5, 20), batch_size=10, alpha=1, total=   1.3s
[CV] learning_rate_init=0.001, hidden_layer_sizes=(5, 5, 20), batch_size=10, alpha=1 
[CV]  learning_rate_init=0.001, hidden_layer_sizes=(5, 5, 20), batch_size=10, alpha=1, total=   0.6s
[CV] learning_rate_init=0.01, hidden_layer_sizes=(10, 20, 20, 20, 20), batch_size=30, alpha=1 
[CV]  learning_rate_init=0.01, hidden_layer_sizes=(10, 20, 20, 20, 20), batch_size=30, alpha=1, total=   0.5s
[CV] learning_rate_init=0.001, hidden_layer_sizes=(5, 10, 10, 10, 20), batch_size=1, alpha=1 
[CV]  learning_rate_init=0.001, hidden_layer_sizes=(5, 10, 10, 10, 20), batch_size=1, alpha=1, total=   8.4s
[CV] learning_rate_init=1, hidden_layer_sizes=(5, 5, 20), batch_size=1, alpha=10 
[CV]  learning_rate_init=1, hidden_layer_sizes=(5, 5, 20), batch_size=1, alpha=10, total=  48.4s
[CV] learning_rate_init=1, hidden_layer_sizes=(10, 20, 20), batch_size=10, alpha=1 
[CV]  learning_rate_init=1, hidden_layer_sizes=(10, 20, 20), batch_size=10, alpha=1, total=   6.9s
[CV] learning_rate_init=5, hidden_layer_sizes=(5, 5, 10, 10, 20), batch_size=10, alpha=10 
[CV]  learning_rate_init=5, hidden_layer_sizes=(5, 5, 10, 10, 20), batch_size=10, alpha=10, total=   8.7s
[CV] learning_rate_init=1, hidden_layer_sizes=(10, 20, 20), batch_size=200, alpha=1 
[CV]  learning_rate_init=1, hidden_layer_sizes=(10, 20, 20), batch_size=200, alpha=1, total=   0.1s
[CV] learning_rate_init=0.01, hidden_layer_sizes=(5, 10, 20, 20, 20), batch_size=200, alpha=5 
[CV]  learning_rate_init=0.01, hidden_layer_sizes=(5, 10, 20, 20, 20), batch_size=200, alpha=5, total=   0.1s
[CV] learning_rate_init=0.01, hidden_layer_sizes=(10, 10, 10, 20, 20), batch_size=30, alpha=0.01 
[CV]  learning_rate_init=0.01, hidden_layer_sizes=(10, 10, 10, 20, 20), batch_size=30, alpha=0.01, total=   0.4s
[CV] learning_rate_init=0.01, hidden_layer_sizes=(5, 5, 5, 10, 20), batch_size=1, alpha=5 
[CV]  learning_rate_init=0.01, hidden_layer_sizes=(5, 5, 5, 10, 20), batch_size=1, alpha=5, total=  19.7s
[CV] learning_rate_init=0.1, hidden_layer_sizes=(10, 10, 10, 10, 10), batch_size=30, alpha=1 
[CV]  learning_rate_init=0.1, hidden_layer_sizes=(10, 10, 10, 10, 10), batch_size=30, alpha=1, total=   0.5s
[CV] learning_rate_init=0.1, hidden_layer_sizes=(10, 20, 20), batch_size=10, alpha=0.01 
[CV]  learning_rate_init=0.1, hidden_layer_sizes=(10, 20, 20), batch_size=10, alpha=0.01, total=   0.7s
[CV] learning_rate_init=1, hidden_layer_sizes=(5, 5, 5, 5, 20), batch_size=30, alpha=1 
[CV]  learning_rate_init=1, hidden_layer_sizes=(5, 5, 5, 5, 20), batch_size=30, alpha=1, total=   3.2s
[CV] learning_rate_init=1, hidden_layer_sizes=(5, 5, 20), batch_size=1, alpha=10 
[CV]  learning_rate_init=1, hidden_layer_sizes=(5, 5, 20), batch_size=1, alpha=10, total=  49.0s
[CV] learning_rate_init=5, hidden_layer_sizes=(10, 10, 20), batch_size=1, alpha=1 
[CV]  learning_rate_init=5, hidden_layer_sizes=(10, 10, 20), batch_size=1, alpha=1, total=  52.2s
[CV] learning_rate_init=5, hidden_layer_sizes=(10, 10, 10), batch_size=10, alpha=10 
[CV]  learning_rate_init=5, hidden_layer_sizes=(10, 10, 10), batch_size=10, alpha=10, total=   6.1s
[CV] learning_rate_init=0.01, hidden_layer_sizes=(10, 20, 20, 20, 20), batch_size=30, alpha=1 
[CV]  learning_rate_init=0.01, hidden_layer_sizes=(10, 20, 20, 20, 20), batch_size=30, alpha=1, total=   0.6s
[CV] learning_rate_init=1, hidden_layer_sizes=(20, 20, 20), batch_size=30, alpha=10 
[CV]  learning_rate_init=1, hidden_layer_sizes=(20, 20, 20), batch_size=30, alpha=10, total=   2.9s
[CV] learning_rate_init=1, hidden_layer_sizes=(5, 5, 5, 5, 20), batch_size=30, alpha=1 
[CV]  learning_rate_init=1, hidden_layer_sizes=(5, 5, 5, 5, 20), batch_size=30, alpha=1, total=   3.3s
[CV] learning_rate_init=1, hidden_layer_sizes=(5, 5, 20), batch_size=1, alpha=10 
[CV]  learning_rate_init=1, hidden_layer_sizes=(5, 5, 20), batch_size=1, alpha=10, total=  49.2s
[CV] learning_rate_init=0.001, hidden_layer_sizes=(20, 20, 20), batch_size=30, alpha=5 
[CV]  learning_rate_init=0.001, hidden_layer_sizes=(20, 20, 20), batch_size=30, alpha=5, total=   1.4s
[CV] learning_rate_init=0.1, hidden_layer_sizes=(10, 20, 20), batch_size=200, alpha=1 
[CV]  learning_rate_init=0.1, hidden_layer_sizes=(10, 20, 20), batch_size=200, alpha=1, total=   0.1s
[CV] learning_rate_init=0.01, hidden_layer_sizes=(10, 20, 20), batch_size=30, alpha=10 
[CV]  learning_rate_init=0.01, hidden_layer_sizes=(10, 20, 20), batch_size=30, alpha=10, total=   0.5s
[CV] learning_rate_init=0.01, hidden_layer_sizes=(10, 10, 20), batch_size=30, alpha=5 
[CV]  learning_rate_init=0.01, hidden_layer_sizes=(10, 10, 20), batch_size=30, alpha=5, total=   0.4s
[CV] learning_rate_init=1, hidden_layer_sizes=(5, 20, 20, 20, 20), batch_size=200, alpha=1 
[CV]  learning_rate_init=1, hidden_layer_sizes=(5, 20, 20, 20, 20), batch_size=200, alpha=1, total=   0.1s
[CV] learning_rate_init=1, hidden_layer_sizes=(10, 20, 20), batch_size=200, alpha=1 
[CV]  learning_rate_init=1, hidden_layer_sizes=(10, 20, 20), batch_size=200, alpha=1, total=   0.1s
[CV] learning_rate_init=0.01, hidden_layer_sizes=(5, 10, 20, 20, 20), batch_size=200, alpha=5 
[CV]  learning_rate_init=0.01, hidden_layer_sizes=(5, 10, 20, 20, 20), batch_size=200, alpha=5, total=   0.1s
[CV] learning_rate_init=0.01, hidden_layer_sizes=(10, 10, 10, 20, 20), batch_size=30, alpha=0.01 
[CV]  learning_rate_init=0.01, hidden_layer_sizes=(10, 10, 10, 20, 20), batch_size=30, alpha=0.01, total=   0.3s
[CV] learning_rate_init=0.01, hidden_layer_sizes=(5, 5, 5, 10, 20), batch_size=1, alpha=5 
[CV]  learning_rate_init=0.01, hidden_layer_sizes=(5, 5, 5, 10, 20), batch_size=1, alpha=5, total=   5.3s
[CV] learning_rate_init=0.001, hidden_layer_sizes=(5, 5, 10), batch_size=10, alpha=10 
[CV]  learning_rate_init=0.001, hidden_layer_sizes=(5, 5, 10), batch_size=10, alpha=10, total=   1.1s
[CV] learning_rate_init=0.001, hidden_layer_sizes=(5, 5, 10), batch_size=10, alpha=10 
[CV]  learning_rate_init=0.001, hidden_layer_sizes=(5, 5, 10), batch_size=10, alpha=10, total=   1.5s
[CV] learning_rate_init=5, hidden_layer_sizes=(5, 10, 10, 20, 20), batch_size=30, alpha=0.01 
[CV]  learning_rate_init=5, hidden_layer_sizes=(5, 10, 10, 20, 20), batch_size=30, alpha=0.01, total=   3.4s
[CV] learning_rate_init=0.1, hidden_layer_sizes=(5,), batch_size=1, alpha=1 
[CV]  learning_rate_init=0.1, hidden_layer_sizes=(5,), batch_size=1, alpha=1, total=   5.9s
[CV] learning_rate_init=0.001, hidden_layer_sizes=(5, 10, 10, 10, 20), batch_size=1, alpha=1 
[CV]  learning_rate_init=0.001, hidden_layer_sizes=(5, 10, 10, 10, 20), batch_size=1, alpha=1, total=   8.4s
[CV] learning_rate_init=1, hidden_layer_sizes=(5, 5, 20), batch_size=1, alpha=10 
[CV]  learning_rate_init=1, hidden_layer_sizes=(5, 5, 20), batch_size=1, alpha=10, total=  48.3s
[CV] learning_rate_init=5, hidden_layer_sizes=(10, 10, 20), batch_size=1, alpha=1 
[CV]  learning_rate_init=5, hidden_layer_sizes=(10, 10, 20), batch_size=1, alpha=1, total=  51.7s
[CV] learning_rate_init=5, hidden_layer_sizes=(5, 10, 10, 20, 20), batch_size=30, alpha=0.01 
[CV]  learning_rate_init=5, hidden_layer_sizes=(5, 10, 10, 20, 20), batch_size=30, alpha=0.01, total=   3.5s
[CV] learning_rate_init=0.1, hidden_layer_sizes=(5,), batch_size=1, alpha=1 
[CV]  learning_rate_init=0.1, hidden_layer_sizes=(5,), batch_size=1, alpha=1, total=   3.4s
[CV] learning_rate_init=0.1, hidden_layer_sizes=(10, 10, 10, 10, 10), batch_size=30, alpha=1 
[CV]  learning_rate_init=0.1, hidden_layer_sizes=(10, 10, 10, 10, 10), batch_size=30, alpha=1, total=   0.4s
[CV] learning_rate_init=0.1, hidden_layer_sizes=(10, 20, 20), batch_size=10, alpha=0.01 
[CV]  learning_rate_init=0.1, hidden_layer_sizes=(10, 20, 20), batch_size=10, alpha=0.01, total=   0.7s
[CV] learning_rate_init=1, hidden_layer_sizes=(5, 5, 5, 5, 20), batch_size=30, alpha=1 
[CV]  learning_rate_init=1, hidden_layer_sizes=(5, 5, 5, 5, 20), batch_size=30, alpha=1, total=   3.3s
[CV] learning_rate_init=1, hidden_layer_sizes=(5, 5, 20), batch_size=1, alpha=10 
[CV]  learning_rate_init=1, hidden_layer_sizes=(5, 5, 20), batch_size=1, alpha=10, total=  48.8s
[CV] learning_rate_init=1, hidden_layer_sizes=(10, 20, 20), batch_size=10, alpha=1 
[CV]  learning_rate_init=1, hidden_layer_sizes=(10, 20, 20), batch_size=10, alpha=1, total=   7.0s
[CV] learning_rate_init=5, hidden_layer_sizes=(5, 5, 10, 10, 20), batch_size=10, alpha=10 
[CV]  learning_rate_init=5, hidden_layer_sizes=(5, 5, 10, 10, 20), batch_size=10, alpha=10, total=   8.8s
[CV] learning_rate_init=0.1, hidden_layer_sizes=(5, 10, 10, 20, 20), batch_size=30, alpha=5 
[CV]  learning_rate_init=0.1, hidden_layer_sizes=(5, 10, 10, 20, 20), batch_size=30, alpha=5, total=   0.5s
[CV] learning_rate_init=5, hidden_layer_sizes=(5, 10, 20, 20, 20), batch_size=200, alpha=1 
[CV]  learning_rate_init=5, hidden_layer_sizes=(5, 10, 20, 20, 20), batch_size=200, alpha=1, total=   0.1s
[CV] learning_rate_init=0.01, hidden_layer_sizes=(10, 10, 10, 20, 20), batch_size=30, alpha=0.01 
[CV]  learning_rate_init=0.01, hidden_layer_sizes=(10, 10, 10, 20, 20), batch_size=30, alpha=0.01, total=   0.6s
[CV] learning_rate_init=0.001, hidden_layer_sizes=(20, 20, 20), batch_size=200, alpha=5 
[CV]  learning_rate_init=0.001, hidden_layer_sizes=(20, 20, 20), batch_size=200, alpha=5, total=   0.1s
[CV] learning_rate_init=0.01, hidden_layer_sizes=(5, 5, 10, 10, 20), batch_size=10, alpha=5 
[CV]  learning_rate_init=0.01, hidden_layer_sizes=(5, 5, 10, 10, 20), batch_size=10, alpha=5, total=   1.7s
[CV] learning_rate_init=0.01, hidden_layer_sizes=(5, 5, 10, 10, 20), batch_size=10, alpha=5 
[CV]  learning_rate_init=0.01, hidden_layer_sizes=(5, 5, 10, 10, 20), batch_size=10, alpha=5, total=   1.1s
[CV] learning_rate_init=0.001, hidden_layer_sizes=(5, 5, 5), batch_size=200, alpha=5 
[CV]  learning_rate_init=0.001, hidden_layer_sizes=(5, 5, 5), batch_size=200, alpha=5, total=   0.1s
[CV] learning_rate_init=0.001, hidden_layer_sizes=(5, 5, 5), batch_size=200, alpha=5 
[CV]  learning_rate_init=0.001, hidden_layer_sizes=(5, 5, 5), batch_size=200, alpha=5, total=   0.2s
[CV] learning_rate_init=0.001, hidden_layer_sizes=(5, 5, 10), batch_size=10, alpha=10 
[CV]  learning_rate_init=0.001, hidden_layer_sizes=(5, 5, 10), batch_size=10, alpha=10, total=   2.3s
[CV] learning_rate_init=0.001, hidden_layer_sizes=(20,), batch_size=10, alpha=1 
[CV]  learning_rate_init=0.001, hidden_layer_sizes=(20,), batch_size=10, alpha=1, total=   0.3s
[CV] learning_rate_init=5, hidden_layer_sizes=(5, 10, 10, 20, 20), batch_size=30, alpha=0.01 
[CV]  learning_rate_init=5, hidden_layer_sizes=(5, 10, 10, 20, 20), batch_size=30, alpha=0.01, total=   3.5s
[CV] learning_rate_init=0.1, hidden_layer_sizes=(5,), batch_size=1, alpha=1 
[CV]  learning_rate_init=0.1, hidden_layer_sizes=(5,), batch_size=1, alpha=1, total=   2.3s
[CV] learning_rate_init=0.01, hidden_layer_sizes=(10, 20, 20, 20, 20), batch_size=30, alpha=1 
[CV]  learning_rate_init=0.01, hidden_layer_sizes=(10, 20, 20, 20, 20), batch_size=30, alpha=1, total=   0.6s
[CV] learning_rate_init=1, hidden_layer_sizes=(20, 20, 20), batch_size=30, alpha=10 
[CV]  learning_rate_init=1, hidden_layer_sizes=(20, 20, 20), batch_size=30, alpha=10, total=   2.9s
[CV] learning_rate_init=0.1, hidden_layer_sizes=(10, 20, 20), batch_size=10, alpha=0.01 
[CV]  learning_rate_init=0.1, hidden_layer_sizes=(10, 20, 20), batch_size=10, alpha=0.01, total=   0.7s
[CV] learning_rate_init=1, hidden_layer_sizes=(5, 5, 5, 5, 20), batch_size=30, alpha=1 
[CV]  learning_rate_init=1, hidden_layer_sizes=(5, 5, 5, 5, 20), batch_size=30, alpha=1, total=   3.3s
[CV] learning_rate_init=1, hidden_layer_sizes=(5, 5, 20), batch_size=1, alpha=10 
[CV]  learning_rate_init=1, hidden_layer_sizes=(5, 5, 20), batch_size=1, alpha=10, total=  49.5s
[CV] learning_rate_init=5, hidden_layer_sizes=(10, 10, 20), batch_size=1, alpha=1 
[CV]  learning_rate_init=5, hidden_layer_sizes=(10, 10, 20), batch_size=1, alpha=1, total=  51.8s
[CV] learning_rate_init=0.001, hidden_layer_sizes=(20,), batch_size=10, alpha=1 
[CV]  learning_rate_init=0.001, hidden_layer_sizes=(20,), batch_size=10, alpha=1, total=   1.0s
[CV] learning_rate_init=0.1, hidden_layer_sizes=(5,), batch_size=1, alpha=1 
[CV]  learning_rate_init=0.1, hidden_layer_sizes=(5,), batch_size=1, alpha=1, total=   4.9s
[CV] learning_rate_init=0.1, hidden_layer_sizes=(10, 10, 10, 10, 10), batch_size=30, alpha=1 
[CV]  learning_rate_init=0.1, hidden_layer_sizes=(10, 10, 10, 10, 10), batch_size=30, alpha=1, total=   0.5s
[CV] learning_rate_init=0.001, hidden_layer_sizes=(5, 10, 10, 10, 20), batch_size=1, alpha=1 
[CV]  learning_rate_init=0.001, hidden_layer_sizes=(5, 10, 10, 10, 20), batch_size=1, alpha=1, total=   7.9s
[CV] learning_rate_init=1, hidden_layer_sizes=(5, 5, 20), batch_size=1, alpha=10 
[CV]  learning_rate_init=1, hidden_layer_sizes=(5, 5, 20), batch_size=1, alpha=10, total=  48.8s
[CV] learning_rate_init=5, hidden_layer_sizes=(10, 10, 20), batch_size=1, alpha=1 
[CV]  learning_rate_init=5, hidden_layer_sizes=(10, 10, 20), batch_size=1, alpha=1, total=  52.2s
[CV] learning_rate_init=5, hidden_layer_sizes=(10, 10, 10), batch_size=10, alpha=10 
[CV]  learning_rate_init=5, hidden_layer_sizes=(10, 10, 10), batch_size=10, alpha=10, total=   6.1s
[CV] learning_rate_init=0.1, hidden_layer_sizes=(10, 10, 10, 10, 10), batch_size=30, alpha=1 
[CV]  learning_rate_init=0.1, hidden_layer_sizes=(10, 10, 10, 10, 10), batch_size=30, alpha=1, total=   0.4s
[CV] learning_rate_init=0.1, hidden_layer_sizes=(10, 20, 20), batch_size=10, alpha=0.01 
[CV]  learning_rate_init=0.1, hidden_layer_sizes=(10, 20, 20), batch_size=10, alpha=0.01, total=   0.8s
[CV] learning_rate_init=1, hidden_layer_sizes=(5, 5, 5, 5, 20), batch_size=30, alpha=1 
[CV]  learning_rate_init=1, hidden_layer_sizes=(5, 5, 5, 5, 20), batch_size=30, alpha=1, total=   3.3s
[CV] learning_rate_init=1, hidden_layer_sizes=(5, 5, 20), batch_size=1, alpha=10 
[CV]  learning_rate_init=1, hidden_layer_sizes=(5, 5, 20), batch_size=1, alpha=10, total=  49.4s
[CV] learning_rate_init=0.001, hidden_layer_sizes=(20, 20, 20), batch_size=30, alpha=5 
[CV]  learning_rate_init=0.001, hidden_layer_sizes=(20, 20, 20), batch_size=30, alpha=5, total=   1.0s
[CV] learning_rate_init=5, hidden_layer_sizes=(20, 20, 20), batch_size=200, alpha=10 
[CV]  learning_rate_init=5, hidden_layer_sizes=(20, 20, 20), batch_size=200, alpha=10, total=   0.1s
[CV] learning_rate_init=5, hidden_layer_sizes=(5, 5, 10, 10, 20), batch_size=10, alpha=10 
[CV]  learning_rate_init=5, hidden_layer_sizes=(5, 5, 10, 10, 20), batch_size=10, alpha=10, total=   8.7s
[CV] learning_rate_init=1, hidden_layer_sizes=(10, 20, 20), batch_size=200, alpha=1 
[CV]  learning_rate_init=1, hidden_layer_sizes=(10, 20, 20), batch_size=200, alpha=1, total=   0.1s
[CV] learning_rate_init=0.01, hidden_layer_sizes=(5, 10, 20, 20, 20), batch_size=200, alpha=5 
[CV]  learning_rate_init=0.01, hidden_layer_sizes=(5, 10, 20, 20, 20), batch_size=200, alpha=5, total=   0.1s
[CV] learning_rate_init=0.01, hidden_layer_sizes=(10, 10, 10, 20, 20), batch_size=30, alpha=0.01 
[CV]  learning_rate_init=0.01, hidden_layer_sizes=(10, 10, 10, 20, 20), batch_size=30, alpha=0.01, total=   0.5s
[CV] learning_rate_init=0.01, hidden_layer_sizes=(5, 5, 5, 10, 20), batch_size=1, alpha=5 
[CV]  learning_rate_init=0.01, hidden_layer_sizes=(5, 5, 5, 10, 20), batch_size=1, alpha=5, total=  10.4s
[CV] learning_rate_init=5, hidden_layer_sizes=(10, 10, 10), batch_size=10, alpha=10 
[CV]  learning_rate_init=5, hidden_layer_sizes=(10, 10, 10), batch_size=10, alpha=10, total=   6.1s
[CV] learning_rate_init=0.01, hidden_layer_sizes=(10, 20, 20, 20, 20), batch_size=30, alpha=1 
[CV]  learning_rate_init=0.01, hidden_layer_sizes=(10, 20, 20, 20, 20), batch_size=30, alpha=1, total=   1.3s
[CV] learning_rate_init=0.001, hidden_layer_sizes=(5, 10, 10, 10, 20), batch_size=1, alpha=1 
[CV]  learning_rate_init=0.001, hidden_layer_sizes=(5, 10, 10, 10, 20), batch_size=1, alpha=1, total=  10.9s
[CV] learning_rate_init=1, hidden_layer_sizes=(5, 5, 20), batch_size=1, alpha=10 
[CV]  learning_rate_init=1, hidden_layer_sizes=(5, 5, 20), batch_size=1, alpha=10, total=  49.1s
[CV] learning_rate_init=1, hidden_layer_sizes=(10, 20, 20), batch_size=10, alpha=1 
[CV]  learning_rate_init=1, hidden_layer_sizes=(10, 20, 20), batch_size=10, alpha=1, total=   6.8s
[CV] learning_rate_init=0.01, hidden_layer_sizes=(10, 20, 20), batch_size=30, alpha=10 
[CV]  learning_rate_init=0.01, hidden_layer_sizes=(10, 20, 20), batch_size=30, alpha=10, total=   0.7s
[CV] learning_rate_init=0.1, hidden_layer_sizes=(5, 5, 5, 5, 20), batch_size=10, alpha=1 
[CV]  learning_rate_init=0.1, hidden_layer_sizes=(5, 5, 5, 5, 20), batch_size=10, alpha=1, total=   1.1s
[CV] learning_rate_init=0.1, hidden_layer_sizes=(5, 10, 10, 20, 20), batch_size=30, alpha=5 
[CV]  learning_rate_init=0.1, hidden_layer_sizes=(5, 10, 10, 20, 20), batch_size=30, alpha=5, total=   0.9s
[CV] learning_rate_init=5, hidden_layer_sizes=(5, 10, 20, 20, 20), batch_size=200, alpha=1 
[CV]  learning_rate_init=5, hidden_layer_sizes=(5, 10, 20, 20, 20), batch_size=200, alpha=1, total=   0.1s
[CV] learning_rate_init=1, hidden_layer_sizes=(10, 10, 10), batch_size=1, alpha=1 
[CV]  learning_rate_init=1, hidden_layer_sizes=(10, 10, 10), batch_size=1, alpha=1, total=  49.5s
[CV] learning_rate_init=0.1, hidden_layer_sizes=(10, 10, 20, 20, 20), batch_size=1, alpha=0.01 
[CV]  learning_rate_init=0.1, hidden_layer_sizes=(10, 10, 20, 20, 20), batch_size=1, alpha=0.01, total= 1.2min
