My SLURM_ARRAY_TASK_ID:  6

You have selected NaN to_0, with PCA data

Fitting 10 folds for each of 50 candidates, totalling 500 fits
                                                                           Best Params  ... Refit Time
Best kNN ORIGINAL deleted                                   {'p': 1, 'n_neighbors': 6}  ...   0.027314
Best kNN ORIGINAL mean                                      {'p': 1, 'n_neighbors': 6}  ...    0.02795
Best kNN ORIGINAL to_0                                     {'p': 1, 'n_neighbors': 11}  ...   0.029808
Best kNN PCA deleted                                        {'p': 2, 'n_neighbors': 6}  ...   0.007349
Best kNN PCA mean                                          {'p': 2, 'n_neighbors': 11}  ...   0.008419
Best kNN PCA to_0                                          {'p': 2, 'n_neighbors': 11}  ...   0.007281
Best MLP ORIGINAL deleted            {'learning_rate_init': 0.1, 'hidden_layer_size...  ...   0.449515
Best MLP ORIGINAL mean               {'learning_rate_init': 0.001, 'hidden_layer_si...  ...    5.76548
Best MLP ORIGINAL to_0               {'learning_rate_init': 0.01, 'hidden_layer_siz...  ...   0.406664
Best MLP PCA deleted                 {'learning_rate_init': 0.01, 'hidden_layer_siz...  ...   0.829267
Best MLP PCA mean                    {'learning_rate_init': 0.01, 'hidden_layer_siz...  ...    1.28418
Best MLP PCA to_0                    {'learning_rate_init': 0.001, 'hidden_layer_si...  ...    12.6764
Best Decision Tree ORIGINAL deleted  {'min_samples_split': 2, 'min_samples_leaf': 4...  ...   0.047694
Best Decision Tree ORIGINAL mean     {'min_samples_split': 8, 'min_samples_leaf': 3...  ...   0.062595
Best Decision Tree ORIGINAL to_0     {'min_samples_split': 4, 'min_samples_leaf': 4...  ...   0.060831
Best Decision Tree PCA deleted       {'min_samples_split': 4, 'min_samples_leaf': 4...  ...   0.094653
Best Decision Tree PCA mean          {'min_samples_split': 2, 'min_samples_leaf': 4...  ...   0.104573
Best Decision Tree PCA to_0          {'min_samples_split': 8, 'min_samples_leaf': 3...  ...   0.128049
Best SVM ORIGINAL deleted            {'estimator__kernel': 'poly', 'estimator__gamm...  ...    2.53931
Best SVM ORIGINAL mean               {'estimator__kernel': 'poly', 'estimator__gamm...  ...    2.55972
Best SVM ORIGINAL to_0               {'estimator__kernel': 'poly', 'estimator__gamm...  ...    2.52949
Best SVM PCA deleted                 {'estimator__kernel': 'poly', 'estimator__gamm...  ...   0.826444
Best SVM PCA mean                    {'estimator__kernel': 'poly', 'estimator__gamm...  ...   0.815417
Best SVM PCA to_0                    {'estimator__kernel': 'poly', 'estimator__gamm...  ...   0.864148
Best Random Forest ORIGINAL deleted                                                NaN  ...        NaN
Best Random Forest ORIGINAL mean                                                   NaN  ...        NaN
Best Random Forest ORIGINAL to_0     {'n_estimators': 50, 'min_samples_split': 4, '...  ...    164.818
Best Random Forest PCA deleted                                                     NaN  ...        NaN
Best Random Forest PCA mean                                                        NaN  ...        NaN
Best Random Forest PCA to_0                                                        NaN  ...        NaN

[30 rows x 3 columns]
[CV] p=2, n_neighbors=16 .............................................
[CV] .............................. p=2, n_neighbors=16, total=   0.0s
[CV] p=3, n_neighbors=46 .............................................
[CV] .............................. p=3, n_neighbors=46, total=   0.3s
[CV] p=3, n_neighbors=71 .............................................
[CV] .............................. p=3, n_neighbors=71, total=   0.3s
[CV] p=2, n_neighbors=91 .............................................
[CV] .............................. p=2, n_neighbors=91, total=   0.0s
[CV] p=3, n_neighbors=81 .............................................
[CV] .............................. p=3, n_neighbors=81, total=   0.3s
[CV] p=1, n_neighbors=21 .............................................
[CV] .............................. p=1, n_neighbors=21, total=   0.0s
[CV] p=3, n_neighbors=21 .............................................
[CV] .............................. p=3, n_neighbors=21, total=   0.3s
[CV] p=1, n_neighbors=16 .............................................
[CV] .............................. p=1, n_neighbors=16, total=   0.0s
[CV] p=3, n_neighbors=41 .............................................
[CV] .............................. p=3, n_neighbors=41, total=   0.3s
[CV] p=3, n_neighbors=26 .............................................
[CV] .............................. p=3, n_neighbors=26, total=   0.3s
[CV] p=2, n_neighbors=1 ..............................................
[CV] ............................... p=2, n_neighbors=1, total=   0.0s
[CV] p=2, n_neighbors=16 .............................................
[CV] .............................. p=2, n_neighbors=16, total=   0.0s
[CV] p=3, n_neighbors=46 .............................................
[CV] .............................. p=3, n_neighbors=46, total=   0.3s
[CV] p=3, n_neighbors=71 .............................................
[CV] .............................. p=3, n_neighbors=71, total=   0.3s
[CV] p=2, n_neighbors=91 .............................................
[CV] .............................. p=2, n_neighbors=91, total=   0.0s
[CV] p=3, n_neighbors=81 .............................................
[CV] .............................. p=3, n_neighbors=81, total=   0.3s
[CV] p=1, n_neighbors=21 .............................................
[CV] .............................. p=1, n_neighbors=21, total=   0.0s
[CV] p=3, n_neighbors=21 .............................................
[CV] .............................. p=3, n_neighbors=21, total=   0.3s
[CV] p=3, n_neighbors=36 .............................................
[CV] .............................. p=3, n_neighbors=36, total=   0.3s
[CV] p=3, n_neighbors=41 .............................................
[CV] .............................. p=3, n_neighbors=41, total=   0.3s
[CV] p=1, n_neighbors=86 .............................................
[CV] .............................. p=1, n_neighbors=86, total=   0.0s
[CV] p=2, n_neighbors=1 ..............................................
[CV] ............................... p=2, n_neighbors=1, total=   0.0s
[CV] p=2, n_neighbors=16 .............................................
[CV] .............................. p=2, n_neighbors=16, total=   0.0s
[CV] p=3, n_neighbors=46 .............................................
[CV] .............................. p=3, n_neighbors=46, total=   0.3s
[CV] p=3, n_neighbors=71 .............................................
[CV] .............................. p=3, n_neighbors=71, total=   0.3s
[CV] p=2, n_neighbors=91 .............................................
[CV] .............................. p=2, n_neighbors=91, total=   0.0s
[CV] p=3, n_neighbors=81 .............................................
[CV] .............................. p=3, n_neighbors=81, total=   0.3s
[CV] p=1, n_neighbors=21 .............................................
[CV] .............................. p=1, n_neighbors=21, total=   0.0s
[CV] p=3, n_neighbors=21 .............................................
[CV] .............................. p=3, n_neighbors=21, total=   0.3s
[CV] p=3, n_neighbors=36 .............................................
[CV] .............................. p=3, n_neighbors=36, total=   0.3s
[CV] p=3, n_neighbors=41 .............................................
[CV] .............................. p=3, n_neighbors=41, total=   0.3s
[CV] p=1, n_neighbors=86 .............................................
[CV] .............................. p=1, n_neighbors=86, total=   0.0s
[CV] p=2, n_neighbors=1 ..............................................
[CV] ............................... p=2, n_neighbors=1, total=   0.0s
[CV] p=2, n_neighbors=16 .............................................
[CV] .............................. p=2, n_neighbors=16, total=   0.0s
[CV] p=3, n_neighbors=46 .............................................
[CV] .............................. p=3, n_neighbors=46, total=   0.3s
[CV] p=3, n_neighbors=71 .............................................
[CV] .............................. p=3, n_neighbors=71, total=   0.3s
[CV] p=2, n_neighbors=91 .............................................
[CV] .............................. p=2, n_neighbors=91, total=   0.0s
[CV] p=3, n_neighbors=81 .............................................
[CV] .............................. p=3, n_neighbors=81, total=   0.3s
[CV] p=1, n_neighbors=21 .............................................
[CV] .............................. p=1, n_neighbors=21, total=   0.0s
[CV] p=3, n_neighbors=21 .............................................
[CV] .............................. p=3, n_neighbors=21, total=   0.3s
[CV] p=3, n_neighbors=36 .............................................
[CV] .............................. p=3, n_neighbors=36, total=   0.3s
[CV] p=3, n_neighbors=41 .............................................
[CV] .............................. p=3, n_neighbors=41, total=   0.3s
[CV] p=1, n_neighbors=86 .............................................
[CV] .............................. p=1, n_neighbors=86, total=   0.0s
[CV] p=2, n_neighbors=1 ..............................................
[CV] ............................... p=2, n_neighbors=1, total=   0.0s
[CV] p=2, n_neighbors=21 .............................................
[CV] .............................. p=2, n_neighbors=21, total=   0.0s
[CV] p=3, n_neighbors=46 .............................................
[CV] .............................. p=3, n_neighbors=46, total=   0.3s
[CV] p=1, n_neighbors=71 .............................................
[CV] .............................. p=1, n_neighbors=71, total=   0.0s
[CV] p=2, n_neighbors=91 .............................................
[CV] .............................. p=2, n_neighbors=91, total=   0.0s
[CV] p=3, n_neighbors=81 .............................................
[CV] .............................. p=3, n_neighbors=81, total=   0.3s
[CV] p=1, n_neighbors=21 .............................................
[CV] .............................. p=1, n_neighbors=21, total=   0.0s
[CV] p=1, n_neighbors=1 ..............................................
[CV] ............................... p=1, n_neighbors=1, total=   0.0s
[CV] p=3, n_neighbors=36 .............................................
[CV] .............................. p=3, n_neighbors=36, total=   0.3s
[CV] p=3, n_neighbors=41 .............................................
[CV] .............................. p=3, n_neighbors=41, total=   0.3s
[CV] p=1, n_neighbors=86 .............................................
[CV] .............................. p=1, n_neighbors=86, total=   0.0s
[CV] p=2, n_neighbors=1 ..............................................
[CV] ............................... p=2, n_neighbors=1, total=   0.0s
[CV] p=2, n_neighbors=16 .............................................
[CV] .............................. p=2, n_neighbors=16, total=   0.0s
[CV] p=3, n_neighbors=46 .............................................
[CV] .............................. p=3, n_neighbors=46, total=   0.3s
[CV] p=3, n_neighbors=71 .............................................
[CV] .............................. p=3, n_neighbors=71, total=   0.3s
[CV] p=2, n_neighbors=91 .............................................
[CV] .............................. p=2, n_neighbors=91, total=   0.0s
[CV] p=2, n_neighbors=56 .............................................
[CV] .............................. p=2, n_neighbors=56, total=   0.0s
[CV] p=1, n_neighbors=21 .............................................
[CV] .............................. p=1, n_neighbors=21, total=   0.0s
[CV] p=3, n_neighbors=21 .............................................
[CV] .............................. p=3, n_neighbors=21, total=   0.3s
[CV] p=3, n_neighbors=36 .............................................
[CV] .............................. p=3, n_neighbors=36, total=   0.3s
[CV] p=3, n_neighbors=1 ..............................................
[CV] ............................... p=3, n_neighbors=1, total=   0.2s
[CV] p=1, n_neighbors=86 .............................................
[CV] .............................. p=1, n_neighbors=86, total=   0.0s
[CV] p=1, n_neighbors=46 .............................................
[CV] .............................. p=1, n_neighbors=46, total=   0.0s
[CV] p=2, n_neighbors=21 .............................................
[CV] .............................. p=2, n_neighbors=21, total=   0.0s
[CV] p=3, n_neighbors=46 .............................................
[CV] .............................. p=3, n_neighbors=46, total=   0.3s
[CV] p=1, n_neighbors=71 .............................................
[CV] .............................. p=1, n_neighbors=71, total=   0.0s
[CV] p=2, n_neighbors=91 .............................................
[CV] .............................. p=2, n_neighbors=91, total=   0.0s
[CV] p=2, n_neighbors=56 .............................................
[CV] .............................. p=2, n_neighbors=56, total=   0.0s
[CV] p=1, n_neighbors=21 .............................................
[CV] .............................. p=1, n_neighbors=21, total=   0.0s
[CV] p=1, n_neighbors=1 ..............................................
[CV] ............................... p=1, n_neighbors=1, total=   0.0s
[CV] p=3, n_neighbors=36 .............................................
[CV] .............................. p=3, n_neighbors=36, total=   0.3s
[CV] p=3, n_neighbors=1 ..............................................
[CV] ............................... p=3, n_neighbors=1, total=   0.2s
[CV] p=1, n_neighbors=86 .............................................
[CV] .............................. p=1, n_neighbors=86, total=   0.0s
[CV] p=1, n_neighbors=46 .............................................
[CV] .............................. p=1, n_neighbors=46, total=   0.0s
[CV] p=2, n_neighbors=21 .............................................
[CV] .............................. p=2, n_neighbors=21, total=   0.0s
[CV] p=3, n_neighbors=46 .............................................
[CV] .............................. p=3, n_neighbors=46, total=   0.3s
[CV] p=1, n_neighbors=71 .............................................
[CV] .............................. p=1, n_neighbors=71, total=   0.0s
[CV] p=2, n_neighbors=91 .............................................
[CV] .............................. p=2, n_neighbors=91, total=   0.0s
[CV] p=2, n_neighbors=56 .............................................
[CV] .............................. p=2, n_neighbors=56, total=   0.0s
[CV] p=1, n_neighbors=21 .............................................
[CV] .............................. p=1, n_neighbors=21, total=   0.0s
[CV] p=1, n_neighbors=1 ..............................................
[CV] ............................... p=1, n_neighbors=1, total=   0.0s
[CV] p=3, n_neighbors=36 .............................................
[CV] .............................. p=3, n_neighbors=36, total=   0.3s
[CV] p=3, n_neighbors=1 ..............................................
[CV] ............................... p=3, n_neighbors=1, total=   0.2s
[CV] p=1, n_neighbors=86 .............................................
[CV] .............................. p=1, n_neighbors=86, total=   0.0s
[CV] p=1, n_neighbors=46 .............................................
[CV] .............................. p=1, n_neighbors=46, total=   0.0s
[CV] p=2, n_neighbors=21 .............................................
[CV] .............................. p=2, n_neighbors=21, total=   0.0s
[CV] p=3, n_neighbors=46 .............................................
[CV] .............................. p=3, n_neighbors=46, total=   0.3s
[CV] p=1, n_neighbors=71 .............................................
[CV] .............................. p=1, n_neighbors=71, total=   0.0s
[CV] p=2, n_neighbors=91 .............................................
[CV] .............................. p=2, n_neighbors=91, total=   0.0s
[CV] p=2, n_neighbors=56 .............................................
[CV] .............................. p=2, n_neighbors=56, total=   0.0s
[CV] p=1, n_neighbors=21 .............................................
[CV] .............................. p=1, n_neighbors=21, total=   0.0s
[CV] p=1, n_neighbors=1 ..............................................
[CV] ............................... p=1, n_neighbors=1, total=   0.0s
[CV] p=3, n_neighbors=36 .............................................
[CV] .............................. p=3, n_neighbors=36, total=   0.3s
[CV] p=3, n_neighbors=1 ..............................................
[CV] ............................... p=3, n_neighbors=1, total=   0.2s
[CV] p=1, n_neighbors=86 .............................................
[CV] .............................. p=1, n_neighbors=86, total=   0.0s
[CV] p=1, n_neighbors=46 .............................................
[CV] .............................. p=1, n_neighbors=46, total=   0.0s
[CV] p=2, n_neighbors=21 .............................................
[CV] .............................. p=2, n_neighbors=21, total=   0.0s
[CV] p=3, n_neighbors=46 .............................................
[CV] .............................. p=3, n_neighbors=46, total=   0.3s
[CV] p=1, n_neighbors=71 .............................................
[CV] .............................. p=1, n_neighbors=71, total=   0.0s
[CV] p=1, n_neighbors=91 .............................................
[CV] .............................. p=1, n_neighbors=91, total=   0.0s
[CV] p=2, n_neighbors=56 .............................................
[CV] .............................. p=2, n_neighbors=56, total=   0.0s
[CV] p=2, n_neighbors=86 .............................................
[CV] .............................. p=2, n_neighbors=86, total=   0.0s
[CV] p=1, n_neighbors=1 ..............................................
[CV] ............................... p=1, n_neighbors=1, total=   0.0s
[CV] p=1, n_neighbors=51 .............................................
[CV] .............................. p=1, n_neighbors=51, total=   0.0s
[CV] p=3, n_neighbors=1 ..............................................
[CV] ............................... p=3, n_neighbors=1, total=   0.2s
[CV] p=1, n_neighbors=86 .............................................
[CV] .............................. p=1, n_neighbors=86, total=   0.0s
[CV] p=1, n_neighbors=46 .............................................
[CV] .............................. p=1, n_neighbors=46, total=   0.0s
[CV] p=2, n_neighbors=21 .............................................
[CV] .............................. p=2, n_neighbors=21, total=   0.0s
[CV] p=1, n_neighbors=6 ..............................................
[CV] ............................... p=1, n_neighbors=6, total=   0.0s
[CV] p=1, n_neighbors=71 .............................................
[CV] .............................. p=1, n_neighbors=71, total=   0.0s
[CV] p=2, n_neighbors=91 .............................................
[CV] .............................. p=2, n_neighbors=91, total=   0.0s
[CV] p=2, n_neighbors=56 .............................................
[CV] .............................. p=2, n_neighbors=56, total=   0.0s
[CV] p=1, n_neighbors=21 .............................................
[CV] .............................. p=1, n_neighbors=21, total=   0.0s
[CV] p=1, n_neighbors=1 ..............................................
[CV] ............................... p=1, n_neighbors=1, total=   0.0s
[CV] p=3, n_neighbors=36 .............................................
[CV] .............................. p=3, n_neighbors=36, total=   0.3s
[CV] p=3, n_neighbors=1 ..............................................
[CV] ............................... p=3, n_neighbors=1, total=   0.2s
[CV] p=1, n_neighbors=11 .............................................
[CV] .............................. p=1, n_neighbors=11, total=   0.0s
[CV] p=1, n_neighbors=46 .............................................
[CV] .............................. p=1, n_neighbors=46, total=   0.0s
[CV] p=2, n_neighbors=21 .............................................
[CV] .............................. p=2, n_neighbors=21, total=   0.0s
[CV] p=1, n_neighbors=6 ..............................................
[CV] ............................... p=1, n_neighbors=6, total=   0.0s
[CV] p=1, n_neighbors=71 .............................................
[CV] .............................. p=1, n_neighbors=71, total=   0.0s
[CV] p=1, n_neighbors=91 .............................................
[CV] .............................. p=1, n_neighbors=91, total=   0.0s
[CV] p=2, n_neighbors=56 .............................................
[CV] .............................. p=2, n_neighbors=56, total=   0.0s
[CV] p=2, n_neighbors=86 .............................................
[CV] .............................. p=2, n_neighbors=86, total=   0.0s
[CV] p=1, n_neighbors=1 ..............................................
[CV] ............................... p=1, n_neighbors=1, total=   0.0s
[CV] p=1, n_neighbors=51 .............................................
[CV] .............................. p=1, n_neighbors=51, total=   0.0s
[CV] p=3, n_neighbors=1 ..............................................
[CV] ............................... p=3, n_neighbors=1, total=   0.2s
[CV] p=1, n_neighbors=11 .............................................
[CV] .............................. p=1, n_neighbors=11, total=   0.0s
[CV] p=1, n_neighbors=46 .............................................
[CV] .............................. p=1, n_neighbors=46, total=   0.0s
[CV] p=2, n_neighbors=21 .............................................
[CV] .............................. p=2, n_neighbors=21, total=   0.0s
[CV] p=1, n_neighbors=6 ..............................................
[CV] ............................... p=1, n_neighbors=6, total=   0.0s
[CV] p=1, n_neighbors=71 .............................................
[CV] .............................. p=1, n_neighbors=71, total=   0.0s
[CV] p=1, n_neighbors=91 .............................................
[CV] .............................. p=1, n_neighbors=91, total=   0.0s
[CV] p=2, n_neighbors=56 .............................................
[CV] .............................. p=2, n_neighbors=56, total=   0.0s
[CV] p=2, n_neighbors=86 .............................................
[CV] .............................. p=2, n_neighbors=86, total=   0.0s
[CV] p=1, n_neighbors=1 ..............................................
[CV] ............................... p=1, n_neighbors=1, total=   0.0s
[CV] p=1, n_neighbors=51 .............................................
[CV] .............................. p=1, n_neighbors=51, total=   0.0s
[CV] p=3, n_neighbors=1 ..............................................
[CV] ............................... p=3, n_neighbors=1, total=   0.2s
[CV] p=1, n_neighbors=11 .............................................
[CV] .............................. p=1, n_neighbors=11, total=   0.0s
[CV] p=1, n_neighbors=46 .............................................
[CV] .............................. p=1, n_neighbors=46, total=   0.0s
[CV] p=2, n_neighbors=21 .............................................
[CV] .............................. p=2, n_neighbors=21, total=   0.0s
[CV] p=1, n_neighbors=6 ..............................................
[CV] ............................... p=1, n_neighbors=6, total=   0.0s
[CV] p=1, n_neighbors=71 .............................................
[CV] .............................. p=1, n_neighbors=71, total=   0.0s
[CV] p=1, n_neighbors=91 .............................................
[CV] .............................. p=1, n_neighbors=91, total=   0.0s
[CV] p=2, n_neighbors=56 .............................................
[CV] .............................. p=2, n_neighbors=56, total=   0.0s
[CV] p=2, n_neighbors=86 .............................................
[CV] .............................. p=2, n_neighbors=86, total=   0.0s
[CV] p=1, n_neighbors=1 ..............................................
[CV] ............................... p=1, n_neighbors=1, total=   0.0s
[CV] p=1, n_neighbors=51 .............................................
[CV] .............................. p=1, n_neighbors=51, total=   0.0s
[CV] p=3, n_neighbors=1 ..............................................
[CV] ............................... p=3, n_neighbors=1, total=   0.2s
[CV] p=1, n_neighbors=11 .............................................
[CV] .............................. p=1, n_neighbors=11, total=   0.0s
[CV] p=1, n_neighbors=46 .............................................
[CV] .............................. p=1, n_neighbors=46, total=   0.0s
[CV] p=3, n_neighbors=76 .............................................
[CV] .............................. p=3, n_neighbors=76, total=   0.3s
[CV] p=1, n_neighbors=6 ..............................................
[CV] ............................... p=1, n_neighbors=6, total=   0.0s
[CV] p=2, n_neighbors=76 .............................................
[CV] .............................. p=2, n_neighbors=76, total=   0.0s
[CV] p=1, n_neighbors=91 .............................................
[CV] .............................. p=1, n_neighbors=91, total=   0.0s
[CV] p=3, n_neighbors=6 ..............................................
[CV] ............................... p=3, n_neighbors=6, total=   0.3s
[CV] p=2, n_neighbors=86 .............................................
[CV] .............................. p=2, n_neighbors=86, total=   0.0s
[CV] p=3, n_neighbors=86 .............................................
[CV] .............................. p=3, n_neighbors=86, total=   0.3s
[CV] p=1, n_neighbors=51 .............................................
[CV] .............................. p=1, n_neighbors=51, total=   0.0s
[CV] p=1, n_neighbors=76 .............................................
[CV] .............................. p=1, n_neighbors=76, total=   0.0s
[CV] p=1, n_neighbors=11 .............................................
[CV] .............................. p=1, n_neighbors=11, total=   0.0s
[CV] p=1, n_neighbors=46 .............................................
[CV] .............................. p=1, n_neighbors=46, total=   0.0s
[CV] p=2, n_neighbors=21 .............................................
[CV] .............................. p=2, n_neighbors=21, total=   0.0s
[CV] p=1, n_neighbors=6 ..............................................
[CV] ............................... p=1, n_neighbors=6, total=   0.0s
[CV] p=1, n_neighbors=71 .............................................
[CV] .............................. p=1, n_neighbors=71, total=   0.0s
[CV] p=1, n_neighbors=91 .............................................
[CV] .............................. p=1, n_neighbors=91, total=   0.0s
[CV] p=2, n_neighbors=56 .............................................
[CV] .............................. p=2, n_neighbors=56, total=   0.0s
[CV] p=2, n_neighbors=86 .............................................
[CV] .............................. p=2, n_neighbors=86, total=   0.0s
[CV] p=1, n_neighbors=1 ..............................................
[CV] ............................... p=1, n_neighbors=1, total=   0.0s
[CV] p=1, n_neighbors=51 .............................................
[CV] .............................. p=1, n_neighbors=51, total=   0.0s
[CV] p=3, n_neighbors=1 ..............................................
[CV] ............................... p=3, n_neighbors=1, total=   0.2s
[CV] p=1, n_neighbors=11 .............................................
[CV] .............................. p=1, n_neighbors=11, total=   0.0s
[CV] p=3, n_neighbors=16 .............................................
[CV] .............................. p=3, n_neighbors=16, total=   0.3s
[CV] p=3, n_neighbors=76 .............................................
[CV] .............................. p=3, n_neighbors=76, total=   0.3s
[CV] p=1, n_neighbors=6 ..............................................
[CV] ............................... p=1, n_neighbors=6, total=   0.0s
[CV] p=2, n_neighbors=76 .............................................
[CV] .............................. p=2, n_neighbors=76, total=   0.0s
[CV] p=1, n_neighbors=91 .............................................
[CV] .............................. p=1, n_neighbors=91, total=   0.0s
[CV] p=3, n_neighbors=6 ..............................................
[CV] ............................... p=3, n_neighbors=6, total=   0.3s
[CV] p=2, n_neighbors=86 .............................................
[CV] .............................. p=2, n_neighbors=86, total=   0.0s
[CV] p=3, n_neighbors=86 .............................................
[CV] .............................. p=3, n_neighbors=86, total=   0.3s
[CV] p=1, n_neighbors=51 .............................................
[CV] .............................. p=1, n_neighbors=51, total=   0.0s
[CV] p=1, n_neighbors=76 .............................................
[CV] .............................. p=1, n_neighbors=76, total=   0.0s
[CV] p=1, n_neighbors=11 .............................................
[CV] .............................. p=1, n_neighbors=11, total=   0.0s
[CV] p=3, n_neighbors=16 .............................................
[CV] .............................. p=3, n_neighbors=16, total=   0.3s
[CV] p=3, n_neighbors=76 .............................................
[CV] .............................. p=3, n_neighbors=76, total=   0.3s
[CV] p=1, n_neighbors=6 ..............................................
[CV] ............................... p=1, n_neighbors=6, total=   0.0s
[CV] p=2, n_neighbors=76 .............................................
[CV] .............................. p=2, n_neighbors=76, total=   0.0s
[CV] p=1, n_neighbors=91 .............................................
[CV] .............................. p=1, n_neighbors=91, total=   0.0s
[CV] p=3, n_neighbors=6 ..............................................
[CV] ............................... p=3, n_neighbors=6, total=   0.3s
[CV] p=2, n_neighbors=86 .............................................
[CV] .............................. p=2, n_neighbors=86, total=   0.0s
[CV] p=3, n_neighbors=86 .............................................
[CV] .............................. p=3, n_neighbors=86, total=   0.3s
[CV] p=1, n_neighbors=51 .............................................
[CV] .............................. p=1, n_neighbors=51, total=   0.0s
[CV] p=1, n_neighbors=76 .............................................
[CV] .............................. p=1, n_neighbors=76, total=   0.0s
[CV] p=1, n_neighbors=11 .............................................
[CV] .............................. p=1, n_neighbors=11, total=   0.0s
[CV] p=3, n_neighbors=16 .............................................
[CV] .............................. p=3, n_neighbors=16, total=   0.3s
[CV] p=3, n_neighbors=76 .............................................
[CV] .............................. p=3, n_neighbors=76, total=   0.3s
[CV] p=1, n_neighbors=6 ..............................................
[CV] ............................... p=1, n_neighbors=6, total=   0.0s
[CV] p=2, n_neighbors=76 .............................................
[CV] .............................. p=2, n_neighbors=76, total=   0.0s
[CV] p=1, n_neighbors=91 .............................................
[CV] .............................. p=1, n_neighbors=91, total=   0.0s
[CV] p=3, n_neighbors=6 ..............................................
[CV] ............................... p=3, n_neighbors=6, total=   0.3s
[CV] p=2, n_neighbors=86 .............................................
[CV] .............................. p=2, n_neighbors=86, total=   0.0s
[CV] p=3, n_neighbors=86 .............................................
[CV] .............................. p=3, n_neighbors=86, total=   0.3s
[CV] p=1, n_neighbors=51 .............................................
[CV] .............................. p=1, n_neighbors=51, total=   0.0s
[CV] p=1, n_neighbors=76 .............................................
[CV] .............................. p=1, n_neighbors=76, total=   0.0s
[CV] p=1, n_neighbors=11 .............................................
[CV] .............................. p=1, n_neighbors=11, total=   0.0s
[CV] p=3, n_neighbors=16 .............................................
[CV] .............................. p=3, n_neighbors=16, total=   0.3s
[CV] p=3, n_neighbors=76 .............................................
[CV] .............................. p=3, n_neighbors=76, total=   0.3s
[CV] p=1, n_neighbors=6 ..............................................
[CV] ............................... p=1, n_neighbors=6, total=   0.0s
[CV] p=2, n_neighbors=76 .............................................
[CV] .............................. p=2, n_neighbors=76, total=   0.0s
[CV] p=1, n_neighbors=91 .............................................
[CV] .............................. p=1, n_neighbors=91, total=   0.0s
[CV] p=3, n_neighbors=6 ..............................................
[CV] ............................... p=3, n_neighbors=6, total=   0.3s
[CV] p=2, n_neighbors=86 .............................................
[CV] .............................. p=2, n_neighbors=86, total=   0.0s
[CV] p=3, n_neighbors=86 .............................................
[CV] .............................. p=3, n_neighbors=86, total=   0.3s
[CV] p=1, n_neighbors=51 .............................................
[CV] .............................. p=1, n_neighbors=51, total=   0.0s
[CV] p=1, n_neighbors=76 .............................................
[CV] .............................. p=1, n_neighbors=76, total=   0.0s
[CV] p=1, n_neighbors=11 .............................................
[CV] .............................. p=1, n_neighbors=11, total=   0.0s
[CV] p=3, n_neighbors=16 .............................................
[CV] .............................. p=3, n_neighbors=16, total=   0.3s
[CV] p=3, n_neighbors=76 .............................................
[CV] .............................. p=3, n_neighbors=76, total=   0.3s
[CV] p=3, n_neighbors=31 .............................................
[CV] .............................. p=3, n_neighbors=31, total=   0.3s
[CV] p=2, n_neighbors=76 .............................................
[CV] .............................. p=2, n_neighbors=76, total=   0.0s
[CV] p=1, n_neighbors=81 .............................................
[CV] .............................. p=1, n_neighbors=81, total=   0.0s
[CV] p=3, n_neighbors=6 ..............................................
[CV] ............................... p=3, n_neighbors=6, total=   0.3s
[CV] p=2, n_neighbors=11 .............................................
[CV] .............................. p=2, n_neighbors=11, total=   0.0s
[CV] p=3, n_neighbors=86 .............................................
[CV] .............................. p=3, n_neighbors=86, total=   0.3s
[CV] p=2, n_neighbors=41 .............................................
[CV] .............................. p=2, n_neighbors=41, total=   0.0s
[CV] p=1, n_neighbors=76 .............................................
[CV] .............................. p=1, n_neighbors=76, total=   0.0s
[CV] p=3, n_neighbors=96 .............................................
[CV] .............................. p=3, n_neighbors=96, total=   0.3s
[CV] p=3, n_neighbors=16 .............................................
[CV] .............................. p=3, n_neighbors=16, total=   0.3s
[CV] p=3, n_neighbors=76 .............................................
[CV] .............................. p=3, n_neighbors=76, total=   0.3s
[CV] p=3, n_neighbors=31 .............................................
[CV] .............................. p=3, n_neighbors=31, total=   0.3s
[CV] p=2, n_neighbors=76 .............................................
[CV] .............................. p=2, n_neighbors=76, total=   0.0s
[CV] p=1, n_neighbors=81 .............................................
[CV] .............................. p=1, n_neighbors=81, total=   0.0s
[CV] p=3, n_neighbors=6 ..............................................
[CV] ............................... p=3, n_neighbors=6, total=   0.3s
[CV] p=2, n_neighbors=11 .............................................
[CV] .............................. p=2, n_neighbors=11, total=   0.0s
[CV] p=3, n_neighbors=86 .............................................
[CV] .............................. p=3, n_neighbors=86, total=   0.3s
[CV] p=2, n_neighbors=41 .............................................
[CV] .............................. p=2, n_neighbors=41, total=   0.0s
[CV] p=1, n_neighbors=76 .............................................
[CV] .............................. p=1, n_neighbors=76, total=   0.0s
[CV] p=3, n_neighbors=96 .............................................
[CV] .............................. p=3, n_neighbors=96, total=   0.3s
[CV] p=3, n_neighbors=16 .............................................
[CV] .............................. p=3, n_neighbors=16, total=   0.3s
[CV] p=3, n_neighbors=76 .............................................
[CV] .............................. p=3, n_neighbors=76, total=   0.3s
[CV] p=3, n_neighbors=31 .............................................
[CV] .............................. p=3, n_neighbors=31, total=   0.3s
[CV] p=2, n_neighbors=76 .............................................
[CV] .............................. p=2, n_neighbors=76, total=   0.0s
[CV] p=1, n_neighbors=81 .............................................
[CV] .............................. p=1, n_neighbors=81, total=   0.0s
[CV] p=3, n_neighbors=6 ..............................................
[CV] ............................... p=3, n_neighbors=6, total=   0.3s
[CV] p=2, n_neighbors=11 .............................................
[CV] .............................. p=2, n_neighbors=11, total=   0.0s
[CV] p=3, n_neighbors=86 .............................................
[CV] .............................. p=3, n_neighbors=86, total=   0.3s
[CV] p=2, n_neighbors=41 .............................................
[CV] .............................. p=2, n_neighbors=41, total=   0.0s
[CV] p=1, n_neighbors=76 .............................................
[CV] .............................. p=1, n_neighbors=76, total=   0.0s
[CV] p=3, n_neighbors=96 .............................................
[CV] .............................. p=3, n_neighbors=96, total=   0.3s
[CV] p=3, n_neighbors=16 .............................................
[CV] .............................. p=3, n_neighbors=16, total=   0.3s
[CV] p=3, n_neighbors=76 .............................................
[CV] .............................. p=3, n_neighbors=76, total=   0.3s
[CV] p=3, n_neighbors=31 .............................................
[CV] .............................. p=3, n_neighbors=31, total=   0.3s
[CV] p=2, n_neighbors=76 .............................................
[CV] .............................. p=2, n_neighbors=76, total=   0.0s
[CV] p=1, n_neighbors=81 .............................................
[CV] .............................. p=1, n_neighbors=81, total=   0.0s
[CV] p=3, n_neighbors=6 ..............................................
[CV] ............................... p=3, n_neighbors=6, total=   0.3s
[CV] p=2, n_neighbors=11 .............................................
[CV] .............................. p=2, n_neighbors=11, total=   0.0s
[CV] p=3, n_neighbors=86 .............................................
[CV] .............................. p=3, n_neighbors=86, total=   0.3s
[CV] p=2, n_neighbors=41 .............................................
[CV] .............................. p=2, n_neighbors=41, total=   0.0s
[CV] p=1, n_neighbors=76 .............................................
[CV] .............................. p=1, n_neighbors=76, total=   0.0s
[CV] p=3, n_neighbors=96 .............................................
[CV] .............................. p=3, n_neighbors=96, total=   0.3s
[CV] p=3, n_neighbors=16 .............................................
[CV] .............................. p=3, n_neighbors=16, total=   0.3s
[CV] p=3, n_neighbors=56 .............................................
[CV] .............................. p=3, n_neighbors=56, total=   0.3s
[CV] p=3, n_neighbors=31 .............................................
[CV] .............................. p=3, n_neighbors=31, total=   0.3s
[CV] p=1, n_neighbors=96 .............................................
[CV] .............................. p=1, n_neighbors=96, total=   0.0s
[CV] p=1, n_neighbors=81 .............................................
[CV] .............................. p=1, n_neighbors=81, total=   0.0s
[CV] p=1, n_neighbors=56 .............................................
[CV] .............................. p=1, n_neighbors=56, total=   0.0s
[CV] p=2, n_neighbors=11 .............................................
[CV] .............................. p=2, n_neighbors=11, total=   0.0s
[CV] p=3, n_neighbors=86 .............................................
[CV] .............................. p=3, n_neighbors=86, total=   0.3s
[CV] p=2, n_neighbors=41 .............................................
[CV] .............................. p=2, n_neighbors=41, total=   0.0s
[CV] p=2, n_neighbors=81 .............................................
[CV] .............................. p=2, n_neighbors=81, total=   0.0s
[CV] p=3, n_neighbors=96 .............................................
[CV] .............................. p=3, n_neighbors=96, total=   0.3s
[CV] p=2, n_neighbors=26 .............................................
[CV] .............................. p=2, n_neighbors=26, total=   0.0s
[CV] p=3, n_neighbors=76 .............................................
[CV] .............................. p=3, n_neighbors=76, total=   0.3s
[CV] p=3, n_neighbors=31 .............................................
[CV] .............................. p=3, n_neighbors=31, total=   0.3s
[CV] p=2, n_neighbors=76 .............................................
[CV] .............................. p=2, n_neighbors=76, total=   0.0s
[CV] p=1, n_neighbors=81 .............................................
[CV] .............................. p=1, n_neighbors=81, total=   0.0s
[CV] p=3, n_neighbors=6 ..............................................
[CV] ............................... p=3, n_neighbors=6, total=   0.3s
[CV] p=2, n_neighbors=11 .............................................
[CV] .............................. p=2, n_neighbors=11, total=   0.0s
[CV] p=1, n_neighbors=66 .............................................
[CV] .............................. p=1, n_neighbors=66, total=   0.0s
[CV] p=2, n_neighbors=41 .............................................
[CV] .............................. p=2, n_neighbors=41, total=   0.0s
[CV] p=1, n_neighbors=76 .............................................
[CV] .............................. p=1, n_neighbors=76, total=   0.0s
[CV] p=3, n_neighbors=96 .............................................
[CV] .............................. p=3, n_neighbors=96, total=   0.3s
[CV] p=3, n_neighbors=16 .............................................
[CV] .............................. p=3, n_neighbors=16, total=   0.3s
[CV] p=3, n_neighbors=56 .............................................
[CV] .............................. p=3, n_neighbors=56, total=   0.3s
[CV] p=3, n_neighbors=31 .............................................
[CV] .............................. p=3, n_neighbors=31, total=   0.3s
[CV] p=1, n_neighbors=96 .............................................
[CV] .............................. p=1, n_neighbors=96, total=   0.0s
[CV] p=1, n_neighbors=81 .............................................
[CV] .............................. p=1, n_neighbors=81, total=   0.0s
[CV] p=1, n_neighbors=56 .............................................
[CV] .............................. p=1, n_neighbors=56, total=   0.0s
[CV] p=2, n_neighbors=11 .............................................
[CV] .............................. p=2, n_neighbors=11, total=   0.0s
[CV] p=1, n_neighbors=66 .............................................
[CV] .............................. p=1, n_neighbors=66, total=   0.0s
[CV] p=2, n_neighbors=41 .............................................
[CV] .............................. p=2, n_neighbors=41, total=   0.0s
[CV] p=2, n_neighbors=81 .............................................
[CV] .............................. p=2, n_neighbors=81, total=   0.0s
[CV] p=3, n_neighbors=96 .............................................
[CV] .............................. p=3, n_neighbors=96, total=   0.3s
[CV] p=2, n_neighbors=26 .............................................
[CV] .............................. p=2, n_neighbors=26, total=   0.0s
[CV] p=3, n_neighbors=56 .............................................
[CV] .............................. p=3, n_neighbors=56, total=   0.3s
[CV] p=3, n_neighbors=31 .............................................
[CV] .............................. p=3, n_neighbors=31, total=   0.3s
[CV] p=1, n_neighbors=96 .............................................
[CV] .............................. p=1, n_neighbors=96, total=   0.0s
[CV] p=1, n_neighbors=81 .............................................
[CV] .............................. p=1, n_neighbors=81, total=   0.0s
[CV] p=1, n_neighbors=56 .............................................
[CV] .............................. p=1, n_neighbors=56, total=   0.0s
[CV] p=2, n_neighbors=11 .............................................
[CV] .............................. p=2, n_neighbors=11, total=   0.0s
[CV] p=1, n_neighbors=66 .............................................
[CV] .............................. p=1, n_neighbors=66, total=   0.0s
[CV] p=2, n_neighbors=41 .............................................
[CV] .............................. p=2, n_neighbors=41, total=   0.0s
[CV] p=2, n_neighbors=81 .............................................
[CV] .............................. p=2, n_neighbors=81, total=   0.0s
[CV] p=3, n_neighbors=96 .............................................
[CV] .............................. p=3, n_neighbors=96, total=   0.3s
[CV] p=2, n_neighbors=26 .............................................
[CV] .............................. p=2, n_neighbors=26, total=   0.0s
[CV] p=3, n_neighbors=56 .............................................
[CV] .............................. p=3, n_neighbors=56, total=   0.3s
[CV] p=3, n_neighbors=31 .............................................
[CV] .............................. p=3, n_neighbors=31, total=   0.3s
[CV] p=1, n_neighbors=96 .............................................
[CV] .............................. p=1, n_neighbors=96, total=   0.0s
[CV] p=1, n_neighbors=81 .............................................
[CV] .............................. p=1, n_neighbors=81, total=   0.0s
[CV] p=1, n_neighbors=56 .............................................
[CV] .............................. p=1, n_neighbors=56, total=   0.0s
[CV] p=2, n_neighbors=11 .............................................
[CV] .............................. p=2, n_neighbors=11, total=   0.0s
[CV] p=1, n_neighbors=66 .............................................
[CV] .............................. p=1, n_neighbors=66, total=   0.0s
[CV] p=2, n_neighbors=41 .............................................
[CV] .............................. p=2, n_neighbors=41, total=   0.0s
[CV] p=2, n_neighbors=81 .............................................
[CV] .............................. p=2, n_neighbors=81, total=   0.0s
[CV] p=3, n_neighbors=96 .............................................
[CV] .............................. p=3, n_neighbors=96, total=   0.3s
[CV] p=2, n_neighbors=26 .............................................
[CV] .............................. p=2, n_neighbors=26, total=   0.0s
[CV] p=3, n_neighbors=56 .............................................
[CV] .............................. p=3, n_neighbors=56, total=   0.3s
[CV] p=3, n_neighbors=31 .............................................
[CV] .............................. p=3, n_neighbors=31, total=   0.3s
[CV] p=1, n_neighbors=96 .............................................
[CV] .............................. p=1, n_neighbors=96, total=   0.0s
[CV] p=2, n_neighbors=31 .............................................
[CV] .............................. p=2, n_neighbors=31, total=   0.0s
[CV] p=1, n_neighbors=56 .............................................
[CV] .............................. p=1, n_neighbors=56, total=   0.0s
[CV] p=1, n_neighbors=31 .............................................
[CV] .............................. p=1, n_neighbors=31, total=   0.0s
[CV] p=1, n_neighbors=66 .............................................
[CV] .............................. p=1, n_neighbors=66, total=   0.0s
[CV] p=2, n_neighbors=6 ..............................................
[CV] ............................... p=2, n_neighbors=6, total=   0.0s
[CV] p=2, n_neighbors=81 .............................................
[CV] .............................. p=2, n_neighbors=81, total=   0.0s
[CV] p=2, n_neighbors=96 .............................................
[CV] .............................. p=2, n_neighbors=96, total=   0.0s
[CV] p=2, n_neighbors=26 .............................................
[CV] .............................. p=2, n_neighbors=26, total=   0.0s
[CV] p=3, n_neighbors=56 .............................................
[CV] .............................. p=3, n_neighbors=56, total=   0.3s
[CV] p=1, n_neighbors=41 .............................................
[CV] .............................. p=1, n_neighbors=41, total=   0.0s
[CV] p=1, n_neighbors=96 .............................................
[CV] .............................. p=1, n_neighbors=96, total=   0.0s
[CV] p=1, n_neighbors=81 .............................................
[CV] .............................. p=1, n_neighbors=81, total=   0.0s
[CV] p=1, n_neighbors=56 .............................................
[CV] .............................. p=1, n_neighbors=56, total=   0.0s
[CV] p=2, n_neighbors=11 .............................................
[CV] .............................. p=2, n_neighbors=11, total=   0.0s
[CV] p=1, n_neighbors=66 .............................................
[CV] .............................. p=1, n_neighbors=66, total=   0.0s
[CV] p=2, n_neighbors=41 .............................................
[CV] .............................. p=2, n_neighbors=41, total=   0.0s
[CV] p=2, n_neighbors=81 .............................................
[CV] .............................. p=2, n_neighbors=81, total=   0.0s
[CV] p=3, n_neighbors=96 .............................................
[CV] .............................. p=3, n_neighbors=96, total=   0.3s
[CV] p=2, n_neighbors=26 .............................................
[CV] .............................. p=2, n_neighbors=26, total=   0.0s
[CV] p=3, n_neighbors=56 .............................................
[CV] .............................. p=3, n_neighbors=56, total=   0.3s
[CV] p=1, n_neighbors=41 .............................................
[CV] .............................. p=1, n_neighbors=41, total=   0.0s
[CV] p=1, n_neighbors=96 .............................................
[CV] .............................. p=1, n_neighbors=96, total=   0.0s
[CV] p=2, n_neighbors=31 .............................................
[CV] .............................. p=2, n_neighbors=31, total=   0.0s
[CV] p=1, n_neighbors=56 .............................................
[CV] .............................. p=1, n_neighbors=56, total=   0.0s
[CV] p=1, n_neighbors=31 .............................................
[CV] .............................. p=1, n_neighbors=31, total=   0.0s
[CV] p=1, n_neighbors=66 .............................................
[CV] .............................. p=1, n_neighbors=66, total=   0.0s
[CV] p=2, n_neighbors=6 ..............................................
[CV] ............................... p=2, n_neighbors=6, total=   0.0s
[CV] p=2, n_neighbors=81 .............................................
[CV] .............................. p=2, n_neighbors=81, total=   0.0s
[CV] p=2, n_neighbors=96 .............................................
[CV] .............................. p=2, n_neighbors=96, total=   0.0s
[CV] p=2, n_neighbors=26 .............................................
[CV] .............................. p=2, n_neighbors=26, total=   0.0s
[CV] p=3, n_neighbors=56 .............................................
[CV] .............................. p=3, n_neighbors=56, total=   0.3s
[CV] p=1, n_neighbors=41 .............................................
[CV] .............................. p=1, n_neighbors=41, total=   0.0s
[CV] p=1, n_neighbors=96 .............................................
[CV] .............................. p=1, n_neighbors=96, total=   0.0s
[CV] p=2, n_neighbors=31 .............................................
[CV] .............................. p=2, n_neighbors=31, total=   0.0s
[CV] p=1, n_neighbors=56 .............................................
[CV] .............................. p=1, n_neighbors=56, total=   0.0s
[CV] p=1, n_neighbors=31 .............................................
[CV] .............................. p=1, n_neighbors=31, total=   0.0s
[CV] p=1, n_neighbors=66 .............................................
[CV] .............................. p=1, n_neighbors=66, total=   0.0s
[CV] p=2, n_neighbors=6 ..............................................
[CV] ............................... p=2, n_neighbors=6, total=   0.0s
[CV] p=2, n_neighbors=81 .............................................
[CV] .............................. p=2, n_neighbors=81, total=   0.0s
[CV] p=2, n_neighbors=96 .............................................
[CV] .............................. p=2, n_neighbors=96, total=   0.0s
[CV] p=2, n_neighbors=26 .............................................
[CV] .............................. p=2, n_neighbors=26, total=   0.0s
[CV] p=3, n_neighbors=56 .............................................
[CV] .............................. p=3, n_neighbors=56, total=   0.3s
[CV] p=1, n_neighbors=41 .............................................
[CV] .............................. p=1, n_neighbors=41, total=   0.0s
[CV] p=1, n_neighbors=96 .............................................
[CV] .............................. p=1, n_neighbors=96, total=   0.0s
[CV] p=2, n_neighbors=31 .............................................
[CV] .............................. p=2, n_neighbors=31, total=   0.0s
[CV] p=1, n_neighbors=56 .............................................
[CV] .............................. p=1, n_neighbors=56, total=   0.0s
[CV] p=1, n_neighbors=31 .............................................
[CV] .............................. p=1, n_neighbors=31, total=   0.0s
[CV] p=1, n_neighbors=66 .............................................
[CV] .............................. p=1, n_neighbors=66, total=   0.0s
[CV] p=2, n_neighbors=6 ..............................................
[CV] ............................... p=2, n_neighbors=6, total=   0.0s
[CV] p=2, n_neighbors=81 .............................................
[CV] .............................. p=2, n_neighbors=81, total=   0.0s
[CV] p=2, n_neighbors=96 .............................................
[CV] .............................. p=2, n_neighbors=96, total=   0.0s
[CV] p=2, n_neighbors=26 .............................................
[CV] .............................. p=2, n_neighbors=26, total=   0.0s
[CV] p=2, n_neighbors=66 .............................................
[CV] .............................. p=2, n_neighbors=66, total=   0.0s
[CV] p=1, n_neighbors=41 .............................................
[CV] .............................. p=1, n_neighbors=41, total=   0.0s
[CV] p=1, n_neighbors=96 .............................................
[CV] .............................. p=1, n_neighbors=96, total=   0.0s
[CV] p=2, n_neighbors=31 .............................................
[CV] .............................. p=2, n_neighbors=31, total=   0.0s
[CV] p=1, n_neighbors=56 .............................................
[CV] .............................. p=1, n_neighbors=56, total=   0.0s
[CV] p=1, n_neighbors=31 .............................................
[CV] .............................. p=1, n_neighbors=31, total=   0.0s
[CV] p=1, n_neighbors=66 .............................................
[CV] .............................. p=1, n_neighbors=66, total=   0.0s
[CV] p=2, n_neighbors=6 ..............................................
[CV] ............................... p=2, n_neighbors=6, total=   0.0s
[CV] p=2, n_neighbors=81 .............................................
[CV] .............................. p=2, n_neighbors=81, total=   0.0s
[CV] p=2, n_neighbors=96 .............................................
[CV] .............................. p=2, n_neighbors=96, total=   0.0s
[CV] p=2, n_neighbors=26 .............................................
[CV] .............................. p=2, n_neighbors=26, total=   0.0s
[CV] p=3, n_neighbors=56 .............................................
[CV] .............................. p=3, n_neighbors=56, total=   0.3s
[CV] p=1, n_neighbors=41 .............................................
[CV] .............................. p=1, n_neighbors=41, total=   0.0s
[CV] p=2, n_neighbors=71 .............................................
[CV] .............................. p=2, n_neighbors=71, total=   0.0s
[CV] p=2, n_neighbors=31 .............................................
[CV] .............................. p=2, n_neighbors=31, total=   0.0s
[CV] p=3, n_neighbors=66 .............................................
[CV] .............................. p=3, n_neighbors=66, total=   0.3s
[CV] p=1, n_neighbors=31 .............................................
[CV] .............................. p=1, n_neighbors=31, total=   0.0s
[CV] p=1, n_neighbors=16 .............................................
[CV] .............................. p=1, n_neighbors=16, total=   0.0s
[CV] p=2, n_neighbors=6 ..............................................
[CV] ............................... p=2, n_neighbors=6, total=   0.0s
[CV] p=3, n_neighbors=26 .............................................
[CV] .............................. p=3, n_neighbors=26, total=   0.3s
[CV] p=2, n_neighbors=96 .............................................
[CV] .............................. p=2, n_neighbors=96, total=   0.0s
[CV] p=1, n_neighbors=61 .............................................
[CV] .............................. p=1, n_neighbors=61, total=   0.0s
[CV] p=2, n_neighbors=66 .............................................
[CV] .............................. p=2, n_neighbors=66, total=   0.0s
[CV] p=1, n_neighbors=41 .............................................
[CV] .............................. p=1, n_neighbors=41, total=   0.0s
[CV] p=2, n_neighbors=71 .............................................
[CV] .............................. p=2, n_neighbors=71, total=   0.0s
[CV] p=2, n_neighbors=31 .............................................
[CV] .............................. p=2, n_neighbors=31, total=   0.0s
[CV] p=3, n_neighbors=66 .............................................
[CV] .............................. p=3, n_neighbors=66, total=   0.3s
[CV] p=1, n_neighbors=31 .............................................
[CV] .............................. p=1, n_neighbors=31, total=   0.0s
[CV] p=1, n_neighbors=16 .............................................
[CV] .............................. p=1, n_neighbors=16, total=   0.0s
[CV] p=2, n_neighbors=6 ..............................................
[CV] ............................... p=2, n_neighbors=6, total=   0.0s
[CV] p=3, n_neighbors=26 .............................................
[CV] .............................. p=3, n_neighbors=26, total=   0.3s
[CV] p=2, n_neighbors=96 .............................................
[CV] .............................. p=2, n_neighbors=96, total=   0.0s
[CV] p=1, n_neighbors=61 .............................................
[CV] .............................. p=1, n_neighbors=61, total=   0.0s
[CV] p=2, n_neighbors=66 .............................................
[CV] .............................. p=2, n_neighbors=66, total=   0.0s
[CV] p=1, n_neighbors=41 .............................................
[CV] .............................. p=1, n_neighbors=41, total=   0.0s
[CV] p=2, n_neighbors=71 .............................................
[CV] .............................. p=2, n_neighbors=71, total=   0.0s
[CV] p=2, n_neighbors=31 .............................................
[CV] .............................. p=2, n_neighbors=31, total=   0.0s
[CV] p=3, n_neighbors=66 .............................................
[CV] .............................. p=3, n_neighbors=66, total=   0.3s
[CV] p=1, n_neighbors=31 .............................................
[CV] .............................. p=1, n_neighbors=31, total=   0.0s
[CV] p=1, n_neighbors=16 .............................................
[CV] .............................. p=1, n_neighbors=16, total=   0.0s
[CV] p=2, n_neighbors=6 ..............................................
[CV] ............................... p=2, n_neighbors=6, total=   0.0s
[CV] p=3, n_neighbors=26 .............................................
[CV] .............................. p=3, n_neighbors=26, total=   0.3s
[CV] p=2, n_neighbors=96 .............................................
[CV] .............................. p=2, n_neighbors=96, total=   0.0s
[CV] p=1, n_neighbors=61 .............................................
[CV] .............................. p=1, n_neighbors=61, total=   0.0s
[CV] p=2, n_neighbors=16 .............................................
[CV] .............................. p=2, n_neighbors=16, total=   0.0s
[CV] p=2, n_neighbors=66 .............................................
[CV] .............................. p=2, n_neighbors=66, total=   0.0s
[CV] p=1, n_neighbors=41 .............................................
[CV] .............................. p=1, n_neighbors=41, total=   0.0s
[CV] p=2, n_neighbors=71 .............................................
[CV] .............................. p=2, n_neighbors=71, total=   0.0s
[CV] p=2, n_neighbors=31 .............................................
[CV] .............................. p=2, n_neighbors=31, total=   0.0s
[CV] p=3, n_neighbors=66 .............................................
[CV] .............................. p=3, n_neighbors=66, total=   0.3s
[CV] p=1, n_neighbors=31 .............................................
[CV] .............................. p=1, n_neighbors=31, total=   0.0s
[CV] p=1, n_neighbors=16 .............................................
[CV] .............................. p=1, n_neighbors=16, total=   0.0s
[CV] p=2, n_neighbors=6 ..............................................
[CV] ............................... p=2, n_neighbors=6, total=   0.0s
[CV] p=3, n_neighbors=26 .............................................
[CV] .............................. p=3, n_neighbors=26, total=   0.3s
[CV] p=2, n_neighbors=96 .............................................
[CV] .............................. p=2, n_neighbors=96, total=   0.0s
[CV] p=1, n_neighbors=61 .............................................
[CV] .............................. p=1, n_neighbors=61, total=   0.0s
[CV] p=2, n_neighbors=66 .............................................
[CV] .............................. p=2, n_neighbors=66, total=   0.0s
[CV] p=1, n_neighbors=41 .............................................
[CV] .............................. p=1, n_neighbors=41, total=   0.0s
[CV] p=2, n_neighbors=71 .............................................
[CV] .............................. p=2, n_neighbors=71, total=   0.0s
[CV] p=2, n_neighbors=31 .............................................
[CV] .............................. p=2, n_neighbors=31, total=   0.0s
[CV] p=3, n_neighbors=66 .............................................
[CV] .............................. p=3, n_neighbors=66, total=   0.3s
[CV] p=1, n_neighbors=31 .............................................
[CV] .............................. p=1, n_neighbors=31, total=   0.0s
[CV] p=1, n_neighbors=16 .............................................
[CV] .............................. p=1, n_neighbors=16, total=   0.0s
[CV] p=2, n_neighbors=6 ..............................................
[CV] ............................... p=2, n_neighbors=6, total=   0.0s
[CV] p=3, n_neighbors=26 .............................................
[CV] .............................. p=3, n_neighbors=26, total=   0.3s
[CV] p=2, n_neighbors=96 .............................................
[CV] .............................. p=2, n_neighbors=96, total=   0.0s
[CV] p=1, n_neighbors=61 .............................................
[CV] .............................. p=1, n_neighbors=61, total=   0.0s
[CV] p=2, n_neighbors=66 .............................................
[CV] .............................. p=2, n_neighbors=66, total=   0.0s
[CV] p=3, n_neighbors=71 .............................................
[CV] .............................. p=3, n_neighbors=71, total=   0.3s
[CV] p=2, n_neighbors=71 .............................................
[CV] .............................. p=2, n_neighbors=71, total=   0.0s
[CV] p=3, n_neighbors=81 .............................................
[CV] .............................. p=3, n_neighbors=81, total=   0.3s
[CV] p=3, n_neighbors=66 .............................................
[CV] .............................. p=3, n_neighbors=66, total=   0.3s
[CV] p=3, n_neighbors=21 .............................................
[CV] .............................. p=3, n_neighbors=21, total=   0.3s
[CV] p=1, n_neighbors=16 .............................................
[CV] .............................. p=1, n_neighbors=16, total=   0.0s
[CV] p=3, n_neighbors=41 .............................................
[CV] .............................. p=3, n_neighbors=41, total=   0.3s
[CV] p=3, n_neighbors=26 .............................................
[CV] .............................. p=3, n_neighbors=26, total=   0.3s
[CV] p=2, n_neighbors=1 ..............................................
[CV] ............................... p=2, n_neighbors=1, total=   0.0s
[CV] p=1, n_neighbors=61 .............................................
[CV] .............................. p=1, n_neighbors=61, total=   0.0s
[CV] p=2, n_neighbors=16 .............................................
[CV] .............................. p=2, n_neighbors=16, total=   0.0s
[CV] p=2, n_neighbors=66 .............................................
[CV] .............................. p=2, n_neighbors=66, total=   0.0s
[CV] p=3, n_neighbors=71 .............................................
[CV] .............................. p=3, n_neighbors=71, total=   0.3s
[CV] p=2, n_neighbors=71 .............................................
[CV] .............................. p=2, n_neighbors=71, total=   0.0s
[CV] p=3, n_neighbors=81 .............................................
[CV] .............................. p=3, n_neighbors=81, total=   0.3s
[CV] p=3, n_neighbors=66 .............................................
[CV] .............................. p=3, n_neighbors=66, total=   0.3s
[CV] p=3, n_neighbors=21 .............................................
[CV] .............................. p=3, n_neighbors=21, total=   0.3s
[CV] p=1, n_neighbors=16 .............................................
[CV] .............................. p=1, n_neighbors=16, total=   0.0s
[CV] p=3, n_neighbors=41 .............................................
[CV] .............................. p=3, n_neighbors=41, total=   0.3s
[CV] p=3, n_neighbors=26 .............................................
[CV] .............................. p=3, n_neighbors=26, total=   0.3s
[CV] p=2, n_neighbors=1 ..............................................
[CV] ............................... p=2, n_neighbors=1, total=   0.0s
[CV] p=1, n_neighbors=61 .............................................
[CV] .............................. p=1, n_neighbors=61, total=   0.0s
[CV] p=2, n_neighbors=16 .............................................
[CV] .............................. p=2, n_neighbors=16, total=   0.0s
[CV] p=2, n_neighbors=66 .............................................
[CV] .............................. p=2, n_neighbors=66, total=   0.0s
[CV] p=3, n_neighbors=71 .............................................
[CV] .............................. p=3, n_neighbors=71, total=   0.3s
[CV] p=2, n_neighbors=71 .............................................
[CV] .............................. p=2, n_neighbors=71, total=   0.0s
[CV] p=3, n_neighbors=81 .............................................
[CV] .............................. p=3, n_neighbors=81, total=   0.3s
[CV] p=3, n_neighbors=66 .............................................
[CV] .............................. p=3, n_neighbors=66, total=   0.3s
[CV] p=3, n_neighbors=21 .............................................
[CV] .............................. p=3, n_neighbors=21, total=   0.3s
[CV] p=1, n_neighbors=16 .............................................
[CV] .............................. p=1, n_neighbors=16, total=   0.0s
[CV] p=3, n_neighbors=41 .............................................
[CV] .............................. p=3, n_neighbors=41, total=   0.3s
[CV] p=3, n_neighbors=26 .............................................
[CV] .............................. p=3, n_neighbors=26, total=   0.3s
[CV] p=2, n_neighbors=1 ..............................................
[CV] ............................... p=2, n_neighbors=1, total=   0.0s
[CV] p=1, n_neighbors=61 .............................................
[CV] .............................. p=1, n_neighbors=61, total=   0.0s
[CV] p=2, n_neighbors=16 .............................................
[CV] .............................. p=2, n_neighbors=16, total=   0.0s
[CV] p=2, n_neighbors=66 .............................................
[CV] .............................. p=2, n_neighbors=66, total=   0.0s
[CV] p=3, n_neighbors=71 .............................................
[CV] .............................. p=3, n_neighbors=71, total=   0.3s
[CV] p=2, n_neighbors=71 .............................................
[CV] .............................. p=2, n_neighbors=71, total=   0.0s
[CV] p=3, n_neighbors=81 .............................................
[CV] .............................. p=3, n_neighbors=81, total=   0.3s
[CV] p=3, n_neighbors=66 .............................................
[CV] .............................. p=3, n_neighbors=66, total=   0.3s
[CV] p=3, n_neighbors=21 .............................................
[CV] .............................. p=3, n_neighbors=21, total=   0.3s
[CV] p=3, n_neighbors=36 .............................................
[CV] .............................. p=3, n_neighbors=36, total=   0.3s
[CV] p=3, n_neighbors=41 .............................................
[CV] .............................. p=3, n_neighbors=41, total=   0.3s
[CV] p=1, n_neighbors=86 .............................................
[CV] .............................. p=1, n_neighbors=86, total=   0.0s
[CV] p=2, n_neighbors=1 ..............................................
[CV] ............................... p=2, n_neighbors=1, total=   0.0s
[CV] p=1, n_neighbors=61 .............................................
[CV] .............................. p=1, n_neighbors=61, total=   0.0s
[CV] p=2, n_neighbors=16 .............................................
[CV] .............................. p=2, n_neighbors=16, total=   0.0s
[CV] p=2, n_neighbors=66 .............................................
[CV] .............................. p=2, n_neighbors=66, total=   0.0s
[CV] p=3, n_neighbors=71 .............................................
[CV] .............................. p=3, n_neighbors=71, total=   0.3s
[CV] p=2, n_neighbors=71 .............................................
[CV] .............................. p=2, n_neighbors=71, total=   0.0s
[CV] p=3, n_neighbors=81 .............................................
[CV] .............................. p=3, n_neighbors=81, total=   0.3s
[CV] p=3, n_neighbors=66 .............................................
[CV] .............................. p=3, n_neighbors=66, total=   0.3s
[CV] p=3, n_neighbors=21 .............................................
[CV] .............................. p=3, n_neighbors=21, total=   0.3s
[CV] p=1, n_neighbors=16 .............................................
[CV] .............................. p=1, n_neighbors=16, total=   0.0s
[CV] p=3, n_neighbors=41 .............................................
[CV] .............................. p=3, n_neighbors=41, total=   0.3s
[CV] p=3, n_neighbors=26 .............................................
[CV] .............................. p=3, n_neighbors=26, total=   0.3s
[CV] p=2, n_neighbors=1 ..............................................
[CV] ............................... p=2, n_neighbors=1, total=   0.0s
[CV] p=1, n_neighbors=61 .............................................
[CV] .............................. p=1, n_neighbors=61, total=   0.0s
