My SLURM_ARRAY_TASK_ID:  3

You have selected NaN mean, with ORIGINAL data

Fitting 10 folds for each of 60 candidates, totalling 600 fits
                                                                           Best Params  ... Refit Time
Best kNN ORIGINAL deleted                                  {'p': 1, 'n_neighbors': 11}  ...   0.025542
Best kNN ORIGINAL mean                                     {'p': 1, 'n_neighbors': 11}  ...   0.025826
Best kNN ORIGINAL to_0                                     {'p': 1, 'n_neighbors': 11}  ...   0.029016
Best kNN PCA deleted                                        {'p': 2, 'n_neighbors': 6}  ...    0.00922
Best kNN PCA mean                                           {'p': 2, 'n_neighbors': 6}  ...   0.007577
Best kNN PCA to_0                                          {'p': 2, 'n_neighbors': 11}  ...   0.008941
Best MLP ORIGINAL deleted            {'learning_rate_init': 0.001, 'hidden_layer_si...  ...    9.48462
Best MLP ORIGINAL mean               {'learning_rate_init': 0.001, 'hidden_layer_si...  ...    11.0697
Best MLP ORIGINAL to_0               {'learning_rate_init': 0.001, 'hidden_layer_si...  ...    5.42584
Best MLP PCA deleted                 {'learning_rate_init': 0.01, 'hidden_layer_siz...  ...    1.47783
Best MLP PCA mean                    {'learning_rate_init': 0.1, 'hidden_layer_size...  ...    0.51575
Best MLP PCA to_0                    {'learning_rate_init': 0.01, 'hidden_layer_siz...  ...    6.78658
Best Decision Tree ORIGINAL deleted  {'min_samples_split': 4, 'min_samples_leaf': 4...  ...    6.87614
Best Decision Tree ORIGINAL mean     {'min_samples_split': 2, 'min_samples_leaf': 3...  ...   0.064343
Best Decision Tree ORIGINAL to_0     {'min_samples_split': 2, 'min_samples_leaf': 4...  ...    6.30516
Best Decision Tree PCA deleted       {'min_samples_split': 4, 'min_samples_leaf': 4...  ...    9.11639
Best Decision Tree PCA mean          {'min_samples_split': 8, 'min_samples_leaf': 3...  ...   0.128591
Best Decision Tree PCA to_0          {'min_samples_split': 8, 'min_samples_leaf': 3...  ...   0.124783
Best SVM ORIGINAL deleted            {'estimator__kernel': 'poly', 'estimator__gamm...  ...      2.391
Best SVM ORIGINAL mean               {'estimator__kernel': 'poly', 'estimator__gamm...  ...    2.53318
Best SVM ORIGINAL to_0               {'estimator__kernel': 'poly', 'estimator__gamm...  ...    2.54955
Best SVM PCA deleted                 {'estimator__kernel': 'poly', 'estimator__gamm...  ...    0.82733
Best SVM PCA mean                    {'estimator__kernel': 'poly', 'estimator__gamm...  ...   0.850544
Best SVM PCA to_0                    {'estimator__kernel': 'poly', 'estimator__gamm...  ...   0.862263
Best Random Forest ORIGINAL deleted  {'n_estimators': 50, 'min_samples_split': 8, '...  ...    144.458
Best Random Forest ORIGINAL mean     {'n_estimators': 500, 'min_samples_split': 8, ...  ...    1419.48
Best Random Forest ORIGINAL to_0     {'n_estimators': 200, 'min_samples_split': 8, ...  ...    756.188
Best Random Forest PCA deleted       {'n_estimators': 500, 'min_samples_split': 2, ...  ...    1160.06
Best Random Forest PCA mean          {'n_estimators': 200, 'min_samples_split': 6, ...  ...    607.498
Best Random Forest PCA to_0          {'n_estimators': 500, 'min_samples_split': 2, ...  ...    1565.45

[30 rows x 3 columns]
[CV] p=2, n_neighbors=1 ..............................................
[CV] ............................... p=2, n_neighbors=1, total=   0.0s
[CV] p=1, n_neighbors=11 .............................................
[CV] .............................. p=1, n_neighbors=11, total=   0.0s
[CV] p=2, n_neighbors=16 .............................................
[CV] .............................. p=2, n_neighbors=16, total=   0.0s
[CV] p=1, n_neighbors=26 .............................................
[CV] .............................. p=1, n_neighbors=26, total=   0.1s
[CV] p=2, n_neighbors=31 .............................................
[CV] .............................. p=2, n_neighbors=31, total=   0.0s
[CV] p=1, n_neighbors=41 .............................................
[CV] .............................. p=1, n_neighbors=41, total=   0.1s
[CV] p=2, n_neighbors=46 .............................................
[CV] .............................. p=2, n_neighbors=46, total=   0.0s
[CV] p=1, n_neighbors=56 .............................................
[CV] .............................. p=1, n_neighbors=56, total=   0.1s
[CV] p=2, n_neighbors=61 .............................................
[CV] .............................. p=2, n_neighbors=61, total=   0.1s
[CV] p=1, n_neighbors=71 .............................................
[CV] .............................. p=1, n_neighbors=71, total=   0.1s
[CV] p=2, n_neighbors=76 .............................................
[CV] .............................. p=2, n_neighbors=76, total=   0.1s
[CV] p=1, n_neighbors=86 .............................................
[CV] .............................. p=1, n_neighbors=86, total=   0.1s
[CV] p=2, n_neighbors=91 .............................................
[CV] .............................. p=2, n_neighbors=91, total=   0.1s
[CV] p=2, n_neighbors=1 ..............................................
[CV] ............................... p=2, n_neighbors=1, total=   0.0s
[CV] p=1, n_neighbors=11 .............................................
[CV] .............................. p=1, n_neighbors=11, total=   0.0s
[CV] p=2, n_neighbors=16 .............................................
[CV] .............................. p=2, n_neighbors=16, total=   0.0s
[CV] p=1, n_neighbors=26 .............................................
[CV] .............................. p=1, n_neighbors=26, total=   0.0s
[CV] p=2, n_neighbors=31 .............................................
[CV] .............................. p=2, n_neighbors=31, total=   0.0s
[CV] p=1, n_neighbors=41 .............................................
[CV] .............................. p=1, n_neighbors=41, total=   0.1s
[CV] p=2, n_neighbors=46 .............................................
[CV] .............................. p=2, n_neighbors=46, total=   0.0s
[CV] p=1, n_neighbors=56 .............................................
[CV] .............................. p=1, n_neighbors=56, total=   0.1s
[CV] p=2, n_neighbors=61 .............................................
[CV] .............................. p=2, n_neighbors=61, total=   0.1s
[CV] p=1, n_neighbors=71 .............................................
[CV] .............................. p=1, n_neighbors=71, total=   0.1s
[CV] p=2, n_neighbors=76 .............................................
[CV] .............................. p=2, n_neighbors=76, total=   0.1s
[CV] p=1, n_neighbors=86 .............................................
[CV] .............................. p=1, n_neighbors=86, total=   0.1s
[CV] p=2, n_neighbors=91 .............................................
[CV] .............................. p=2, n_neighbors=91, total=   0.1s
[CV] p=2, n_neighbors=1 ..............................................
[CV] ............................... p=2, n_neighbors=1, total=   0.0s
[CV] p=1, n_neighbors=11 .............................................
[CV] .............................. p=1, n_neighbors=11, total=   0.0s
[CV] p=2, n_neighbors=16 .............................................
[CV] .............................. p=2, n_neighbors=16, total=   0.0s
[CV] p=1, n_neighbors=26 .............................................
[CV] .............................. p=1, n_neighbors=26, total=   0.1s
[CV] p=2, n_neighbors=31 .............................................
[CV] .............................. p=2, n_neighbors=31, total=   0.1s
[CV] p=1, n_neighbors=41 .............................................
[CV] .............................. p=1, n_neighbors=41, total=   0.1s
[CV] p=2, n_neighbors=46 .............................................
[CV] .............................. p=2, n_neighbors=46, total=   0.1s
[CV] p=1, n_neighbors=56 .............................................
[CV] .............................. p=1, n_neighbors=56, total=   0.1s
[CV] p=2, n_neighbors=61 .............................................
[CV] .............................. p=2, n_neighbors=61, total=   0.1s
[CV] p=1, n_neighbors=71 .............................................
[CV] .............................. p=1, n_neighbors=71, total=   0.1s
[CV] p=2, n_neighbors=76 .............................................
[CV] .............................. p=2, n_neighbors=76, total=   0.1s
[CV] p=1, n_neighbors=86 .............................................
[CV] .............................. p=1, n_neighbors=86, total=   0.1s
[CV] p=2, n_neighbors=91 .............................................
[CV] .............................. p=2, n_neighbors=91, total=   0.1s
[CV] p=2, n_neighbors=1 ..............................................
[CV] ............................... p=2, n_neighbors=1, total=   0.0s
[CV] p=1, n_neighbors=11 .............................................
[CV] .............................. p=1, n_neighbors=11, total=   0.1s
[CV] p=2, n_neighbors=16 .............................................
[CV] .............................. p=2, n_neighbors=16, total=   0.0s
[CV] p=1, n_neighbors=26 .............................................
[CV] .............................. p=1, n_neighbors=26, total=   0.1s
[CV] p=2, n_neighbors=31 .............................................
[CV] .............................. p=2, n_neighbors=31, total=   0.0s
[CV] p=1, n_neighbors=41 .............................................
[CV] .............................. p=1, n_neighbors=41, total=   0.0s
[CV] p=2, n_neighbors=46 .............................................
[CV] .............................. p=2, n_neighbors=46, total=   0.1s
[CV] p=1, n_neighbors=56 .............................................
[CV] .............................. p=1, n_neighbors=56, total=   0.1s
[CV] p=2, n_neighbors=61 .............................................
[CV] .............................. p=2, n_neighbors=61, total=   0.1s
[CV] p=1, n_neighbors=71 .............................................
[CV] .............................. p=1, n_neighbors=71, total=   0.1s
[CV] p=2, n_neighbors=76 .............................................
[CV] .............................. p=2, n_neighbors=76, total=   0.0s
[CV] p=1, n_neighbors=86 .............................................
[CV] .............................. p=1, n_neighbors=86, total=   0.1s
[CV] p=2, n_neighbors=91 .............................................
[CV] .............................. p=2, n_neighbors=91, total=   0.1s
[CV] p=2, n_neighbors=1 ..............................................
[CV] ............................... p=2, n_neighbors=1, total=   0.0s
[CV] p=1, n_neighbors=11 .............................................
[CV] .............................. p=1, n_neighbors=11, total=   0.1s
[CV] p=2, n_neighbors=16 .............................................
[CV] .............................. p=2, n_neighbors=16, total=   0.0s
[CV] p=1, n_neighbors=26 .............................................
[CV] .............................. p=1, n_neighbors=26, total=   0.0s
[CV] p=2, n_neighbors=31 .............................................
[CV] .............................. p=2, n_neighbors=31, total=   0.0s
[CV] p=1, n_neighbors=41 .............................................
[CV] .............................. p=1, n_neighbors=41, total=   0.1s
[CV] p=2, n_neighbors=46 .............................................
[CV] .............................. p=2, n_neighbors=46, total=   0.0s
[CV] p=1, n_neighbors=56 .............................................
[CV] .............................. p=1, n_neighbors=56, total=   0.1s
[CV] p=2, n_neighbors=61 .............................................
[CV] .............................. p=2, n_neighbors=61, total=   0.1s
[CV] p=1, n_neighbors=71 .............................................
[CV] .............................. p=1, n_neighbors=71, total=   0.1s
[CV] p=2, n_neighbors=76 .............................................
[CV] .............................. p=2, n_neighbors=76, total=   0.1s
[CV] p=1, n_neighbors=86 .............................................
[CV] .............................. p=1, n_neighbors=86, total=   0.1s
[CV] p=2, n_neighbors=91 .............................................
[CV] .............................. p=2, n_neighbors=91, total=   0.1s
[CV] p=3, n_neighbors=1 ..............................................
[CV] ............................... p=3, n_neighbors=1, total=   0.4s
[CV] p=1, n_neighbors=11 .............................................
[CV] .............................. p=1, n_neighbors=11, total=   0.1s
[CV] p=3, n_neighbors=16 .............................................
[CV] .............................. p=3, n_neighbors=16, total=   0.4s
[CV] p=1, n_neighbors=26 .............................................
[CV] .............................. p=1, n_neighbors=26, total=   0.0s
[CV] p=3, n_neighbors=31 .............................................
[CV] .............................. p=3, n_neighbors=31, total=   0.4s
[CV] p=1, n_neighbors=41 .............................................
[CV] .............................. p=1, n_neighbors=41, total=   0.0s
[CV] p=3, n_neighbors=46 .............................................
[CV] .............................. p=3, n_neighbors=46, total=   0.4s
[CV] p=1, n_neighbors=56 .............................................
[CV] .............................. p=1, n_neighbors=56, total=   0.1s
[CV] p=3, n_neighbors=61 .............................................
[CV] .............................. p=3, n_neighbors=61, total=   0.4s
[CV] p=1, n_neighbors=71 .............................................
[CV] .............................. p=1, n_neighbors=71, total=   0.1s
[CV] p=3, n_neighbors=76 .............................................
[CV] .............................. p=3, n_neighbors=76, total=   0.4s
[CV] p=1, n_neighbors=86 .............................................
[CV] .............................. p=1, n_neighbors=86, total=   0.1s
[CV] p=3, n_neighbors=91 .............................................
[CV] .............................. p=3, n_neighbors=91, total=   0.4s
[CV] p=3, n_neighbors=1 ..............................................
[CV] ............................... p=3, n_neighbors=1, total=   0.4s
[CV] p=1, n_neighbors=11 .............................................
[CV] .............................. p=1, n_neighbors=11, total=   0.0s
[CV] p=3, n_neighbors=16 .............................................
[CV] .............................. p=3, n_neighbors=16, total=   0.4s
[CV] p=1, n_neighbors=26 .............................................
[CV] .............................. p=1, n_neighbors=26, total=   0.0s
[CV] p=3, n_neighbors=31 .............................................
[CV] .............................. p=3, n_neighbors=31, total=   0.4s
[CV] p=1, n_neighbors=41 .............................................
[CV] .............................. p=1, n_neighbors=41, total=   0.0s
[CV] p=3, n_neighbors=46 .............................................
[CV] .............................. p=3, n_neighbors=46, total=   0.4s
[CV] p=1, n_neighbors=56 .............................................
[CV] .............................. p=1, n_neighbors=56, total=   0.1s
[CV] p=3, n_neighbors=61 .............................................
[CV] .............................. p=3, n_neighbors=61, total=   0.4s
[CV] p=1, n_neighbors=71 .............................................
[CV] .............................. p=1, n_neighbors=71, total=   0.1s
[CV] p=3, n_neighbors=76 .............................................
[CV] .............................. p=3, n_neighbors=76, total=   0.4s
[CV] p=1, n_neighbors=86 .............................................
[CV] .............................. p=1, n_neighbors=86, total=   0.1s
[CV] p=3, n_neighbors=91 .............................................
[CV] .............................. p=3, n_neighbors=91, total=   0.4s
[CV] p=3, n_neighbors=1 ..............................................
[CV] ............................... p=3, n_neighbors=1, total=   0.4s
[CV] p=1, n_neighbors=11 .............................................
[CV] .............................. p=1, n_neighbors=11, total=   0.1s
[CV] p=3, n_neighbors=16 .............................................
[CV] .............................. p=3, n_neighbors=16, total=   0.4s
[CV] p=1, n_neighbors=26 .............................................
[CV] .............................. p=1, n_neighbors=26, total=   0.1s
[CV] p=3, n_neighbors=31 .............................................
[CV] .............................. p=3, n_neighbors=31, total=   0.4s
[CV] p=1, n_neighbors=41 .............................................
[CV] .............................. p=1, n_neighbors=41, total=   0.1s
[CV] p=3, n_neighbors=46 .............................................
[CV] .............................. p=3, n_neighbors=46, total=   0.4s
[CV] p=1, n_neighbors=56 .............................................
[CV] .............................. p=1, n_neighbors=56, total=   0.1s
[CV] p=3, n_neighbors=61 .............................................
[CV] .............................. p=3, n_neighbors=61, total=   0.4s
[CV] p=1, n_neighbors=71 .............................................
[CV] .............................. p=1, n_neighbors=71, total=   0.0s
[CV] p=3, n_neighbors=76 .............................................
[CV] .............................. p=3, n_neighbors=76, total=   0.4s
[CV] p=1, n_neighbors=86 .............................................
[CV] .............................. p=1, n_neighbors=86, total=   0.1s
[CV] p=3, n_neighbors=91 .............................................
[CV] .............................. p=3, n_neighbors=91, total=   0.4s
[CV] p=3, n_neighbors=1 ..............................................
[CV] ............................... p=3, n_neighbors=1, total=   0.4s
[CV] p=1, n_neighbors=11 .............................................
[CV] .............................. p=1, n_neighbors=11, total=   0.0s
[CV] p=3, n_neighbors=16 .............................................
[CV] .............................. p=3, n_neighbors=16, total=   0.4s
[CV] p=1, n_neighbors=26 .............................................
[CV] .............................. p=1, n_neighbors=26, total=   0.1s
[CV] p=3, n_neighbors=31 .............................................
[CV] .............................. p=3, n_neighbors=31, total=   0.4s
[CV] p=1, n_neighbors=41 .............................................
[CV] .............................. p=1, n_neighbors=41, total=   0.0s
[CV] p=3, n_neighbors=46 .............................................
[CV] .............................. p=3, n_neighbors=46, total=   0.4s
[CV] p=1, n_neighbors=56 .............................................
[CV] .............................. p=1, n_neighbors=56, total=   0.0s
[CV] p=3, n_neighbors=61 .............................................
[CV] .............................. p=3, n_neighbors=61, total=   0.4s
[CV] p=1, n_neighbors=71 .............................................
[CV] .............................. p=1, n_neighbors=71, total=   0.1s
[CV] p=3, n_neighbors=76 .............................................
[CV] .............................. p=3, n_neighbors=76, total=   0.4s
[CV] p=1, n_neighbors=86 .............................................
[CV] .............................. p=1, n_neighbors=86, total=   0.1s
[CV] p=3, n_neighbors=91 .............................................
[CV] .............................. p=3, n_neighbors=91, total=   0.4s
[CV] p=3, n_neighbors=1 ..............................................
[CV] ............................... p=3, n_neighbors=1, total=   0.4s
[CV] p=1, n_neighbors=11 .............................................
[CV] .............................. p=1, n_neighbors=11, total=   0.0s
[CV] p=3, n_neighbors=16 .............................................
[CV] .............................. p=3, n_neighbors=16, total=   0.4s
[CV] p=1, n_neighbors=26 .............................................
[CV] .............................. p=1, n_neighbors=26, total=   0.0s
[CV] p=3, n_neighbors=31 .............................................
[CV] .............................. p=3, n_neighbors=31, total=   0.4s
[CV] p=1, n_neighbors=41 .............................................
[CV] .............................. p=1, n_neighbors=41, total=   0.0s
[CV] p=3, n_neighbors=46 .............................................
[CV] .............................. p=3, n_neighbors=46, total=   0.4s
[CV] p=1, n_neighbors=56 .............................................
[CV] .............................. p=1, n_neighbors=56, total=   0.0s
[CV] p=3, n_neighbors=61 .............................................
[CV] .............................. p=3, n_neighbors=61, total=   0.4s
[CV] p=1, n_neighbors=71 .............................................
[CV] .............................. p=1, n_neighbors=71, total=   0.1s
[CV] p=3, n_neighbors=76 .............................................
[CV] .............................. p=3, n_neighbors=76, total=   0.4s
[CV] p=1, n_neighbors=86 .............................................
[CV] .............................. p=1, n_neighbors=86, total=   0.1s
[CV] p=3, n_neighbors=91 .............................................
[CV] .............................. p=3, n_neighbors=91, total=   0.4s
[CV] p=3, n_neighbors=1 ..............................................
[CV] ............................... p=3, n_neighbors=1, total=   0.4s
[CV] p=2, n_neighbors=11 .............................................
[CV] .............................. p=2, n_neighbors=11, total=   0.0s
[CV] p=3, n_neighbors=16 .............................................
[CV] .............................. p=3, n_neighbors=16, total=   0.4s
[CV] p=2, n_neighbors=26 .............................................
[CV] .............................. p=2, n_neighbors=26, total=   0.1s
[CV] p=3, n_neighbors=31 .............................................
[CV] .............................. p=3, n_neighbors=31, total=   0.4s
[CV] p=2, n_neighbors=41 .............................................
[CV] .............................. p=2, n_neighbors=41, total=   0.1s
[CV] p=3, n_neighbors=46 .............................................
[CV] .............................. p=3, n_neighbors=46, total=   0.4s
[CV] p=2, n_neighbors=56 .............................................
[CV] .............................. p=2, n_neighbors=56, total=   0.1s
[CV] p=3, n_neighbors=61 .............................................
[CV] .............................. p=3, n_neighbors=61, total=   0.4s
[CV] p=2, n_neighbors=71 .............................................
[CV] .............................. p=2, n_neighbors=71, total=   0.1s
[CV] p=3, n_neighbors=76 .............................................
[CV] .............................. p=3, n_neighbors=76, total=   0.4s
[CV] p=2, n_neighbors=86 .............................................
[CV] .............................. p=2, n_neighbors=86, total=   0.1s
[CV] p=3, n_neighbors=91 .............................................
[CV] .............................. p=3, n_neighbors=91, total=   0.4s
[CV] p=3, n_neighbors=1 ..............................................
[CV] ............................... p=3, n_neighbors=1, total=   0.4s
[CV] p=2, n_neighbors=11 .............................................
[CV] .............................. p=2, n_neighbors=11, total=   0.0s
[CV] p=3, n_neighbors=16 .............................................
[CV] .............................. p=3, n_neighbors=16, total=   0.4s
[CV] p=2, n_neighbors=26 .............................................
[CV] .............................. p=2, n_neighbors=26, total=   0.1s
[CV] p=3, n_neighbors=31 .............................................
[CV] .............................. p=3, n_neighbors=31, total=   0.4s
[CV] p=2, n_neighbors=41 .............................................
[CV] .............................. p=2, n_neighbors=41, total=   0.0s
[CV] p=3, n_neighbors=46 .............................................
[CV] .............................. p=3, n_neighbors=46, total=   0.4s
[CV] p=2, n_neighbors=56 .............................................
[CV] .............................. p=2, n_neighbors=56, total=   0.1s
[CV] p=3, n_neighbors=61 .............................................
[CV] .............................. p=3, n_neighbors=61, total=   0.4s
[CV] p=2, n_neighbors=71 .............................................
[CV] .............................. p=2, n_neighbors=71, total=   0.0s
[CV] p=3, n_neighbors=76 .............................................
[CV] .............................. p=3, n_neighbors=76, total=   0.4s
[CV] p=2, n_neighbors=86 .............................................
[CV] .............................. p=2, n_neighbors=86, total=   0.1s
[CV] p=3, n_neighbors=91 .............................................
[CV] .............................. p=3, n_neighbors=91, total=   0.4s
[CV] p=3, n_neighbors=1 ..............................................
[CV] ............................... p=3, n_neighbors=1, total=   0.4s
[CV] p=2, n_neighbors=11 .............................................
[CV] .............................. p=2, n_neighbors=11, total=   0.1s
[CV] p=3, n_neighbors=16 .............................................
[CV] .............................. p=3, n_neighbors=16, total=   0.4s
[CV] p=2, n_neighbors=26 .............................................
[CV] .............................. p=2, n_neighbors=26, total=   0.1s
[CV] p=3, n_neighbors=31 .............................................
[CV] .............................. p=3, n_neighbors=31, total=   0.4s
[CV] p=2, n_neighbors=41 .............................................
[CV] .............................. p=2, n_neighbors=41, total=   0.0s
[CV] p=3, n_neighbors=46 .............................................
[CV] .............................. p=3, n_neighbors=46, total=   0.4s
[CV] p=2, n_neighbors=56 .............................................
[CV] .............................. p=2, n_neighbors=56, total=   0.1s
[CV] p=3, n_neighbors=61 .............................................
[CV] .............................. p=3, n_neighbors=61, total=   0.4s
[CV] p=2, n_neighbors=71 .............................................
[CV] .............................. p=2, n_neighbors=71, total=   0.1s
[CV] p=3, n_neighbors=76 .............................................
[CV] .............................. p=3, n_neighbors=76, total=   0.4s
[CV] p=2, n_neighbors=86 .............................................
[CV] .............................. p=2, n_neighbors=86, total=   0.1s
[CV] p=3, n_neighbors=91 .............................................
[CV] .............................. p=3, n_neighbors=91, total=   0.4s
[CV] p=3, n_neighbors=1 ..............................................
[CV] ............................... p=3, n_neighbors=1, total=   0.4s
[CV] p=2, n_neighbors=11 .............................................
[CV] .............................. p=2, n_neighbors=11, total=   0.0s
[CV] p=3, n_neighbors=16 .............................................
[CV] .............................. p=3, n_neighbors=16, total=   0.4s
[CV] p=2, n_neighbors=26 .............................................
[CV] .............................. p=2, n_neighbors=26, total=   0.1s
[CV] p=3, n_neighbors=31 .............................................
[CV] .............................. p=3, n_neighbors=31, total=   0.4s
[CV] p=2, n_neighbors=41 .............................................
[CV] .............................. p=2, n_neighbors=41, total=   0.0s
[CV] p=3, n_neighbors=46 .............................................
[CV] .............................. p=3, n_neighbors=46, total=   0.4s
[CV] p=2, n_neighbors=56 .............................................
[CV] .............................. p=2, n_neighbors=56, total=   0.1s
[CV] p=3, n_neighbors=61 .............................................
[CV] .............................. p=3, n_neighbors=61, total=   0.4s
[CV] p=2, n_neighbors=71 .............................................
[CV] .............................. p=2, n_neighbors=71, total=   0.1s
[CV] p=3, n_neighbors=76 .............................................
[CV] .............................. p=3, n_neighbors=76, total=   0.4s
[CV] p=2, n_neighbors=86 .............................................
[CV] .............................. p=2, n_neighbors=86, total=   0.1s
[CV] p=3, n_neighbors=91 .............................................
[CV] .............................. p=3, n_neighbors=91, total=   0.4s
[CV] p=3, n_neighbors=1 ..............................................
[CV] ............................... p=3, n_neighbors=1, total=   0.4s
[CV] p=2, n_neighbors=11 .............................................
[CV] .............................. p=2, n_neighbors=11, total=   0.1s
[CV] p=3, n_neighbors=16 .............................................
[CV] .............................. p=3, n_neighbors=16, total=   0.4s
[CV] p=2, n_neighbors=26 .............................................
[CV] .............................. p=2, n_neighbors=26, total=   0.1s
[CV] p=3, n_neighbors=31 .............................................
[CV] .............................. p=3, n_neighbors=31, total=   0.4s
[CV] p=2, n_neighbors=41 .............................................
[CV] .............................. p=2, n_neighbors=41, total=   0.1s
[CV] p=3, n_neighbors=46 .............................................
[CV] .............................. p=3, n_neighbors=46, total=   0.4s
[CV] p=2, n_neighbors=56 .............................................
[CV] .............................. p=2, n_neighbors=56, total=   0.1s
[CV] p=3, n_neighbors=61 .............................................
[CV] .............................. p=3, n_neighbors=61, total=   0.4s
[CV] p=2, n_neighbors=71 .............................................
[CV] .............................. p=2, n_neighbors=71, total=   0.1s
[CV] p=3, n_neighbors=76 .............................................
[CV] .............................. p=3, n_neighbors=76, total=   0.4s
[CV] p=2, n_neighbors=86 .............................................
[CV] .............................. p=2, n_neighbors=86, total=   0.1s
[CV] p=3, n_neighbors=91 .............................................
[CV] .............................. p=3, n_neighbors=91, total=   0.4s
[CV] p=1, n_neighbors=6 ..............................................
[CV] ............................... p=1, n_neighbors=6, total=   0.0s
[CV] p=2, n_neighbors=11 .............................................
[CV] .............................. p=2, n_neighbors=11, total=   0.0s
[CV] p=1, n_neighbors=21 .............................................
[CV] .............................. p=1, n_neighbors=21, total=   0.1s
[CV] p=2, n_neighbors=26 .............................................
[CV] .............................. p=2, n_neighbors=26, total=   0.0s
[CV] p=1, n_neighbors=36 .............................................
[CV] .............................. p=1, n_neighbors=36, total=   0.1s
[CV] p=2, n_neighbors=41 .............................................
[CV] .............................. p=2, n_neighbors=41, total=   0.1s
[CV] p=1, n_neighbors=51 .............................................
[CV] .............................. p=1, n_neighbors=51, total=   0.1s
[CV] p=2, n_neighbors=56 .............................................
[CV] .............................. p=2, n_neighbors=56, total=   0.0s
[CV] p=1, n_neighbors=66 .............................................
[CV] .............................. p=1, n_neighbors=66, total=   0.1s
[CV] p=2, n_neighbors=71 .............................................
[CV] .............................. p=2, n_neighbors=71, total=   0.0s
[CV] p=1, n_neighbors=81 .............................................
[CV] .............................. p=1, n_neighbors=81, total=   0.1s
[CV] p=2, n_neighbors=86 .............................................
[CV] .............................. p=2, n_neighbors=86, total=   0.1s
[CV] p=1, n_neighbors=96 .............................................
[CV] .............................. p=1, n_neighbors=96, total=   0.1s
[CV] p=1, n_neighbors=6 ..............................................
[CV] ............................... p=1, n_neighbors=6, total=   0.0s
[CV] p=2, n_neighbors=11 .............................................
[CV] .............................. p=2, n_neighbors=11, total=   0.1s
[CV] p=1, n_neighbors=21 .............................................
[CV] .............................. p=1, n_neighbors=21, total=   0.1s
[CV] p=2, n_neighbors=26 .............................................
[CV] .............................. p=2, n_neighbors=26, total=   0.0s
[CV] p=1, n_neighbors=36 .............................................
[CV] .............................. p=1, n_neighbors=36, total=   0.1s
[CV] p=2, n_neighbors=41 .............................................
[CV] .............................. p=2, n_neighbors=41, total=   0.1s
[CV] p=1, n_neighbors=51 .............................................
[CV] .............................. p=1, n_neighbors=51, total=   0.1s
[CV] p=2, n_neighbors=56 .............................................
[CV] .............................. p=2, n_neighbors=56, total=   0.1s
[CV] p=1, n_neighbors=66 .............................................
[CV] .............................. p=1, n_neighbors=66, total=   0.1s
[CV] p=2, n_neighbors=71 .............................................
[CV] .............................. p=2, n_neighbors=71, total=   0.1s
[CV] p=1, n_neighbors=81 .............................................
[CV] .............................. p=1, n_neighbors=81, total=   0.1s
[CV] p=2, n_neighbors=86 .............................................
[CV] .............................. p=2, n_neighbors=86, total=   0.1s
[CV] p=1, n_neighbors=96 .............................................
[CV] .............................. p=1, n_neighbors=96, total=   0.1s
[CV] p=1, n_neighbors=6 ..............................................
[CV] ............................... p=1, n_neighbors=6, total=   0.0s
[CV] p=2, n_neighbors=11 .............................................
[CV] .............................. p=2, n_neighbors=11, total=   0.0s
[CV] p=1, n_neighbors=21 .............................................
[CV] .............................. p=1, n_neighbors=21, total=   0.1s
[CV] p=2, n_neighbors=26 .............................................
[CV] .............................. p=2, n_neighbors=26, total=   0.0s
[CV] p=1, n_neighbors=36 .............................................
[CV] .............................. p=1, n_neighbors=36, total=   0.0s
[CV] p=2, n_neighbors=41 .............................................
[CV] .............................. p=2, n_neighbors=41, total=   0.1s
[CV] p=1, n_neighbors=51 .............................................
[CV] .............................. p=1, n_neighbors=51, total=   0.1s
[CV] p=2, n_neighbors=56 .............................................
[CV] .............................. p=2, n_neighbors=56, total=   0.0s
[CV] p=1, n_neighbors=66 .............................................
[CV] .............................. p=1, n_neighbors=66, total=   0.1s
[CV] p=2, n_neighbors=71 .............................................
[CV] .............................. p=2, n_neighbors=71, total=   0.1s
[CV] p=1, n_neighbors=81 .............................................
[CV] .............................. p=1, n_neighbors=81, total=   0.0s
[CV] p=2, n_neighbors=86 .............................................
[CV] .............................. p=2, n_neighbors=86, total=   0.0s
[CV] p=1, n_neighbors=96 .............................................
[CV] .............................. p=1, n_neighbors=96, total=   0.1s
[CV] p=1, n_neighbors=6 ..............................................
[CV] ............................... p=1, n_neighbors=6, total=   0.0s
[CV] p=2, n_neighbors=11 .............................................
[CV] .............................. p=2, n_neighbors=11, total=   0.0s
[CV] p=1, n_neighbors=21 .............................................
[CV] .............................. p=1, n_neighbors=21, total=   0.0s
[CV] p=2, n_neighbors=26 .............................................
[CV] .............................. p=2, n_neighbors=26, total=   0.1s
[CV] p=1, n_neighbors=36 .............................................
[CV] .............................. p=1, n_neighbors=36, total=   0.1s
[CV] p=2, n_neighbors=41 .............................................
[CV] .............................. p=2, n_neighbors=41, total=   0.1s
[CV] p=1, n_neighbors=51 .............................................
[CV] .............................. p=1, n_neighbors=51, total=   0.1s
[CV] p=2, n_neighbors=56 .............................................
[CV] .............................. p=2, n_neighbors=56, total=   0.1s
[CV] p=1, n_neighbors=66 .............................................
[CV] .............................. p=1, n_neighbors=66, total=   0.1s
[CV] p=2, n_neighbors=71 .............................................
[CV] .............................. p=2, n_neighbors=71, total=   0.0s
[CV] p=1, n_neighbors=81 .............................................
[CV] .............................. p=1, n_neighbors=81, total=   0.1s
[CV] p=2, n_neighbors=86 .............................................
[CV] .............................. p=2, n_neighbors=86, total=   0.1s
[CV] p=1, n_neighbors=96 .............................................
[CV] .............................. p=1, n_neighbors=96, total=   0.1s
[CV] p=1, n_neighbors=6 ..............................................
[CV] ............................... p=1, n_neighbors=6, total=   0.0s
[CV] p=2, n_neighbors=11 .............................................
[CV] .............................. p=2, n_neighbors=11, total=   0.0s
[CV] p=1, n_neighbors=21 .............................................
[CV] .............................. p=1, n_neighbors=21, total=   0.1s
[CV] p=2, n_neighbors=26 .............................................
[CV] .............................. p=2, n_neighbors=26, total=   0.0s
[CV] p=1, n_neighbors=36 .............................................
[CV] .............................. p=1, n_neighbors=36, total=   0.1s
[CV] p=2, n_neighbors=41 .............................................
[CV] .............................. p=2, n_neighbors=41, total=   0.1s
[CV] p=1, n_neighbors=51 .............................................
[CV] .............................. p=1, n_neighbors=51, total=   0.1s
[CV] p=2, n_neighbors=56 .............................................
[CV] .............................. p=2, n_neighbors=56, total=   0.0s
[CV] p=1, n_neighbors=66 .............................................
[CV] .............................. p=1, n_neighbors=66, total=   0.1s
[CV] p=2, n_neighbors=71 .............................................
[CV] .............................. p=2, n_neighbors=71, total=   0.1s
[CV] p=1, n_neighbors=81 .............................................
[CV] .............................. p=1, n_neighbors=81, total=   0.1s
[CV] p=2, n_neighbors=86 .............................................
[CV] .............................. p=2, n_neighbors=86, total=   0.0s
[CV] p=1, n_neighbors=96 .............................................
[CV] .............................. p=1, n_neighbors=96, total=   0.1s
[CV] p=1, n_neighbors=6 ..............................................
[CV] ............................... p=1, n_neighbors=6, total=   0.0s
[CV] p=3, n_neighbors=11 .............................................
[CV] .............................. p=3, n_neighbors=11, total=   0.4s
[CV] p=1, n_neighbors=21 .............................................
[CV] .............................. p=1, n_neighbors=21, total=   0.0s
[CV] p=3, n_neighbors=26 .............................................
[CV] .............................. p=3, n_neighbors=26, total=   0.4s
[CV] p=1, n_neighbors=36 .............................................
[CV] .............................. p=1, n_neighbors=36, total=   0.1s
[CV] p=3, n_neighbors=41 .............................................
[CV] .............................. p=3, n_neighbors=41, total=   0.4s
[CV] p=1, n_neighbors=51 .............................................
[CV] .............................. p=1, n_neighbors=51, total=   0.1s
[CV] p=3, n_neighbors=56 .............................................
[CV] .............................. p=3, n_neighbors=56, total=   0.4s
[CV] p=1, n_neighbors=66 .............................................
[CV] .............................. p=1, n_neighbors=66, total=   0.1s
[CV] p=3, n_neighbors=71 .............................................
[CV] .............................. p=3, n_neighbors=71, total=   0.4s
[CV] p=1, n_neighbors=81 .............................................
[CV] .............................. p=1, n_neighbors=81, total=   0.1s
[CV] p=3, n_neighbors=86 .............................................
[CV] .............................. p=3, n_neighbors=86, total=   0.4s
[CV] p=1, n_neighbors=96 .............................................
[CV] .............................. p=1, n_neighbors=96, total=   0.1s
[CV] p=1, n_neighbors=6 ..............................................
[CV] ............................... p=1, n_neighbors=6, total=   0.0s
[CV] p=3, n_neighbors=11 .............................................
[CV] .............................. p=3, n_neighbors=11, total=   0.4s
[CV] p=1, n_neighbors=21 .............................................
[CV] .............................. p=1, n_neighbors=21, total=   0.0s
[CV] p=3, n_neighbors=26 .............................................
[CV] .............................. p=3, n_neighbors=26, total=   0.4s
[CV] p=1, n_neighbors=36 .............................................
[CV] .............................. p=1, n_neighbors=36, total=   0.0s
[CV] p=3, n_neighbors=41 .............................................
[CV] .............................. p=3, n_neighbors=41, total=   0.4s
[CV] p=1, n_neighbors=51 .............................................
[CV] .............................. p=1, n_neighbors=51, total=   0.0s
[CV] p=3, n_neighbors=56 .............................................
[CV] .............................. p=3, n_neighbors=56, total=   0.4s
[CV] p=1, n_neighbors=66 .............................................
[CV] .............................. p=1, n_neighbors=66, total=   0.1s
[CV] p=3, n_neighbors=71 .............................................
[CV] .............................. p=3, n_neighbors=71, total=   0.4s
[CV] p=1, n_neighbors=81 .............................................
[CV] .............................. p=1, n_neighbors=81, total=   0.1s
[CV] p=3, n_neighbors=86 .............................................
[CV] .............................. p=3, n_neighbors=86, total=   0.4s
[CV] p=1, n_neighbors=96 .............................................
[CV] .............................. p=1, n_neighbors=96, total=   0.1s
[CV] p=1, n_neighbors=6 ..............................................
[CV] ............................... p=1, n_neighbors=6, total=   0.0s
[CV] p=3, n_neighbors=11 .............................................
[CV] .............................. p=3, n_neighbors=11, total=   0.4s
[CV] p=1, n_neighbors=21 .............................................
[CV] .............................. p=1, n_neighbors=21, total=   0.0s
[CV] p=3, n_neighbors=26 .............................................
[CV] .............................. p=3, n_neighbors=26, total=   0.4s
[CV] p=1, n_neighbors=36 .............................................
[CV] .............................. p=1, n_neighbors=36, total=   0.1s
[CV] p=3, n_neighbors=41 .............................................
[CV] .............................. p=3, n_neighbors=41, total=   0.4s
[CV] p=1, n_neighbors=51 .............................................
[CV] .............................. p=1, n_neighbors=51, total=   0.0s
[CV] p=3, n_neighbors=56 .............................................
[CV] .............................. p=3, n_neighbors=56, total=   0.4s
[CV] p=1, n_neighbors=66 .............................................
[CV] .............................. p=1, n_neighbors=66, total=   0.1s
[CV] p=3, n_neighbors=71 .............................................
[CV] .............................. p=3, n_neighbors=71, total=   0.4s
[CV] p=1, n_neighbors=81 .............................................
[CV] .............................. p=1, n_neighbors=81, total=   0.1s
[CV] p=3, n_neighbors=86 .............................................
[CV] .............................. p=3, n_neighbors=86, total=   0.4s
[CV] p=1, n_neighbors=96 .............................................
[CV] .............................. p=1, n_neighbors=96, total=   0.0s
[CV] p=1, n_neighbors=6 ..............................................
[CV] ............................... p=1, n_neighbors=6, total=   0.0s
[CV] p=3, n_neighbors=11 .............................................
[CV] .............................. p=3, n_neighbors=11, total=   0.4s
[CV] p=1, n_neighbors=21 .............................................
[CV] .............................. p=1, n_neighbors=21, total=   0.1s
[CV] p=3, n_neighbors=26 .............................................
[CV] .............................. p=3, n_neighbors=26, total=   0.4s
[CV] p=1, n_neighbors=36 .............................................
[CV] .............................. p=1, n_neighbors=36, total=   0.0s
[CV] p=3, n_neighbors=41 .............................................
[CV] .............................. p=3, n_neighbors=41, total=   0.4s
[CV] p=1, n_neighbors=51 .............................................
[CV] .............................. p=1, n_neighbors=51, total=   0.0s
[CV] p=3, n_neighbors=56 .............................................
[CV] .............................. p=3, n_neighbors=56, total=   0.4s
[CV] p=1, n_neighbors=66 .............................................
[CV] .............................. p=1, n_neighbors=66, total=   0.1s
[CV] p=3, n_neighbors=71 .............................................
[CV] .............................. p=3, n_neighbors=71, total=   0.4s
[CV] p=1, n_neighbors=81 .............................................
[CV] .............................. p=1, n_neighbors=81, total=   0.1s
[CV] p=3, n_neighbors=86 .............................................
[CV] .............................. p=3, n_neighbors=86, total=   0.4s
[CV] p=1, n_neighbors=96 .............................................
[CV] .............................. p=1, n_neighbors=96, total=   0.1s
[CV] p=1, n_neighbors=6 ..............................................
[CV] ............................... p=1, n_neighbors=6, total=   0.0s
[CV] p=3, n_neighbors=11 .............................................
[CV] .............................. p=3, n_neighbors=11, total=   0.4s
[CV] p=1, n_neighbors=21 .............................................
[CV] .............................. p=1, n_neighbors=21, total=   0.0s
[CV] p=3, n_neighbors=26 .............................................
[CV] .............................. p=3, n_neighbors=26, total=   0.4s
[CV] p=1, n_neighbors=36 .............................................
[CV] .............................. p=1, n_neighbors=36, total=   0.0s
[CV] p=3, n_neighbors=41 .............................................
[CV] .............................. p=3, n_neighbors=41, total=   0.4s
[CV] p=1, n_neighbors=51 .............................................
[CV] .............................. p=1, n_neighbors=51, total=   0.0s
[CV] p=3, n_neighbors=56 .............................................
[CV] .............................. p=3, n_neighbors=56, total=   0.4s
[CV] p=1, n_neighbors=66 .............................................
[CV] .............................. p=1, n_neighbors=66, total=   0.0s
[CV] p=3, n_neighbors=71 .............................................
[CV] .............................. p=3, n_neighbors=71, total=   0.4s
[CV] p=1, n_neighbors=81 .............................................
[CV] .............................. p=1, n_neighbors=81, total=   0.1s
[CV] p=3, n_neighbors=86 .............................................
[CV] .............................. p=3, n_neighbors=86, total=   0.4s
[CV] p=1, n_neighbors=96 .............................................
[CV] .............................. p=1, n_neighbors=96, total=   0.1s
[CV] p=2, n_neighbors=6 ..............................................
[CV] ............................... p=2, n_neighbors=6, total=   0.0s
[CV] p=3, n_neighbors=11 .............................................
[CV] .............................. p=3, n_neighbors=11, total=   0.4s
[CV] p=2, n_neighbors=21 .............................................
[CV] .............................. p=2, n_neighbors=21, total=   0.0s
[CV] p=3, n_neighbors=26 .............................................
[CV] .............................. p=3, n_neighbors=26, total=   0.4s
[CV] p=2, n_neighbors=36 .............................................
[CV] .............................. p=2, n_neighbors=36, total=   0.1s
[CV] p=3, n_neighbors=41 .............................................
[CV] .............................. p=3, n_neighbors=41, total=   0.4s
[CV] p=2, n_neighbors=51 .............................................
[CV] .............................. p=2, n_neighbors=51, total=   0.1s
[CV] p=3, n_neighbors=56 .............................................
[CV] .............................. p=3, n_neighbors=56, total=   0.4s
[CV] p=2, n_neighbors=66 .............................................
[CV] .............................. p=2, n_neighbors=66, total=   0.1s
[CV] p=3, n_neighbors=71 .............................................
[CV] .............................. p=3, n_neighbors=71, total=   0.4s
[CV] p=2, n_neighbors=81 .............................................
[CV] .............................. p=2, n_neighbors=81, total=   0.1s
[CV] p=3, n_neighbors=86 .............................................
[CV] .............................. p=3, n_neighbors=86, total=   0.4s
[CV] p=2, n_neighbors=96 .............................................
[CV] .............................. p=2, n_neighbors=96, total=   0.1s
[CV] p=2, n_neighbors=6 ..............................................
[CV] ............................... p=2, n_neighbors=6, total=   0.0s
[CV] p=3, n_neighbors=11 .............................................
[CV] .............................. p=3, n_neighbors=11, total=   0.4s
[CV] p=2, n_neighbors=21 .............................................
[CV] .............................. p=2, n_neighbors=21, total=   0.0s
[CV] p=3, n_neighbors=26 .............................................
[CV] .............................. p=3, n_neighbors=26, total=   0.4s
[CV] p=2, n_neighbors=36 .............................................
[CV] .............................. p=2, n_neighbors=36, total=   0.1s
[CV] p=3, n_neighbors=41 .............................................
[CV] .............................. p=3, n_neighbors=41, total=   0.4s
[CV] p=2, n_neighbors=51 .............................................
[CV] .............................. p=2, n_neighbors=51, total=   0.1s
[CV] p=3, n_neighbors=56 .............................................
[CV] .............................. p=3, n_neighbors=56, total=   0.4s
[CV] p=2, n_neighbors=66 .............................................
[CV] .............................. p=2, n_neighbors=66, total=   0.1s
[CV] p=3, n_neighbors=71 .............................................
[CV] .............................. p=3, n_neighbors=71, total=   0.4s
[CV] p=2, n_neighbors=81 .............................................
[CV] .............................. p=2, n_neighbors=81, total=   0.1s
[CV] p=3, n_neighbors=86 .............................................
[CV] .............................. p=3, n_neighbors=86, total=   0.4s
[CV] p=2, n_neighbors=96 .............................................
[CV] .............................. p=2, n_neighbors=96, total=   0.1s
[CV] p=2, n_neighbors=6 ..............................................
[CV] ............................... p=2, n_neighbors=6, total=   0.0s
[CV] p=3, n_neighbors=11 .............................................
[CV] .............................. p=3, n_neighbors=11, total=   0.4s
[CV] p=2, n_neighbors=21 .............................................
[CV] .............................. p=2, n_neighbors=21, total=   0.0s
[CV] p=3, n_neighbors=26 .............................................
[CV] .............................. p=3, n_neighbors=26, total=   0.4s
[CV] p=2, n_neighbors=36 .............................................
[CV] .............................. p=2, n_neighbors=36, total=   0.1s
[CV] p=3, n_neighbors=41 .............................................
[CV] .............................. p=3, n_neighbors=41, total=   0.4s
[CV] p=2, n_neighbors=51 .............................................
[CV] .............................. p=2, n_neighbors=51, total=   0.1s
[CV] p=3, n_neighbors=56 .............................................
[CV] .............................. p=3, n_neighbors=56, total=   0.4s
[CV] p=2, n_neighbors=66 .............................................
[CV] .............................. p=2, n_neighbors=66, total=   0.1s
[CV] p=3, n_neighbors=71 .............................................
[CV] .............................. p=3, n_neighbors=71, total=   0.4s
[CV] p=2, n_neighbors=81 .............................................
[CV] .............................. p=2, n_neighbors=81, total=   0.1s
[CV] p=3, n_neighbors=86 .............................................
[CV] .............................. p=3, n_neighbors=86, total=   0.4s
[CV] p=2, n_neighbors=96 .............................................
[CV] .............................. p=2, n_neighbors=96, total=   0.1s
[CV] p=2, n_neighbors=6 ..............................................
[CV] ............................... p=2, n_neighbors=6, total=   0.0s
[CV] p=3, n_neighbors=11 .............................................
[CV] .............................. p=3, n_neighbors=11, total=   0.4s
[CV] p=2, n_neighbors=21 .............................................
[CV] .............................. p=2, n_neighbors=21, total=   0.1s
[CV] p=3, n_neighbors=26 .............................................
[CV] .............................. p=3, n_neighbors=26, total=   0.4s
[CV] p=2, n_neighbors=36 .............................................
[CV] .............................. p=2, n_neighbors=36, total=   0.1s
[CV] p=3, n_neighbors=41 .............................................
[CV] .............................. p=3, n_neighbors=41, total=   0.4s
[CV] p=2, n_neighbors=51 .............................................
[CV] .............................. p=2, n_neighbors=51, total=   0.1s
[CV] p=3, n_neighbors=56 .............................................
[CV] .............................. p=3, n_neighbors=56, total=   0.4s
[CV] p=2, n_neighbors=66 .............................................
[CV] .............................. p=2, n_neighbors=66, total=   0.1s
[CV] p=3, n_neighbors=71 .............................................
[CV] .............................. p=3, n_neighbors=71, total=   0.4s
[CV] p=2, n_neighbors=81 .............................................
[CV] .............................. p=2, n_neighbors=81, total=   0.1s
[CV] p=3, n_neighbors=86 .............................................
[CV] .............................. p=3, n_neighbors=86, total=   0.4s
[CV] p=2, n_neighbors=96 .............................................
[CV] .............................. p=2, n_neighbors=96, total=   0.1s
[CV] p=2, n_neighbors=6 ..............................................
[CV] ............................... p=2, n_neighbors=6, total=   0.0s
[CV] p=3, n_neighbors=11 .............................................
[CV] .............................. p=3, n_neighbors=11, total=   0.4s
[CV] p=2, n_neighbors=21 .............................................
[CV] .............................. p=2, n_neighbors=21, total=   0.0s
[CV] p=3, n_neighbors=26 .............................................
[CV] .............................. p=3, n_neighbors=26, total=   0.4s
[CV] p=2, n_neighbors=36 .............................................
[CV] .............................. p=2, n_neighbors=36, total=   0.1s
[CV] p=3, n_neighbors=41 .............................................
[CV] .............................. p=3, n_neighbors=41, total=   0.4s
[CV] p=2, n_neighbors=51 .............................................
[CV] .............................. p=2, n_neighbors=51, total=   0.1s
[CV] p=3, n_neighbors=56 .............................................
[CV] .............................. p=3, n_neighbors=56, total=   0.4s
[CV] p=2, n_neighbors=66 .............................................
[CV] .............................. p=2, n_neighbors=66, total=   0.1s
[CV] p=3, n_neighbors=71 .............................................
[CV] .............................. p=3, n_neighbors=71, total=   0.4s
[CV] p=2, n_neighbors=81 .............................................
[CV] .............................. p=2, n_neighbors=81, total=   0.1s
[CV] p=3, n_neighbors=86 .............................................
[CV] .............................. p=3, n_neighbors=86, total=   0.4s
[CV] p=2, n_neighbors=96 .............................................
[CV] .............................. p=2, n_neighbors=96, total=   0.1s
[CV] p=1, n_neighbors=1 ..............................................
[CV] ............................... p=1, n_neighbors=1, total=   0.0s
[CV] p=2, n_neighbors=6 ..............................................
[CV] ............................... p=2, n_neighbors=6, total=   0.0s
[CV] p=1, n_neighbors=16 .............................................
[CV] .............................. p=1, n_neighbors=16, total=   0.0s
[CV] p=2, n_neighbors=21 .............................................
[CV] .............................. p=2, n_neighbors=21, total=   0.0s
[CV] p=1, n_neighbors=31 .............................................
[CV] .............................. p=1, n_neighbors=31, total=   0.0s
[CV] p=2, n_neighbors=36 .............................................
[CV] .............................. p=2, n_neighbors=36, total=   0.1s
[CV] p=1, n_neighbors=46 .............................................
[CV] .............................. p=1, n_neighbors=46, total=   0.1s
[CV] p=2, n_neighbors=51 .............................................
[CV] .............................. p=2, n_neighbors=51, total=   0.1s
[CV] p=1, n_neighbors=61 .............................................
[CV] .............................. p=1, n_neighbors=61, total=   0.1s
[CV] p=2, n_neighbors=66 .............................................
[CV] .............................. p=2, n_neighbors=66, total=   0.1s
[CV] p=1, n_neighbors=76 .............................................
[CV] .............................. p=1, n_neighbors=76, total=   0.1s
[CV] p=2, n_neighbors=81 .............................................
[CV] .............................. p=2, n_neighbors=81, total=   0.1s
[CV] p=1, n_neighbors=91 .............................................
[CV] .............................. p=1, n_neighbors=91, total=   0.1s
[CV] p=2, n_neighbors=96 .............................................
[CV] .............................. p=2, n_neighbors=96, total=   0.1s
[CV] p=1, n_neighbors=1 ..............................................
[CV] ............................... p=1, n_neighbors=1, total=   0.0s
[CV] p=2, n_neighbors=6 ..............................................
[CV] ............................... p=2, n_neighbors=6, total=   0.0s
[CV] p=1, n_neighbors=16 .............................................
[CV] .............................. p=1, n_neighbors=16, total=   0.1s
[CV] p=2, n_neighbors=21 .............................................
[CV] .............................. p=2, n_neighbors=21, total=   0.0s
[CV] p=1, n_neighbors=31 .............................................
[CV] .............................. p=1, n_neighbors=31, total=   0.1s
[CV] p=2, n_neighbors=36 .............................................
[CV] .............................. p=2, n_neighbors=36, total=   0.1s
[CV] p=1, n_neighbors=46 .............................................
[CV] .............................. p=1, n_neighbors=46, total=   0.1s
[CV] p=2, n_neighbors=51 .............................................
[CV] .............................. p=2, n_neighbors=51, total=   0.1s
[CV] p=1, n_neighbors=61 .............................................
[CV] .............................. p=1, n_neighbors=61, total=   0.1s
[CV] p=2, n_neighbors=66 .............................................
[CV] .............................. p=2, n_neighbors=66, total=   0.1s
[CV] p=1, n_neighbors=76 .............................................
[CV] .............................. p=1, n_neighbors=76, total=   0.1s
[CV] p=2, n_neighbors=81 .............................................
[CV] .............................. p=2, n_neighbors=81, total=   0.1s
[CV] p=1, n_neighbors=91 .............................................
[CV] .............................. p=1, n_neighbors=91, total=   0.1s
[CV] p=2, n_neighbors=96 .............................................
[CV] .............................. p=2, n_neighbors=96, total=   0.1s
[CV] p=1, n_neighbors=1 ..............................................
[CV] ............................... p=1, n_neighbors=1, total=   0.0s
[CV] p=2, n_neighbors=6 ..............................................
[CV] ............................... p=2, n_neighbors=6, total=   0.0s
[CV] p=1, n_neighbors=16 .............................................
[CV] .............................. p=1, n_neighbors=16, total=   0.0s
[CV] p=2, n_neighbors=21 .............................................
[CV] .............................. p=2, n_neighbors=21, total=   0.0s
[CV] p=1, n_neighbors=31 .............................................
[CV] .............................. p=1, n_neighbors=31, total=   0.1s
[CV] p=2, n_neighbors=36 .............................................
[CV] .............................. p=2, n_neighbors=36, total=   0.1s
[CV] p=1, n_neighbors=46 .............................................
[CV] .............................. p=1, n_neighbors=46, total=   0.1s
[CV] p=2, n_neighbors=51 .............................................
[CV] .............................. p=2, n_neighbors=51, total=   0.0s
[CV] p=1, n_neighbors=61 .............................................
[CV] .............................. p=1, n_neighbors=61, total=   0.1s
[CV] p=2, n_neighbors=66 .............................................
[CV] .............................. p=2, n_neighbors=66, total=   0.1s
[CV] p=1, n_neighbors=76 .............................................
[CV] .............................. p=1, n_neighbors=76, total=   0.1s
[CV] p=2, n_neighbors=81 .............................................
[CV] .............................. p=2, n_neighbors=81, total=   0.1s
[CV] p=1, n_neighbors=91 .............................................
[CV] .............................. p=1, n_neighbors=91, total=   0.1s
[CV] p=2, n_neighbors=96 .............................................
[CV] .............................. p=2, n_neighbors=96, total=   0.1s
[CV] p=1, n_neighbors=1 ..............................................
[CV] ............................... p=1, n_neighbors=1, total=   0.0s
[CV] p=2, n_neighbors=6 ..............................................
[CV] ............................... p=2, n_neighbors=6, total=   0.0s
[CV] p=1, n_neighbors=16 .............................................
[CV] .............................. p=1, n_neighbors=16, total=   0.0s
[CV] p=2, n_neighbors=21 .............................................
[CV] .............................. p=2, n_neighbors=21, total=   0.0s
[CV] p=1, n_neighbors=31 .............................................
[CV] .............................. p=1, n_neighbors=31, total=   0.0s
[CV] p=2, n_neighbors=36 .............................................
[CV] .............................. p=2, n_neighbors=36, total=   0.0s
[CV] p=1, n_neighbors=46 .............................................
[CV] .............................. p=1, n_neighbors=46, total=   0.1s
[CV] p=2, n_neighbors=51 .............................................
[CV] .............................. p=2, n_neighbors=51, total=   0.1s
[CV] p=1, n_neighbors=61 .............................................
[CV] .............................. p=1, n_neighbors=61, total=   0.1s
[CV] p=2, n_neighbors=66 .............................................
[CV] .............................. p=2, n_neighbors=66, total=   0.1s
[CV] p=1, n_neighbors=76 .............................................
[CV] .............................. p=1, n_neighbors=76, total=   0.1s
[CV] p=2, n_neighbors=81 .............................................
[CV] .............................. p=2, n_neighbors=81, total=   0.1s
[CV] p=1, n_neighbors=91 .............................................
[CV] .............................. p=1, n_neighbors=91, total=   0.1s
[CV] p=2, n_neighbors=96 .............................................
[CV] .............................. p=2, n_neighbors=96, total=   0.1s
[CV] p=1, n_neighbors=1 ..............................................
[CV] ............................... p=1, n_neighbors=1, total=   0.0s
[CV] p=2, n_neighbors=6 ..............................................
[CV] ............................... p=2, n_neighbors=6, total=   0.0s
[CV] p=1, n_neighbors=16 .............................................
[CV] .............................. p=1, n_neighbors=16, total=   0.0s
[CV] p=2, n_neighbors=21 .............................................
[CV] .............................. p=2, n_neighbors=21, total=   0.1s
[CV] p=1, n_neighbors=31 .............................................
[CV] .............................. p=1, n_neighbors=31, total=   0.0s
[CV] p=2, n_neighbors=36 .............................................
[CV] .............................. p=2, n_neighbors=36, total=   0.0s
[CV] p=1, n_neighbors=46 .............................................
[CV] .............................. p=1, n_neighbors=46, total=   0.0s
[CV] p=2, n_neighbors=51 .............................................
[CV] .............................. p=2, n_neighbors=51, total=   0.1s
[CV] p=1, n_neighbors=61 .............................................
[CV] .............................. p=1, n_neighbors=61, total=   0.1s
[CV] p=2, n_neighbors=66 .............................................
[CV] .............................. p=2, n_neighbors=66, total=   0.1s
[CV] p=1, n_neighbors=76 .............................................
[CV] .............................. p=1, n_neighbors=76, total=   0.1s
[CV] p=2, n_neighbors=81 .............................................
[CV] .............................. p=2, n_neighbors=81, total=   0.1s
[CV] p=1, n_neighbors=91 .............................................
[CV] .............................. p=1, n_neighbors=91, total=   0.1s
[CV] p=2, n_neighbors=96 .............................................
[CV] .............................. p=2, n_neighbors=96, total=   0.1s
[CV] p=1, n_neighbors=1 ..............................................
[CV] ............................... p=1, n_neighbors=1, total=   0.0s
[CV] p=3, n_neighbors=6 ..............................................
[CV] ............................... p=3, n_neighbors=6, total=   0.4s
[CV] p=1, n_neighbors=16 .............................................
[CV] .............................. p=1, n_neighbors=16, total=   0.0s
[CV] p=3, n_neighbors=21 .............................................
[CV] .............................. p=3, n_neighbors=21, total=   0.4s
[CV] p=1, n_neighbors=31 .............................................
[CV] .............................. p=1, n_neighbors=31, total=   0.1s
[CV] p=3, n_neighbors=36 .............................................
[CV] .............................. p=3, n_neighbors=36, total=   0.4s
[CV] p=1, n_neighbors=46 .............................................
[CV] .............................. p=1, n_neighbors=46, total=   0.0s
[CV] p=3, n_neighbors=51 .............................................
[CV] .............................. p=3, n_neighbors=51, total=   0.4s
[CV] p=1, n_neighbors=61 .............................................
[CV] .............................. p=1, n_neighbors=61, total=   0.1s
[CV] p=3, n_neighbors=66 .............................................
[CV] .............................. p=3, n_neighbors=66, total=   0.4s
[CV] p=1, n_neighbors=76 .............................................
[CV] .............................. p=1, n_neighbors=76, total=   0.1s
[CV] p=3, n_neighbors=81 .............................................
[CV] .............................. p=3, n_neighbors=81, total=   0.4s
[CV] p=1, n_neighbors=91 .............................................
[CV] .............................. p=1, n_neighbors=91, total=   0.1s
[CV] p=3, n_neighbors=96 .............................................
[CV] .............................. p=3, n_neighbors=96, total=   0.4s
[CV] p=1, n_neighbors=1 ..............................................
[CV] ............................... p=1, n_neighbors=1, total=   0.0s
[CV] p=3, n_neighbors=6 ..............................................
[CV] ............................... p=3, n_neighbors=6, total=   0.4s
[CV] p=1, n_neighbors=16 .............................................
[CV] .............................. p=1, n_neighbors=16, total=   0.0s
[CV] p=3, n_neighbors=21 .............................................
[CV] .............................. p=3, n_neighbors=21, total=   0.4s
[CV] p=1, n_neighbors=31 .............................................
[CV] .............................. p=1, n_neighbors=31, total=   0.1s
[CV] p=3, n_neighbors=36 .............................................
[CV] .............................. p=3, n_neighbors=36, total=   0.4s
[CV] p=1, n_neighbors=46 .............................................
[CV] .............................. p=1, n_neighbors=46, total=   0.1s
[CV] p=3, n_neighbors=51 .............................................
[CV] .............................. p=3, n_neighbors=51, total=   0.4s
[CV] p=1, n_neighbors=61 .............................................
[CV] .............................. p=1, n_neighbors=61, total=   0.1s
[CV] p=3, n_neighbors=66 .............................................
[CV] .............................. p=3, n_neighbors=66, total=   0.4s
[CV] p=1, n_neighbors=76 .............................................
[CV] .............................. p=1, n_neighbors=76, total=   0.1s
[CV] p=3, n_neighbors=81 .............................................
[CV] .............................. p=3, n_neighbors=81, total=   0.4s
[CV] p=1, n_neighbors=91 .............................................
[CV] .............................. p=1, n_neighbors=91, total=   0.1s
[CV] p=3, n_neighbors=96 .............................................
[CV] .............................. p=3, n_neighbors=96, total=   0.4s
[CV] p=1, n_neighbors=1 ..............................................
[CV] ............................... p=1, n_neighbors=1, total=   0.0s
[CV] p=3, n_neighbors=6 ..............................................
[CV] ............................... p=3, n_neighbors=6, total=   0.4s
[CV] p=1, n_neighbors=16 .............................................
[CV] .............................. p=1, n_neighbors=16, total=   0.0s
[CV] p=3, n_neighbors=21 .............................................
[CV] .............................. p=3, n_neighbors=21, total=   0.4s
[CV] p=1, n_neighbors=31 .............................................
[CV] .............................. p=1, n_neighbors=31, total=   0.0s
[CV] p=3, n_neighbors=36 .............................................
[CV] .............................. p=3, n_neighbors=36, total=   0.4s
[CV] p=1, n_neighbors=46 .............................................
[CV] .............................. p=1, n_neighbors=46, total=   0.0s
[CV] p=3, n_neighbors=51 .............................................
[CV] .............................. p=3, n_neighbors=51, total=   0.4s
[CV] p=1, n_neighbors=61 .............................................
[CV] .............................. p=1, n_neighbors=61, total=   0.1s
[CV] p=3, n_neighbors=66 .............................................
[CV] .............................. p=3, n_neighbors=66, total=   0.4s
[CV] p=1, n_neighbors=76 .............................................
[CV] .............................. p=1, n_neighbors=76, total=   0.0s
[CV] p=3, n_neighbors=81 .............................................
[CV] .............................. p=3, n_neighbors=81, total=   0.4s
[CV] p=1, n_neighbors=91 .............................................
[CV] .............................. p=1, n_neighbors=91, total=   0.1s
[CV] p=3, n_neighbors=96 .............................................
[CV] .............................. p=3, n_neighbors=96, total=   0.4s
[CV] p=1, n_neighbors=1 ..............................................
[CV] ............................... p=1, n_neighbors=1, total=   0.0s
[CV] p=3, n_neighbors=6 ..............................................
[CV] ............................... p=3, n_neighbors=6, total=   0.4s
[CV] p=1, n_neighbors=16 .............................................
[CV] .............................. p=1, n_neighbors=16, total=   0.0s
[CV] p=3, n_neighbors=21 .............................................
[CV] .............................. p=3, n_neighbors=21, total=   0.4s
[CV] p=1, n_neighbors=31 .............................................
[CV] .............................. p=1, n_neighbors=31, total=   0.0s
[CV] p=3, n_neighbors=36 .............................................
[CV] .............................. p=3, n_neighbors=36, total=   0.4s
[CV] p=1, n_neighbors=46 .............................................
[CV] .............................. p=1, n_neighbors=46, total=   0.1s
[CV] p=3, n_neighbors=51 .............................................
[CV] .............................. p=3, n_neighbors=51, total=   0.4s
[CV] p=1, n_neighbors=61 .............................................
[CV] .............................. p=1, n_neighbors=61, total=   0.1s
[CV] p=3, n_neighbors=66 .............................................
[CV] .............................. p=3, n_neighbors=66, total=   0.4s
[CV] p=1, n_neighbors=76 .............................................
[CV] .............................. p=1, n_neighbors=76, total=   0.1s
[CV] p=3, n_neighbors=81 .............................................
[CV] .............................. p=3, n_neighbors=81, total=   0.4s
[CV] p=1, n_neighbors=91 .............................................
[CV] .............................. p=1, n_neighbors=91, total=   0.1s
[CV] p=3, n_neighbors=96 .............................................
[CV] .............................. p=3, n_neighbors=96, total=   0.4s
[CV] p=1, n_neighbors=1 ..............................................
[CV] ............................... p=1, n_neighbors=1, total=   0.0s
[CV] p=3, n_neighbors=6 ..............................................
[CV] ............................... p=3, n_neighbors=6, total=   0.4s
[CV] p=1, n_neighbors=16 .............................................
[CV] .............................. p=1, n_neighbors=16, total=   0.0s
[CV] p=3, n_neighbors=21 .............................................
[CV] .............................. p=3, n_neighbors=21, total=   0.4s
[CV] p=1, n_neighbors=31 .............................................
[CV] .............................. p=1, n_neighbors=31, total=   0.0s
[CV] p=3, n_neighbors=36 .............................................
[CV] .............................. p=3, n_neighbors=36, total=   0.4s
[CV] p=1, n_neighbors=46 .............................................
[CV] .............................. p=1, n_neighbors=46, total=   0.1s
[CV] p=3, n_neighbors=51 .............................................
[CV] .............................. p=3, n_neighbors=51, total=   0.4s
[CV] p=1, n_neighbors=61 .............................................
[CV] .............................. p=1, n_neighbors=61, total=   0.1s
[CV] p=3, n_neighbors=66 .............................................
[CV] .............................. p=3, n_neighbors=66, total=   0.4s
[CV] p=1, n_neighbors=76 .............................................
[CV] .............................. p=1, n_neighbors=76, total=   0.1s
[CV] p=3, n_neighbors=81 .............................................
[CV] .............................. p=3, n_neighbors=81, total=   0.4s
[CV] p=1, n_neighbors=91 .............................................
[CV] .............................. p=1, n_neighbors=91, total=   0.1s
[CV] p=3, n_neighbors=96 .............................................
[CV] .............................. p=3, n_neighbors=96, total=   0.4s
[CV] p=2, n_neighbors=1 ..............................................
[CV] ............................... p=2, n_neighbors=1, total=   0.0s
[CV] p=3, n_neighbors=6 ..............................................
[CV] ............................... p=3, n_neighbors=6, total=   0.4s
[CV] p=2, n_neighbors=16 .............................................
[CV] .............................. p=2, n_neighbors=16, total=   0.0s
[CV] p=3, n_neighbors=21 .............................................
[CV] .............................. p=3, n_neighbors=21, total=   0.4s
[CV] p=2, n_neighbors=31 .............................................
[CV] .............................. p=2, n_neighbors=31, total=   0.1s
[CV] p=3, n_neighbors=36 .............................................
[CV] .............................. p=3, n_neighbors=36, total=   0.4s
[CV] p=2, n_neighbors=46 .............................................
[CV] .............................. p=2, n_neighbors=46, total=   0.1s
[CV] p=3, n_neighbors=51 .............................................
[CV] .............................. p=3, n_neighbors=51, total=   0.4s
[CV] p=2, n_neighbors=61 .............................................
[CV] .............................. p=2, n_neighbors=61, total=   0.0s
[CV] p=3, n_neighbors=66 .............................................
[CV] .............................. p=3, n_neighbors=66, total=   0.4s
[CV] p=2, n_neighbors=76 .............................................
[CV] .............................. p=2, n_neighbors=76, total=   0.1s
[CV] p=3, n_neighbors=81 .............................................
[CV] .............................. p=3, n_neighbors=81, total=   0.4s
[CV] p=2, n_neighbors=91 .............................................
[CV] .............................. p=2, n_neighbors=91, total=   0.1s
[CV] p=3, n_neighbors=96 .............................................
[CV] .............................. p=3, n_neighbors=96, total=   0.4s
[CV] p=2, n_neighbors=1 ..............................................
[CV] ............................... p=2, n_neighbors=1, total=   0.0s
[CV] p=3, n_neighbors=6 ..............................................
[CV] ............................... p=3, n_neighbors=6, total=   0.4s
[CV] p=2, n_neighbors=16 .............................................
[CV] .............................. p=2, n_neighbors=16, total=   0.1s
[CV] p=3, n_neighbors=21 .............................................
[CV] .............................. p=3, n_neighbors=21, total=   0.4s
[CV] p=2, n_neighbors=31 .............................................
[CV] .............................. p=2, n_neighbors=31, total=   0.1s
[CV] p=3, n_neighbors=36 .............................................
[CV] .............................. p=3, n_neighbors=36, total=   0.4s
[CV] p=2, n_neighbors=46 .............................................
[CV] .............................. p=2, n_neighbors=46, total=   0.1s
[CV] p=3, n_neighbors=51 .............................................
[CV] .............................. p=3, n_neighbors=51, total=   0.4s
[CV] p=2, n_neighbors=61 .............................................
[CV] .............................. p=2, n_neighbors=61, total=   0.1s
[CV] p=3, n_neighbors=66 .............................................
[CV] .............................. p=3, n_neighbors=66, total=   0.4s
[CV] p=2, n_neighbors=76 .............................................
[CV] .............................. p=2, n_neighbors=76, total=   0.1s
[CV] p=3, n_neighbors=81 .............................................
[CV] .............................. p=3, n_neighbors=81, total=   0.4s
[CV] p=2, n_neighbors=91 .............................................
[CV] .............................. p=2, n_neighbors=91, total=   0.1s
[CV] p=3, n_neighbors=96 .............................................
[CV] .............................. p=3, n_neighbors=96, total=   0.4s
[CV] p=2, n_neighbors=1 ..............................................
[CV] ............................... p=2, n_neighbors=1, total=   0.0s
[CV] p=3, n_neighbors=6 ..............................................
[CV] ............................... p=3, n_neighbors=6, total=   0.4s
[CV] p=2, n_neighbors=16 .............................................
[CV] .............................. p=2, n_neighbors=16, total=   0.1s
[CV] p=3, n_neighbors=21 .............................................
[CV] .............................. p=3, n_neighbors=21, total=   0.4s
[CV] p=2, n_neighbors=31 .............................................
[CV] .............................. p=2, n_neighbors=31, total=   0.1s
[CV] p=3, n_neighbors=36 .............................................
[CV] .............................. p=3, n_neighbors=36, total=   0.4s
[CV] p=2, n_neighbors=46 .............................................
[CV] .............................. p=2, n_neighbors=46, total=   0.1s
[CV] p=3, n_neighbors=51 .............................................
[CV] .............................. p=3, n_neighbors=51, total=   0.4s
[CV] p=2, n_neighbors=61 .............................................
[CV] .............................. p=2, n_neighbors=61, total=   0.1s
[CV] p=3, n_neighbors=66 .............................................
[CV] .............................. p=3, n_neighbors=66, total=   0.4s
[CV] p=2, n_neighbors=76 .............................................
[CV] .............................. p=2, n_neighbors=76, total=   0.1s
[CV] p=3, n_neighbors=81 .............................................
[CV] .............................. p=3, n_neighbors=81, total=   0.4s
[CV] p=2, n_neighbors=91 .............................................
[CV] .............................. p=2, n_neighbors=91, total=   0.1s
[CV] p=3, n_neighbors=96 .............................................
[CV] .............................. p=3, n_neighbors=96, total=   0.4s
[CV] p=2, n_neighbors=1 ..............................................
[CV] ............................... p=2, n_neighbors=1, total=   0.0s
[CV] p=3, n_neighbors=6 ..............................................
[CV] ............................... p=3, n_neighbors=6, total=   0.4s
[CV] p=2, n_neighbors=16 .............................................
[CV] .............................. p=2, n_neighbors=16, total=   0.1s
[CV] p=3, n_neighbors=21 .............................................
[CV] .............................. p=3, n_neighbors=21, total=   0.4s
[CV] p=2, n_neighbors=31 .............................................
[CV] .............................. p=2, n_neighbors=31, total=   0.1s
[CV] p=3, n_neighbors=36 .............................................
[CV] .............................. p=3, n_neighbors=36, total=   0.4s
[CV] p=2, n_neighbors=46 .............................................
[CV] .............................. p=2, n_neighbors=46, total=   0.1s
[CV] p=3, n_neighbors=51 .............................................
[CV] .............................. p=3, n_neighbors=51, total=   0.4s
[CV] p=2, n_neighbors=61 .............................................
[CV] .............................. p=2, n_neighbors=61, total=   0.1s
[CV] p=3, n_neighbors=66 .............................................
[CV] .............................. p=3, n_neighbors=66, total=   0.4s
[CV] p=2, n_neighbors=76 .............................................
[CV] .............................. p=2, n_neighbors=76, total=   0.1s
[CV] p=3, n_neighbors=81 .............................................
[CV] .............................. p=3, n_neighbors=81, total=   0.4s
[CV] p=2, n_neighbors=91 .............................................
[CV] .............................. p=2, n_neighbors=91, total=   0.1s
[CV] p=3, n_neighbors=96 .............................................
[CV] .............................. p=3, n_neighbors=96, total=   0.4s
[CV] p=2, n_neighbors=1 ..............................................
[CV] ............................... p=2, n_neighbors=1, total=   0.0s
[CV] p=3, n_neighbors=6 ..............................................
[CV] ............................... p=3, n_neighbors=6, total=   0.4s
[CV] p=2, n_neighbors=16 .............................................
[CV] .............................. p=2, n_neighbors=16, total=   0.0s
[CV] p=3, n_neighbors=21 .............................................
[CV] .............................. p=3, n_neighbors=21, total=   0.4s
[CV] p=2, n_neighbors=31 .............................................
[CV] .............................. p=2, n_neighbors=31, total=   0.1s
[CV] p=3, n_neighbors=36 .............................................
[CV] .............................. p=3, n_neighbors=36, total=   0.4s
[CV] p=2, n_neighbors=46 .............................................
[CV] .............................. p=2, n_neighbors=46, total=   0.1s
[CV] p=3, n_neighbors=51 .............................................
[CV] .............................. p=3, n_neighbors=51, total=   0.4s
[CV] p=2, n_neighbors=61 .............................................
[CV] .............................. p=2, n_neighbors=61, total=   0.1s
[CV] p=3, n_neighbors=66 .............................................
[CV] .............................. p=3, n_neighbors=66, total=   0.4s
[CV] p=2, n_neighbors=76 .............................................
[CV] .............................. p=2, n_neighbors=76, total=   0.1s
[CV] p=3, n_neighbors=81 .............................................
[CV] .............................. p=3, n_neighbors=81, total=   0.4s
[CV] p=2, n_neighbors=91 .............................................
[CV] .............................. p=2, n_neighbors=91, total=   0.1s
[CV] p=3, n_neighbors=96 .............................................
[CV] .............................. p=3, n_neighbors=96, total=   0.4s
