My SLURM_ARRAY_TASK_ID:  17

You have selected NaN to_0, with ORIGINAL data

Fitting 10 folds for each of 50 candidates, totalling 500 fits
                                                                           Best Params  ... Refit Time
Best kNN ORIGINAL deleted                                   {'p': 1, 'n_neighbors': 6}  ...   0.027174
Best kNN ORIGINAL mean                                     {'p': 1, 'n_neighbors': 11}  ...   0.028479
Best kNN ORIGINAL to_0                                     {'p': 1, 'n_neighbors': 11}  ...   0.029016
Best kNN PCA deleted                                        {'p': 2, 'n_neighbors': 6}  ...   0.007349
Best kNN PCA mean                                           {'p': 2, 'n_neighbors': 6}  ...   0.007738
Best kNN PCA to_0                                          {'p': 2, 'n_neighbors': 11}  ...   0.007281
Best MLP ORIGINAL deleted            {'learning_rate_init': 0.01, 'hidden_layer_siz...  ...    4.58434
Best MLP ORIGINAL mean               {'learning_rate_init': 0.001, 'hidden_layer_si...  ...   0.729548
Best MLP ORIGINAL to_0               {'learning_rate_init': 0.01, 'hidden_layer_siz...  ...    1.16943
Best MLP PCA deleted                 {'learning_rate_init': 0.001, 'hidden_layer_si...  ...     1.9071
Best MLP PCA mean                    {'learning_rate_init': 0.01, 'hidden_layer_siz...  ...    2.20861
Best MLP PCA to_0                    {'learning_rate_init': 0.01, 'hidden_layer_siz...  ...    1.45622
Best Decision Tree ORIGINAL deleted  {'min_samples_split': 4, 'min_samples_leaf': 4...  ...    6.87614
Best Decision Tree ORIGINAL mean     {'min_samples_split': 2, 'min_samples_leaf': 3...  ...   0.064343
Best Decision Tree ORIGINAL to_0     {'min_samples_split': 2, 'min_samples_leaf': 4...  ...   6.305159
Best Decision Tree PCA deleted       {'min_samples_split': 4, 'min_samples_leaf': 4...  ...   0.094653
Best Decision Tree PCA mean          {'min_samples_split': 4, 'min_samples_leaf': 3...  ...   0.128855
Best Decision Tree PCA to_0          {'min_samples_split': 8, 'min_samples_leaf': 3...  ...   0.128049
Best SVM ORIGINAL deleted            {'estimator__kernel': 'poly', 'estimator__gamm...  ...      2.391
Best SVM ORIGINAL mean               {'estimator__kernel': 'poly', 'estimator__gamm...  ...    2.53318
Best SVM ORIGINAL to_0               {'estimator__kernel': 'poly', 'estimator__gamm...  ...    2.54955
Best SVM PCA deleted                 {'estimator__kernel': 'poly', 'estimator__gamm...  ...   0.851098
Best SVM PCA mean                    {'estimator__kernel': 'poly', 'estimator__gamm...  ...   0.846144
Best SVM PCA to_0                    {'estimator__kernel': 'poly', 'estimator__gamm...  ...   0.865714
Best Random Forest ORIGINAL deleted                                                NaN  ...        NaN
Best Random Forest ORIGINAL mean                                                   NaN  ...        NaN
Best Random Forest ORIGINAL to_0     {'n_estimators': 50, 'min_samples_split': 4, '...  ...    164.818
Best Random Forest PCA deleted                                                     NaN  ...        NaN
Best Random Forest PCA mean                                                        NaN  ...        NaN
Best Random Forest PCA to_0                                                        NaN  ...        NaN

[30 rows x 3 columns]
[CV] min_samples_split=4, min_samples_leaf=3, max_features=sqrt, criterion=mse 
[CV]  min_samples_split=4, min_samples_leaf=3, max_features=sqrt, criterion=mse, total=   0.0s
[CV] min_samples_split=2, min_samples_leaf=1, max_features=log2, criterion=mse 
[CV]  min_samples_split=2, min_samples_leaf=1, max_features=log2, criterion=mse, total=   0.0s
[CV] min_samples_split=2, min_samples_leaf=3, max_features=auto, criterion=friedman_mse 
[CV]  min_samples_split=2, min_samples_leaf=3, max_features=auto, criterion=friedman_mse, total=   0.1s
[CV] min_samples_split=2, min_samples_leaf=4, max_features=auto, criterion=mae 
[CV]  min_samples_split=2, min_samples_leaf=4, max_features=auto, criterion=mae, total=   6.2s
[CV] min_samples_split=6, min_samples_leaf=3, max_features=auto, criterion=mae 
[CV]  min_samples_split=6, min_samples_leaf=3, max_features=auto, criterion=mae, total=   5.4s
[CV] min_samples_split=8, min_samples_leaf=2, max_features=sqrt, criterion=friedman_mse 
[CV]  min_samples_split=8, min_samples_leaf=2, max_features=sqrt, criterion=friedman_mse, total=   0.0s
[CV] min_samples_split=6, min_samples_leaf=1, max_features=sqrt, criterion=mse 
[CV]  min_samples_split=6, min_samples_leaf=1, max_features=sqrt, criterion=mse, total=   0.0s
[CV] min_samples_split=2, min_samples_leaf=4, max_features=auto, criterion=friedman_mse 
[CV]  min_samples_split=2, min_samples_leaf=4, max_features=auto, criterion=friedman_mse, total=   0.1s
[CV] min_samples_split=6, min_samples_leaf=4, max_features=sqrt, criterion=mse 
[CV]  min_samples_split=6, min_samples_leaf=4, max_features=sqrt, criterion=mse, total=   0.0s
[CV] min_samples_split=4, min_samples_leaf=4, max_features=sqrt, criterion=mse 
[CV]  min_samples_split=4, min_samples_leaf=4, max_features=sqrt, criterion=mse, total=   0.0s
[CV] min_samples_split=8, min_samples_leaf=2, max_features=auto, criterion=mae 
[CV]  min_samples_split=8, min_samples_leaf=2, max_features=auto, criterion=mae, total=   7.1s
[CV] min_samples_split=4, min_samples_leaf=1, max_features=auto, criterion=mae 
[CV]  min_samples_split=4, min_samples_leaf=1, max_features=auto, criterion=mae, total=  12.1s
[CV] min_samples_split=8, min_samples_leaf=3, max_features=auto, criterion=mae 
[CV]  min_samples_split=8, min_samples_leaf=3, max_features=auto, criterion=mae, total=   8.1s
[CV] min_samples_split=4, min_samples_leaf=2, max_features=sqrt, criterion=mae 
[CV]  min_samples_split=4, min_samples_leaf=2, max_features=sqrt, criterion=mae, total=   0.5s
[CV] min_samples_split=6, min_samples_leaf=3, max_features=auto, criterion=mae 
[CV]  min_samples_split=6, min_samples_leaf=3, max_features=auto, criterion=mae, total=   8.0s
[CV] min_samples_split=4, min_samples_leaf=4, max_features=auto, criterion=friedman_mse 
[CV]  min_samples_split=4, min_samples_leaf=4, max_features=auto, criterion=friedman_mse, total=   0.1s
[CV] min_samples_split=6, min_samples_leaf=1, max_features=log2, criterion=mse 
[CV]  min_samples_split=6, min_samples_leaf=1, max_features=log2, criterion=mse, total=   0.0s
[CV] min_samples_split=8, min_samples_leaf=3, max_features=log2, criterion=mse 
[CV]  min_samples_split=8, min_samples_leaf=3, max_features=log2, criterion=mse, total=   0.0s
[CV] min_samples_split=8, min_samples_leaf=4, max_features=log2, criterion=friedman_mse 
[CV]  min_samples_split=8, min_samples_leaf=4, max_features=log2, criterion=friedman_mse, total=   0.0s
[CV] min_samples_split=8, min_samples_leaf=1, max_features=auto, criterion=mae 
[CV]  min_samples_split=8, min_samples_leaf=1, max_features=auto, criterion=mae, total=   8.9s
[CV] min_samples_split=6, min_samples_leaf=3, max_features=log2, criterion=mae 
[CV]  min_samples_split=6, min_samples_leaf=3, max_features=log2, criterion=mae, total=   0.3s
[CV] min_samples_split=4, min_samples_leaf=1, max_features=auto, criterion=mae 
[CV]  min_samples_split=4, min_samples_leaf=1, max_features=auto, criterion=mae, total=  12.4s
[CV] min_samples_split=6, min_samples_leaf=3, max_features=log2, criterion=mse 
[CV]  min_samples_split=6, min_samples_leaf=3, max_features=log2, criterion=mse, total=   0.0s
[CV] min_samples_split=2, min_samples_leaf=3, max_features=log2, criterion=mae 
[CV]  min_samples_split=2, min_samples_leaf=3, max_features=log2, criterion=mae, total=   0.2s
[CV] min_samples_split=6, min_samples_leaf=4, max_features=auto, criterion=mae 
[CV]  min_samples_split=6, min_samples_leaf=4, max_features=auto, criterion=mae, total=   5.9s
[CV] min_samples_split=4, min_samples_leaf=4, max_features=auto, criterion=mae 
[CV]  min_samples_split=4, min_samples_leaf=4, max_features=auto, criterion=mae, total=   5.9s
[CV] min_samples_split=6, min_samples_leaf=1, max_features=sqrt, criterion=mse 
[CV]  min_samples_split=6, min_samples_leaf=1, max_features=sqrt, criterion=mse, total=   0.0s
[CV] min_samples_split=2, min_samples_leaf=4, max_features=auto, criterion=friedman_mse 
[CV]  min_samples_split=2, min_samples_leaf=4, max_features=auto, criterion=friedman_mse, total=   0.1s
[CV] min_samples_split=6, min_samples_leaf=4, max_features=sqrt, criterion=mse 
[CV]  min_samples_split=6, min_samples_leaf=4, max_features=sqrt, criterion=mse, total=   0.0s
[CV] min_samples_split=4, min_samples_leaf=4, max_features=sqrt, criterion=mse 
[CV]  min_samples_split=4, min_samples_leaf=4, max_features=sqrt, criterion=mse, total=   0.0s
[CV] min_samples_split=8, min_samples_leaf=2, max_features=auto, criterion=mae 
[CV]  min_samples_split=8, min_samples_leaf=2, max_features=auto, criterion=mae, total=   8.1s
[CV] min_samples_split=4, min_samples_leaf=3, max_features=sqrt, criterion=mse 
[CV]  min_samples_split=4, min_samples_leaf=3, max_features=sqrt, criterion=mse, total=   0.0s
[CV] min_samples_split=4, min_samples_leaf=4, max_features=log2, criterion=friedman_mse 
[CV]  min_samples_split=4, min_samples_leaf=4, max_features=log2, criterion=friedman_mse, total=   0.0s
[CV] min_samples_split=2, min_samples_leaf=3, max_features=auto, criterion=friedman_mse 
[CV]  min_samples_split=2, min_samples_leaf=3, max_features=auto, criterion=friedman_mse, total=   0.1s
[CV] min_samples_split=4, min_samples_leaf=2, max_features=sqrt, criterion=mae 
[CV]  min_samples_split=4, min_samples_leaf=2, max_features=sqrt, criterion=mae, total=   0.6s
[CV] min_samples_split=6, min_samples_leaf=3, max_features=auto, criterion=mae 
[CV]  min_samples_split=6, min_samples_leaf=3, max_features=auto, criterion=mae, total=   5.5s
[CV] min_samples_split=8, min_samples_leaf=2, max_features=sqrt, criterion=friedman_mse 
[CV]  min_samples_split=8, min_samples_leaf=2, max_features=sqrt, criterion=friedman_mse, total=   0.0s
[CV] min_samples_split=6, min_samples_leaf=1, max_features=sqrt, criterion=mse 
[CV]  min_samples_split=6, min_samples_leaf=1, max_features=sqrt, criterion=mse, total=   0.0s
[CV] min_samples_split=2, min_samples_leaf=4, max_features=auto, criterion=friedman_mse 
[CV]  min_samples_split=2, min_samples_leaf=4, max_features=auto, criterion=friedman_mse, total=   0.1s
[CV] min_samples_split=6, min_samples_leaf=4, max_features=sqrt, criterion=mse 
[CV]  min_samples_split=6, min_samples_leaf=4, max_features=sqrt, criterion=mse, total=   0.0s
[CV] min_samples_split=4, min_samples_leaf=4, max_features=sqrt, criterion=mse 
[CV]  min_samples_split=4, min_samples_leaf=4, max_features=sqrt, criterion=mse, total=   0.0s
[CV] min_samples_split=8, min_samples_leaf=2, max_features=auto, criterion=mae 
[CV]  min_samples_split=8, min_samples_leaf=2, max_features=auto, criterion=mae, total=   9.0s
[CV] min_samples_split=6, min_samples_leaf=1, max_features=sqrt, criterion=friedman_mse 
[CV]  min_samples_split=6, min_samples_leaf=1, max_features=sqrt, criterion=friedman_mse, total=   0.0s
[CV] min_samples_split=8, min_samples_leaf=2, max_features=auto, criterion=friedman_mse 
[CV]  min_samples_split=8, min_samples_leaf=2, max_features=auto, criterion=friedman_mse, total=   0.1s
[CV] min_samples_split=2, min_samples_leaf=3, max_features=log2, criterion=mse 
[CV]  min_samples_split=2, min_samples_leaf=3, max_features=log2, criterion=mse, total=   0.0s
[CV] min_samples_split=4, min_samples_leaf=2, max_features=log2, criterion=mse 
[CV]  min_samples_split=4, min_samples_leaf=2, max_features=log2, criterion=mse, total=   0.0s
[CV] min_samples_split=2, min_samples_leaf=2, max_features=auto, criterion=friedman_mse 
[CV]  min_samples_split=2, min_samples_leaf=2, max_features=auto, criterion=friedman_mse, total=   0.1s
[CV] min_samples_split=6, min_samples_leaf=4, max_features=log2, criterion=mae 
[CV]  min_samples_split=6, min_samples_leaf=4, max_features=log2, criterion=mae, total=   0.2s
[CV] min_samples_split=6, min_samples_leaf=4, max_features=sqrt, criterion=friedman_mse 
[CV]  min_samples_split=6, min_samples_leaf=4, max_features=sqrt, criterion=friedman_mse, total=   0.0s
[CV] min_samples_split=2, min_samples_leaf=3, max_features=sqrt, criterion=mse 
[CV]  min_samples_split=2, min_samples_leaf=3, max_features=sqrt, criterion=mse, total=   0.0s
[CV] min_samples_split=2, min_samples_leaf=2, max_features=log2, criterion=mse 
[CV]  min_samples_split=2, min_samples_leaf=2, max_features=log2, criterion=mse, total=   0.0s
[CV] min_samples_split=6, min_samples_leaf=2, max_features=sqrt, criterion=mse 
[CV]  min_samples_split=6, min_samples_leaf=2, max_features=sqrt, criterion=mse, total=   0.0s
[CV] min_samples_split=6, min_samples_leaf=3, max_features=log2, criterion=mae 
[CV]  min_samples_split=6, min_samples_leaf=3, max_features=log2, criterion=mae, total=   0.3s
[CV] min_samples_split=6, min_samples_leaf=1, max_features=sqrt, criterion=friedman_mse 
[CV]  min_samples_split=6, min_samples_leaf=1, max_features=sqrt, criterion=friedman_mse, total=   0.0s
[CV] min_samples_split=4, min_samples_leaf=4, max_features=log2, criterion=friedman_mse 
[CV]  min_samples_split=4, min_samples_leaf=4, max_features=log2, criterion=friedman_mse, total=   0.0s
[CV] min_samples_split=2, min_samples_leaf=3, max_features=log2, criterion=mse 
[CV]  min_samples_split=2, min_samples_leaf=3, max_features=log2, criterion=mse, total=   0.0s
[CV] min_samples_split=4, min_samples_leaf=2, max_features=sqrt, criterion=mae 
[CV]  min_samples_split=4, min_samples_leaf=2, max_features=sqrt, criterion=mae, total=   0.4s
[CV] min_samples_split=2, min_samples_leaf=2, max_features=auto, criterion=friedman_mse 
[CV]  min_samples_split=2, min_samples_leaf=2, max_features=auto, criterion=friedman_mse, total=   0.1s
[CV] min_samples_split=4, min_samples_leaf=4, max_features=auto, criterion=friedman_mse 
[CV]  min_samples_split=4, min_samples_leaf=4, max_features=auto, criterion=friedman_mse, total=   0.1s
[CV] min_samples_split=6, min_samples_leaf=1, max_features=log2, criterion=mse 
[CV]  min_samples_split=6, min_samples_leaf=1, max_features=log2, criterion=mse, total=   0.0s
[CV] min_samples_split=8, min_samples_leaf=3, max_features=log2, criterion=mse 
[CV]  min_samples_split=8, min_samples_leaf=3, max_features=log2, criterion=mse, total=   0.0s
[CV] min_samples_split=8, min_samples_leaf=4, max_features=log2, criterion=friedman_mse 
[CV]  min_samples_split=8, min_samples_leaf=4, max_features=log2, criterion=friedman_mse, total=   0.0s
[CV] min_samples_split=8, min_samples_leaf=1, max_features=auto, criterion=mae 
[CV]  min_samples_split=8, min_samples_leaf=1, max_features=auto, criterion=mae, total=  10.1s
[CV] min_samples_split=6, min_samples_leaf=2, max_features=auto, criterion=friedman_mse 
[CV]  min_samples_split=6, min_samples_leaf=2, max_features=auto, criterion=friedman_mse, total=   0.1s
[CV] min_samples_split=6, min_samples_leaf=1, max_features=sqrt, criterion=friedman_mse 
[CV]  min_samples_split=6, min_samples_leaf=1, max_features=sqrt, criterion=friedman_mse, total=   0.0s
[CV] min_samples_split=8, min_samples_leaf=2, max_features=auto, criterion=friedman_mse 
[CV]  min_samples_split=8, min_samples_leaf=2, max_features=auto, criterion=friedman_mse, total=   0.1s
[CV] min_samples_split=2, min_samples_leaf=3, max_features=log2, criterion=mse 
[CV]  min_samples_split=2, min_samples_leaf=3, max_features=log2, criterion=mse, total=   0.0s
[CV] min_samples_split=4, min_samples_leaf=2, max_features=log2, criterion=mse 
[CV]  min_samples_split=4, min_samples_leaf=2, max_features=log2, criterion=mse, total=   0.0s
[CV] min_samples_split=2, min_samples_leaf=2, max_features=auto, criterion=friedman_mse 
[CV]  min_samples_split=2, min_samples_leaf=2, max_features=auto, criterion=friedman_mse, total=   0.1s
[CV] min_samples_split=6, min_samples_leaf=4, max_features=log2, criterion=mae 
[CV]  min_samples_split=6, min_samples_leaf=4, max_features=log2, criterion=mae, total=   0.2s
[CV] min_samples_split=6, min_samples_leaf=4, max_features=sqrt, criterion=friedman_mse 
[CV]  min_samples_split=6, min_samples_leaf=4, max_features=sqrt, criterion=friedman_mse, total=   0.0s
[CV] min_samples_split=2, min_samples_leaf=3, max_features=sqrt, criterion=mse 
[CV]  min_samples_split=2, min_samples_leaf=3, max_features=sqrt, criterion=mse, total=   0.0s
[CV] min_samples_split=2, min_samples_leaf=2, max_features=log2, criterion=mse 
[CV]  min_samples_split=2, min_samples_leaf=2, max_features=log2, criterion=mse, total=   0.0s
[CV] min_samples_split=6, min_samples_leaf=2, max_features=sqrt, criterion=mse 
[CV]  min_samples_split=6, min_samples_leaf=2, max_features=sqrt, criterion=mse, total=   0.0s
[CV] min_samples_split=6, min_samples_leaf=2, max_features=auto, criterion=friedman_mse 
[CV]  min_samples_split=6, min_samples_leaf=2, max_features=auto, criterion=friedman_mse, total=   0.1s
[CV] min_samples_split=2, min_samples_leaf=4, max_features=sqrt, criterion=mse 
[CV]  min_samples_split=2, min_samples_leaf=4, max_features=sqrt, criterion=mse, total=   0.0s
[CV] min_samples_split=8, min_samples_leaf=2, max_features=auto, criterion=friedman_mse 
[CV]  min_samples_split=8, min_samples_leaf=2, max_features=auto, criterion=friedman_mse, total=   0.1s
[CV] min_samples_split=4, min_samples_leaf=1, max_features=log2, criterion=mse 
[CV]  min_samples_split=4, min_samples_leaf=1, max_features=log2, criterion=mse, total=   0.0s
[CV] min_samples_split=4, min_samples_leaf=2, max_features=log2, criterion=mse 
[CV]  min_samples_split=4, min_samples_leaf=2, max_features=log2, criterion=mse, total=   0.0s
[CV] min_samples_split=8, min_samples_leaf=1, max_features=sqrt, criterion=friedman_mse 
[CV]  min_samples_split=8, min_samples_leaf=1, max_features=sqrt, criterion=friedman_mse, total=   0.0s
[CV] min_samples_split=6, min_samples_leaf=4, max_features=log2, criterion=mae 
[CV]  min_samples_split=6, min_samples_leaf=4, max_features=log2, criterion=mae, total=   0.2s
[CV] min_samples_split=2, min_samples_leaf=1, max_features=log2, criterion=friedman_mse 
[CV]  min_samples_split=2, min_samples_leaf=1, max_features=log2, criterion=friedman_mse, total=   0.0s
[CV] min_samples_split=2, min_samples_leaf=3, max_features=sqrt, criterion=mse 
[CV]  min_samples_split=2, min_samples_leaf=3, max_features=sqrt, criterion=mse, total=   0.0s
[CV] min_samples_split=4, min_samples_leaf=1, max_features=sqrt, criterion=mae 
[CV]  min_samples_split=4, min_samples_leaf=1, max_features=sqrt, criterion=mae, total=   0.5s
[CV] min_samples_split=6, min_samples_leaf=2, max_features=sqrt, criterion=mse 
[CV]  min_samples_split=6, min_samples_leaf=2, max_features=sqrt, criterion=mse, total=   0.0s
[CV] min_samples_split=6, min_samples_leaf=2, max_features=auto, criterion=friedman_mse 
[CV]  min_samples_split=6, min_samples_leaf=2, max_features=auto, criterion=friedman_mse, total=   0.1s
[CV] min_samples_split=4, min_samples_leaf=3, max_features=sqrt, criterion=mse 
[CV]  min_samples_split=4, min_samples_leaf=3, max_features=sqrt, criterion=mse, total=   0.0s
[CV] min_samples_split=4, min_samples_leaf=4, max_features=log2, criterion=friedman_mse 
[CV]  min_samples_split=4, min_samples_leaf=4, max_features=log2, criterion=friedman_mse, total=   0.0s
[CV] min_samples_split=2, min_samples_leaf=3, max_features=auto, criterion=friedman_mse 
[CV]  min_samples_split=2, min_samples_leaf=3, max_features=auto, criterion=friedman_mse, total=   0.1s
[CV] min_samples_split=4, min_samples_leaf=2, max_features=sqrt, criterion=mae 
[CV]  min_samples_split=4, min_samples_leaf=2, max_features=sqrt, criterion=mae, total=   0.7s
[CV] min_samples_split=6, min_samples_leaf=3, max_features=auto, criterion=mae 
[CV]  min_samples_split=6, min_samples_leaf=3, max_features=auto, criterion=mae, total=   7.0s
[CV] min_samples_split=4, min_samples_leaf=4, max_features=auto, criterion=friedman_mse 
[CV]  min_samples_split=4, min_samples_leaf=4, max_features=auto, criterion=friedman_mse, total=   0.1s
[CV] min_samples_split=6, min_samples_leaf=1, max_features=log2, criterion=mse 
[CV]  min_samples_split=6, min_samples_leaf=1, max_features=log2, criterion=mse, total=   0.0s
[CV] min_samples_split=8, min_samples_leaf=3, max_features=log2, criterion=mse 
[CV]  min_samples_split=8, min_samples_leaf=3, max_features=log2, criterion=mse, total=   0.0s
[CV] min_samples_split=8, min_samples_leaf=4, max_features=log2, criterion=friedman_mse 
[CV]  min_samples_split=8, min_samples_leaf=4, max_features=log2, criterion=friedman_mse, total=   0.0s
[CV] min_samples_split=8, min_samples_leaf=1, max_features=auto, criterion=mae 
[CV]  min_samples_split=8, min_samples_leaf=1, max_features=auto, criterion=mae, total=   9.7s
[CV] min_samples_split=6, min_samples_leaf=2, max_features=auto, criterion=friedman_mse 
[CV]  min_samples_split=6, min_samples_leaf=2, max_features=auto, criterion=friedman_mse, total=   0.1s
[CV] min_samples_split=2, min_samples_leaf=4, max_features=sqrt, criterion=mse 
[CV]  min_samples_split=2, min_samples_leaf=4, max_features=sqrt, criterion=mse, total=   0.0s
[CV] min_samples_split=8, min_samples_leaf=2, max_features=auto, criterion=friedman_mse 
[CV]  min_samples_split=8, min_samples_leaf=2, max_features=auto, criterion=friedman_mse, total=   0.1s
[CV] min_samples_split=4, min_samples_leaf=1, max_features=log2, criterion=mse 
[CV]  min_samples_split=4, min_samples_leaf=1, max_features=log2, criterion=mse, total=   0.0s
[CV] min_samples_split=4, min_samples_leaf=2, max_features=log2, criterion=mse 
[CV]  min_samples_split=4, min_samples_leaf=2, max_features=log2, criterion=mse, total=   0.0s
[CV] min_samples_split=8, min_samples_leaf=1, max_features=sqrt, criterion=friedman_mse 
[CV]  min_samples_split=8, min_samples_leaf=1, max_features=sqrt, criterion=friedman_mse, total=   0.0s
[CV] min_samples_split=6, min_samples_leaf=4, max_features=log2, criterion=mae 
[CV]  min_samples_split=6, min_samples_leaf=4, max_features=log2, criterion=mae, total=   0.2s
[CV] min_samples_split=2, min_samples_leaf=1, max_features=log2, criterion=friedman_mse 
[CV]  min_samples_split=2, min_samples_leaf=1, max_features=log2, criterion=friedman_mse, total=   0.0s
[CV] min_samples_split=2, min_samples_leaf=3, max_features=sqrt, criterion=mse 
[CV]  min_samples_split=2, min_samples_leaf=3, max_features=sqrt, criterion=mse, total=   0.0s
[CV] min_samples_split=4, min_samples_leaf=1, max_features=sqrt, criterion=mae 
[CV]  min_samples_split=4, min_samples_leaf=1, max_features=sqrt, criterion=mae, total=   0.5s
[CV] min_samples_split=6, min_samples_leaf=2, max_features=sqrt, criterion=mse 
[CV]  min_samples_split=6, min_samples_leaf=2, max_features=sqrt, criterion=mse, total=   0.0s
[CV] min_samples_split=6, min_samples_leaf=2, max_features=auto, criterion=friedman_mse 
[CV]  min_samples_split=6, min_samples_leaf=2, max_features=auto, criterion=friedman_mse, total=   0.1s
[CV] min_samples_split=4, min_samples_leaf=1, max_features=auto, criterion=mae 
[CV]  min_samples_split=4, min_samples_leaf=1, max_features=auto, criterion=mae, total=   8.6s
[CV] min_samples_split=8, min_samples_leaf=2, max_features=auto, criterion=friedman_mse 
[CV]  min_samples_split=8, min_samples_leaf=2, max_features=auto, criterion=friedman_mse, total=   0.1s
[CV] min_samples_split=4, min_samples_leaf=1, max_features=log2, criterion=mse 
[CV]  min_samples_split=4, min_samples_leaf=1, max_features=log2, criterion=mse, total=   0.0s
[CV] min_samples_split=4, min_samples_leaf=2, max_features=log2, criterion=mse 
[CV]  min_samples_split=4, min_samples_leaf=2, max_features=log2, criterion=mse, total=   0.0s
[CV] min_samples_split=8, min_samples_leaf=1, max_features=sqrt, criterion=friedman_mse 
[CV]  min_samples_split=8, min_samples_leaf=1, max_features=sqrt, criterion=friedman_mse, total=   0.0s
[CV] min_samples_split=6, min_samples_leaf=4, max_features=log2, criterion=mae 
[CV]  min_samples_split=6, min_samples_leaf=4, max_features=log2, criterion=mae, total=   0.2s
[CV] min_samples_split=2, min_samples_leaf=1, max_features=log2, criterion=friedman_mse 
[CV]  min_samples_split=2, min_samples_leaf=1, max_features=log2, criterion=friedman_mse, total=   0.0s
[CV] min_samples_split=2, min_samples_leaf=3, max_features=sqrt, criterion=mse 
[CV]  min_samples_split=2, min_samples_leaf=3, max_features=sqrt, criterion=mse, total=   0.0s
[CV] min_samples_split=4, min_samples_leaf=1, max_features=sqrt, criterion=mae 
[CV]  min_samples_split=4, min_samples_leaf=1, max_features=sqrt, criterion=mae, total=   0.6s
[CV] min_samples_split=6, min_samples_leaf=2, max_features=sqrt, criterion=mse 
[CV]  min_samples_split=6, min_samples_leaf=2, max_features=sqrt, criterion=mse, total=   0.0s
[CV] min_samples_split=6, min_samples_leaf=2, max_features=auto, criterion=friedman_mse 
[CV]  min_samples_split=6, min_samples_leaf=2, max_features=auto, criterion=friedman_mse, total=   0.1s
[CV] min_samples_split=6, min_samples_leaf=1, max_features=sqrt, criterion=friedman_mse 
[CV]  min_samples_split=6, min_samples_leaf=1, max_features=sqrt, criterion=friedman_mse, total=   0.0s
[CV] min_samples_split=4, min_samples_leaf=4, max_features=log2, criterion=friedman_mse 
[CV]  min_samples_split=4, min_samples_leaf=4, max_features=log2, criterion=friedman_mse, total=   0.0s
[CV] min_samples_split=2, min_samples_leaf=3, max_features=log2, criterion=mse 
[CV]  min_samples_split=2, min_samples_leaf=3, max_features=log2, criterion=mse, total=   0.0s
[CV] min_samples_split=4, min_samples_leaf=2, max_features=sqrt, criterion=mae 
[CV]  min_samples_split=4, min_samples_leaf=2, max_features=sqrt, criterion=mae, total=   0.5s
[CV] min_samples_split=2, min_samples_leaf=2, max_features=auto, criterion=friedman_mse 
[CV]  min_samples_split=2, min_samples_leaf=2, max_features=auto, criterion=friedman_mse, total=   0.1s
[CV] min_samples_split=4, min_samples_leaf=4, max_features=auto, criterion=friedman_mse 
[CV]  min_samples_split=4, min_samples_leaf=4, max_features=auto, criterion=friedman_mse, total=   0.1s
[CV] min_samples_split=6, min_samples_leaf=1, max_features=log2, criterion=mse 
[CV]  min_samples_split=6, min_samples_leaf=1, max_features=log2, criterion=mse, total=   0.0s
[CV] min_samples_split=8, min_samples_leaf=3, max_features=log2, criterion=mse 
[CV]  min_samples_split=8, min_samples_leaf=3, max_features=log2, criterion=mse, total=   0.0s
[CV] min_samples_split=8, min_samples_leaf=4, max_features=log2, criterion=friedman_mse 
[CV]  min_samples_split=8, min_samples_leaf=4, max_features=log2, criterion=friedman_mse, total=   0.0s
[CV] min_samples_split=8, min_samples_leaf=1, max_features=auto, criterion=mae 
[CV]  min_samples_split=8, min_samples_leaf=1, max_features=auto, criterion=mae, total=  11.7s
[CV] min_samples_split=6, min_samples_leaf=2, max_features=auto, criterion=friedman_mse 
[CV]  min_samples_split=6, min_samples_leaf=2, max_features=auto, criterion=friedman_mse, total=   0.1s
[CV] min_samples_split=6, min_samples_leaf=1, max_features=sqrt, criterion=friedman_mse 
[CV]  min_samples_split=6, min_samples_leaf=1, max_features=sqrt, criterion=friedman_mse, total=   0.0s
[CV] min_samples_split=4, min_samples_leaf=4, max_features=log2, criterion=friedman_mse 
[CV]  min_samples_split=4, min_samples_leaf=4, max_features=log2, criterion=friedman_mse, total=   0.0s
[CV] min_samples_split=2, min_samples_leaf=3, max_features=log2, criterion=mse 
[CV]  min_samples_split=2, min_samples_leaf=3, max_features=log2, criterion=mse, total=   0.0s
[CV] min_samples_split=4, min_samples_leaf=2, max_features=sqrt, criterion=mae 
[CV]  min_samples_split=4, min_samples_leaf=2, max_features=sqrt, criterion=mae, total=   0.5s
[CV] min_samples_split=2, min_samples_leaf=2, max_features=auto, criterion=friedman_mse 
[CV]  min_samples_split=2, min_samples_leaf=2, max_features=auto, criterion=friedman_mse, total=   0.1s
[CV] min_samples_split=4, min_samples_leaf=4, max_features=auto, criterion=friedman_mse 
[CV]  min_samples_split=4, min_samples_leaf=4, max_features=auto, criterion=friedman_mse, total=   0.1s
[CV] min_samples_split=6, min_samples_leaf=1, max_features=log2, criterion=mse 
[CV]  min_samples_split=6, min_samples_leaf=1, max_features=log2, criterion=mse, total=   0.0s
[CV] min_samples_split=8, min_samples_leaf=3, max_features=log2, criterion=mse 
[CV]  min_samples_split=8, min_samples_leaf=3, max_features=log2, criterion=mse, total=   0.0s
[CV] min_samples_split=8, min_samples_leaf=4, max_features=log2, criterion=friedman_mse 
[CV]  min_samples_split=8, min_samples_leaf=4, max_features=log2, criterion=friedman_mse, total=   0.0s
[CV] min_samples_split=8, min_samples_leaf=1, max_features=auto, criterion=mae 
[CV]  min_samples_split=8, min_samples_leaf=1, max_features=auto, criterion=mae, total=  10.4s
[CV] min_samples_split=6, min_samples_leaf=2, max_features=auto, criterion=friedman_mse 
[CV]  min_samples_split=6, min_samples_leaf=2, max_features=auto, criterion=friedman_mse, total=   0.1s
[CV] min_samples_split=2, min_samples_leaf=4, max_features=sqrt, criterion=mse 
[CV]  min_samples_split=2, min_samples_leaf=4, max_features=sqrt, criterion=mse, total=   0.0s
[CV] min_samples_split=8, min_samples_leaf=2, max_features=auto, criterion=friedman_mse 
[CV]  min_samples_split=8, min_samples_leaf=2, max_features=auto, criterion=friedman_mse, total=   0.1s
[CV] min_samples_split=4, min_samples_leaf=1, max_features=log2, criterion=mse 
[CV]  min_samples_split=4, min_samples_leaf=1, max_features=log2, criterion=mse, total=   0.0s
[CV] min_samples_split=4, min_samples_leaf=2, max_features=log2, criterion=mse 
[CV]  min_samples_split=4, min_samples_leaf=2, max_features=log2, criterion=mse, total=   0.0s
[CV] min_samples_split=8, min_samples_leaf=1, max_features=sqrt, criterion=friedman_mse 
[CV]  min_samples_split=8, min_samples_leaf=1, max_features=sqrt, criterion=friedman_mse, total=   0.0s
[CV] min_samples_split=6, min_samples_leaf=4, max_features=log2, criterion=mae 
[CV]  min_samples_split=6, min_samples_leaf=4, max_features=log2, criterion=mae, total=   0.2s
[CV] min_samples_split=2, min_samples_leaf=1, max_features=log2, criterion=friedman_mse 
[CV]  min_samples_split=2, min_samples_leaf=1, max_features=log2, criterion=friedman_mse, total=   0.0s
[CV] min_samples_split=2, min_samples_leaf=3, max_features=sqrt, criterion=mse 
[CV]  min_samples_split=2, min_samples_leaf=3, max_features=sqrt, criterion=mse, total=   0.0s
[CV] min_samples_split=4, min_samples_leaf=1, max_features=sqrt, criterion=mae 
[CV]  min_samples_split=4, min_samples_leaf=1, max_features=sqrt, criterion=mae, total=   0.7s
[CV] min_samples_split=6, min_samples_leaf=2, max_features=sqrt, criterion=mse 
[CV]  min_samples_split=6, min_samples_leaf=2, max_features=sqrt, criterion=mse, total=   0.0s
[CV] min_samples_split=6, min_samples_leaf=2, max_features=auto, criterion=friedman_mse 
[CV]  min_samples_split=6, min_samples_leaf=2, max_features=auto, criterion=friedman_mse, total=   0.1s
[CV] min_samples_split=4, min_samples_leaf=1, max_features=auto, criterion=mae 
[CV]  min_samples_split=4, min_samples_leaf=1, max_features=auto, criterion=mae, total=   8.8s
[CV] min_samples_split=8, min_samples_leaf=2, max_features=auto, criterion=friedman_mse 
[CV]  min_samples_split=8, min_samples_leaf=2, max_features=auto, criterion=friedman_mse, total=   0.1s
[CV] min_samples_split=4, min_samples_leaf=1, max_features=log2, criterion=mse 
[CV]  min_samples_split=4, min_samples_leaf=1, max_features=log2, criterion=mse, total=   0.0s
[CV] min_samples_split=4, min_samples_leaf=2, max_features=log2, criterion=mse 
[CV]  min_samples_split=4, min_samples_leaf=2, max_features=log2, criterion=mse, total=   0.0s
[CV] min_samples_split=8, min_samples_leaf=1, max_features=sqrt, criterion=friedman_mse 
[CV]  min_samples_split=8, min_samples_leaf=1, max_features=sqrt, criterion=friedman_mse, total=   0.0s
[CV] min_samples_split=6, min_samples_leaf=4, max_features=log2, criterion=mae 
[CV]  min_samples_split=6, min_samples_leaf=4, max_features=log2, criterion=mae, total=   0.2s
[CV] min_samples_split=2, min_samples_leaf=1, max_features=log2, criterion=friedman_mse 
[CV]  min_samples_split=2, min_samples_leaf=1, max_features=log2, criterion=friedman_mse, total=   0.0s
[CV] min_samples_split=2, min_samples_leaf=3, max_features=sqrt, criterion=mse 
[CV]  min_samples_split=2, min_samples_leaf=3, max_features=sqrt, criterion=mse, total=   0.0s
[CV] min_samples_split=4, min_samples_leaf=1, max_features=sqrt, criterion=mae 
[CV]  min_samples_split=4, min_samples_leaf=1, max_features=sqrt, criterion=mae, total=   0.8s
[CV] min_samples_split=6, min_samples_leaf=2, max_features=sqrt, criterion=mse 
[CV]  min_samples_split=6, min_samples_leaf=2, max_features=sqrt, criterion=mse, total=   0.0s
[CV] min_samples_split=6, min_samples_leaf=2, max_features=auto, criterion=friedman_mse 
[CV]  min_samples_split=6, min_samples_leaf=2, max_features=auto, criterion=friedman_mse, total=   0.1s
[CV] min_samples_split=6, min_samples_leaf=1, max_features=sqrt, criterion=friedman_mse 
[CV]  min_samples_split=6, min_samples_leaf=1, max_features=sqrt, criterion=friedman_mse, total=   0.0s
[CV] min_samples_split=8, min_samples_leaf=2, max_features=auto, criterion=friedman_mse 
[CV]  min_samples_split=8, min_samples_leaf=2, max_features=auto, criterion=friedman_mse, total=   0.1s
[CV] min_samples_split=2, min_samples_leaf=3, max_features=log2, criterion=mse 
[CV]  min_samples_split=2, min_samples_leaf=3, max_features=log2, criterion=mse, total=   0.0s
[CV] min_samples_split=4, min_samples_leaf=2, max_features=log2, criterion=mse 
[CV]  min_samples_split=4, min_samples_leaf=2, max_features=log2, criterion=mse, total=   0.0s
[CV] min_samples_split=2, min_samples_leaf=2, max_features=auto, criterion=friedman_mse 
[CV]  min_samples_split=2, min_samples_leaf=2, max_features=auto, criterion=friedman_mse, total=   0.1s
[CV] min_samples_split=4, min_samples_leaf=4, max_features=auto, criterion=friedman_mse 
[CV]  min_samples_split=4, min_samples_leaf=4, max_features=auto, criterion=friedman_mse, total=   0.1s
[CV] min_samples_split=6, min_samples_leaf=4, max_features=sqrt, criterion=friedman_mse 
[CV]  min_samples_split=6, min_samples_leaf=4, max_features=sqrt, criterion=friedman_mse, total=   0.0s
[CV] min_samples_split=8, min_samples_leaf=3, max_features=log2, criterion=mse 
[CV]  min_samples_split=8, min_samples_leaf=3, max_features=log2, criterion=mse, total=   0.0s
[CV] min_samples_split=2, min_samples_leaf=2, max_features=log2, criterion=mse 
[CV]  min_samples_split=2, min_samples_leaf=2, max_features=log2, criterion=mse, total=   0.0s
[CV] min_samples_split=8, min_samples_leaf=1, max_features=auto, criterion=mae 
[CV]  min_samples_split=8, min_samples_leaf=1, max_features=auto, criterion=mae, total=  10.0s
[CV] min_samples_split=6, min_samples_leaf=3, max_features=log2, criterion=friedman_mse 
[CV]  min_samples_split=6, min_samples_leaf=3, max_features=log2, criterion=friedman_mse, total=   0.0s
[CV] min_samples_split=2, min_samples_leaf=4, max_features=sqrt, criterion=mse 
[CV]  min_samples_split=2, min_samples_leaf=4, max_features=sqrt, criterion=mse, total=   0.0s
[CV] min_samples_split=6, min_samples_leaf=3, max_features=log2, criterion=mse 
[CV]  min_samples_split=6, min_samples_leaf=3, max_features=log2, criterion=mse, total=   0.0s
[CV] min_samples_split=4, min_samples_leaf=1, max_features=log2, criterion=mse 
[CV]  min_samples_split=4, min_samples_leaf=1, max_features=log2, criterion=mse, total=   0.0s
[CV] min_samples_split=6, min_samples_leaf=4, max_features=auto, criterion=mae 
[CV]  min_samples_split=6, min_samples_leaf=4, max_features=auto, criterion=mae, total=   4.9s
[CV] min_samples_split=8, min_samples_leaf=1, max_features=sqrt, criterion=friedman_mse 
[CV]  min_samples_split=8, min_samples_leaf=1, max_features=sqrt, criterion=friedman_mse, total=   0.0s
[CV] min_samples_split=4, min_samples_leaf=1, max_features=sqrt, criterion=mse 
[CV]  min_samples_split=4, min_samples_leaf=1, max_features=sqrt, criterion=mse, total=   0.0s
[CV] min_samples_split=2, min_samples_leaf=1, max_features=log2, criterion=friedman_mse 
[CV]  min_samples_split=2, min_samples_leaf=1, max_features=log2, criterion=friedman_mse, total=   0.0s
[CV] min_samples_split=4, min_samples_leaf=3, max_features=sqrt, criterion=friedman_mse 
[CV]  min_samples_split=4, min_samples_leaf=3, max_features=sqrt, criterion=friedman_mse, total=   0.0s
[CV] min_samples_split=4, min_samples_leaf=1, max_features=sqrt, criterion=mae 
[CV]  min_samples_split=4, min_samples_leaf=1, max_features=sqrt, criterion=mae, total=   0.7s
[CV] min_samples_split=8, min_samples_leaf=3, max_features=log2, criterion=friedman_mse 
[CV]  min_samples_split=8, min_samples_leaf=3, max_features=log2, criterion=friedman_mse, total=   0.0s
[CV] min_samples_split=6, min_samples_leaf=3, max_features=log2, criterion=friedman_mse 
[CV]  min_samples_split=6, min_samples_leaf=3, max_features=log2, criterion=friedman_mse, total=   0.0s
[CV] min_samples_split=2, min_samples_leaf=4, max_features=sqrt, criterion=mse 
[CV]  min_samples_split=2, min_samples_leaf=4, max_features=sqrt, criterion=mse, total=   0.0s
[CV] min_samples_split=6, min_samples_leaf=3, max_features=log2, criterion=mse 
[CV]  min_samples_split=6, min_samples_leaf=3, max_features=log2, criterion=mse, total=   0.0s
[CV] min_samples_split=4, min_samples_leaf=1, max_features=log2, criterion=mse 
[CV]  min_samples_split=4, min_samples_leaf=1, max_features=log2, criterion=mse, total=   0.0s
[CV] min_samples_split=6, min_samples_leaf=4, max_features=auto, criterion=mae 
[CV]  min_samples_split=6, min_samples_leaf=4, max_features=auto, criterion=mae, total=   4.5s
[CV] min_samples_split=8, min_samples_leaf=1, max_features=sqrt, criterion=friedman_mse 
[CV]  min_samples_split=8, min_samples_leaf=1, max_features=sqrt, criterion=friedman_mse, total=   0.0s
[CV] min_samples_split=4, min_samples_leaf=1, max_features=sqrt, criterion=mse 
[CV]  min_samples_split=4, min_samples_leaf=1, max_features=sqrt, criterion=mse, total=   0.0s
[CV] min_samples_split=2, min_samples_leaf=1, max_features=log2, criterion=friedman_mse 
[CV]  min_samples_split=2, min_samples_leaf=1, max_features=log2, criterion=friedman_mse, total=   0.0s
[CV] min_samples_split=4, min_samples_leaf=3, max_features=sqrt, criterion=friedman_mse 
[CV]  min_samples_split=4, min_samples_leaf=3, max_features=sqrt, criterion=friedman_mse, total=   0.0s
[CV] min_samples_split=4, min_samples_leaf=1, max_features=sqrt, criterion=mae 
[CV]  min_samples_split=4, min_samples_leaf=1, max_features=sqrt, criterion=mae, total=   0.6s
[CV] min_samples_split=8, min_samples_leaf=3, max_features=log2, criterion=friedman_mse 
[CV]  min_samples_split=8, min_samples_leaf=3, max_features=log2, criterion=friedman_mse, total=   0.0s
[CV] min_samples_split=6, min_samples_leaf=3, max_features=log2, criterion=friedman_mse 
[CV]  min_samples_split=6, min_samples_leaf=3, max_features=log2, criterion=friedman_mse, total=   0.0s
[CV] min_samples_split=6, min_samples_leaf=1, max_features=sqrt, criterion=friedman_mse 
[CV]  min_samples_split=6, min_samples_leaf=1, max_features=sqrt, criterion=friedman_mse, total=   0.0s
[CV] min_samples_split=4, min_samples_leaf=4, max_features=log2, criterion=friedman_mse 
[CV]  min_samples_split=4, min_samples_leaf=4, max_features=log2, criterion=friedman_mse, total=   0.0s
[CV] min_samples_split=2, min_samples_leaf=3, max_features=log2, criterion=mse 
[CV]  min_samples_split=2, min_samples_leaf=3, max_features=log2, criterion=mse, total=   0.0s
[CV] min_samples_split=4, min_samples_leaf=2, max_features=sqrt, criterion=mae 
[CV]  min_samples_split=4, min_samples_leaf=2, max_features=sqrt, criterion=mae, total=   0.5s
[CV] min_samples_split=6, min_samples_leaf=3, max_features=auto, criterion=mae 
[CV]  min_samples_split=6, min_samples_leaf=3, max_features=auto, criterion=mae, total=   6.7s
[CV] min_samples_split=4, min_samples_leaf=4, max_features=auto, criterion=friedman_mse 
[CV]  min_samples_split=4, min_samples_leaf=4, max_features=auto, criterion=friedman_mse, total=   0.1s
[CV] min_samples_split=6, min_samples_leaf=4, max_features=sqrt, criterion=friedman_mse 
[CV]  min_samples_split=6, min_samples_leaf=4, max_features=sqrt, criterion=friedman_mse, total=   0.0s
[CV] min_samples_split=8, min_samples_leaf=3, max_features=log2, criterion=mse 
[CV]  min_samples_split=8, min_samples_leaf=3, max_features=log2, criterion=mse, total=   0.0s
[CV] min_samples_split=2, min_samples_leaf=2, max_features=log2, criterion=mse 
[CV]  min_samples_split=2, min_samples_leaf=2, max_features=log2, criterion=mse, total=   0.0s
[CV] min_samples_split=8, min_samples_leaf=1, max_features=auto, criterion=mae 
[CV]  min_samples_split=8, min_samples_leaf=1, max_features=auto, criterion=mae, total=   9.3s
[CV] min_samples_split=6, min_samples_leaf=3, max_features=log2, criterion=friedman_mse 
[CV]  min_samples_split=6, min_samples_leaf=3, max_features=log2, criterion=friedman_mse, total=   0.0s
[CV] min_samples_split=4, min_samples_leaf=1, max_features=auto, criterion=mae 
[CV]  min_samples_split=4, min_samples_leaf=1, max_features=auto, criterion=mae, total=   9.5s
[CV] min_samples_split=6, min_samples_leaf=3, max_features=log2, criterion=mse 
[CV]  min_samples_split=6, min_samples_leaf=3, max_features=log2, criterion=mse, total=   0.0s
[CV] min_samples_split=4, min_samples_leaf=1, max_features=log2, criterion=mse 
[CV]  min_samples_split=4, min_samples_leaf=1, max_features=log2, criterion=mse, total=   0.0s
[CV] min_samples_split=6, min_samples_leaf=4, max_features=auto, criterion=mae 
[CV]  min_samples_split=6, min_samples_leaf=4, max_features=auto, criterion=mae, total=   5.3s
[CV] min_samples_split=8, min_samples_leaf=1, max_features=sqrt, criterion=friedman_mse 
[CV]  min_samples_split=8, min_samples_leaf=1, max_features=sqrt, criterion=friedman_mse, total=   0.0s
[CV] min_samples_split=4, min_samples_leaf=1, max_features=sqrt, criterion=mse 
[CV]  min_samples_split=4, min_samples_leaf=1, max_features=sqrt, criterion=mse, total=   0.0s
[CV] min_samples_split=2, min_samples_leaf=1, max_features=log2, criterion=friedman_mse 
[CV]  min_samples_split=2, min_samples_leaf=1, max_features=log2, criterion=friedman_mse, total=   0.0s
[CV] min_samples_split=4, min_samples_leaf=3, max_features=sqrt, criterion=friedman_mse 
[CV]  min_samples_split=4, min_samples_leaf=3, max_features=sqrt, criterion=friedman_mse, total=   0.0s
[CV] min_samples_split=4, min_samples_leaf=1, max_features=sqrt, criterion=mae 
[CV]  min_samples_split=4, min_samples_leaf=1, max_features=sqrt, criterion=mae, total=   0.6s
[CV] min_samples_split=8, min_samples_leaf=3, max_features=log2, criterion=friedman_mse 
[CV]  min_samples_split=8, min_samples_leaf=3, max_features=log2, criterion=friedman_mse, total=   0.0s
[CV] min_samples_split=6, min_samples_leaf=3, max_features=log2, criterion=friedman_mse 
[CV]  min_samples_split=6, min_samples_leaf=3, max_features=log2, criterion=friedman_mse, total=   0.0s
[CV] min_samples_split=4, min_samples_leaf=1, max_features=auto, criterion=mae 
[CV]  min_samples_split=4, min_samples_leaf=1, max_features=auto, criterion=mae, total=  13.3s
[CV] min_samples_split=8, min_samples_leaf=3, max_features=auto, criterion=mae 
[CV]  min_samples_split=8, min_samples_leaf=3, max_features=auto, criterion=mae, total=   6.8s
[CV] min_samples_split=2, min_samples_leaf=4, max_features=auto, criterion=mae 
[CV]  min_samples_split=2, min_samples_leaf=4, max_features=auto, criterion=mae, total=   7.4s
[CV] min_samples_split=6, min_samples_leaf=3, max_features=auto, criterion=mae 
[CV]  min_samples_split=6, min_samples_leaf=3, max_features=auto, criterion=mae, total=   6.8s
[CV] min_samples_split=4, min_samples_leaf=4, max_features=auto, criterion=friedman_mse 
[CV]  min_samples_split=4, min_samples_leaf=4, max_features=auto, criterion=friedman_mse, total=   0.1s
[CV] min_samples_split=6, min_samples_leaf=4, max_features=sqrt, criterion=friedman_mse 
[CV]  min_samples_split=6, min_samples_leaf=4, max_features=sqrt, criterion=friedman_mse, total=   0.0s
[CV] min_samples_split=8, min_samples_leaf=3, max_features=log2, criterion=mse 
[CV]  min_samples_split=8, min_samples_leaf=3, max_features=log2, criterion=mse, total=   0.0s
[CV] min_samples_split=2, min_samples_leaf=2, max_features=log2, criterion=mse 
[CV]  min_samples_split=2, min_samples_leaf=2, max_features=log2, criterion=mse, total=   0.0s
[CV] min_samples_split=8, min_samples_leaf=1, max_features=auto, criterion=mae 
[CV]  min_samples_split=8, min_samples_leaf=1, max_features=auto, criterion=mae, total=  12.9s
[CV] min_samples_split=6, min_samples_leaf=3, max_features=log2, criterion=friedman_mse 
[CV]  min_samples_split=6, min_samples_leaf=3, max_features=log2, criterion=friedman_mse, total=   0.0s
[CV] min_samples_split=6, min_samples_leaf=1, max_features=sqrt, criterion=friedman_mse 
[CV]  min_samples_split=6, min_samples_leaf=1, max_features=sqrt, criterion=friedman_mse, total=   0.0s
[CV] min_samples_split=8, min_samples_leaf=2, max_features=auto, criterion=friedman_mse 
[CV]  min_samples_split=8, min_samples_leaf=2, max_features=auto, criterion=friedman_mse, total=   0.1s
[CV] min_samples_split=2, min_samples_leaf=3, max_features=log2, criterion=mse 
[CV]  min_samples_split=2, min_samples_leaf=3, max_features=log2, criterion=mse, total=   0.0s
[CV] min_samples_split=4, min_samples_leaf=2, max_features=log2, criterion=mse 
[CV]  min_samples_split=4, min_samples_leaf=2, max_features=log2, criterion=mse, total=   0.0s
[CV] min_samples_split=2, min_samples_leaf=2, max_features=auto, criterion=friedman_mse 
[CV]  min_samples_split=2, min_samples_leaf=2, max_features=auto, criterion=friedman_mse, total=   0.1s
[CV] min_samples_split=4, min_samples_leaf=4, max_features=auto, criterion=friedman_mse 
[CV]  min_samples_split=4, min_samples_leaf=4, max_features=auto, criterion=friedman_mse, total=   0.1s
[CV] min_samples_split=6, min_samples_leaf=4, max_features=sqrt, criterion=friedman_mse 
[CV]  min_samples_split=6, min_samples_leaf=4, max_features=sqrt, criterion=friedman_mse, total=   0.0s
[CV] min_samples_split=8, min_samples_leaf=3, max_features=log2, criterion=mse 
[CV]  min_samples_split=8, min_samples_leaf=3, max_features=log2, criterion=mse, total=   0.0s
[CV] min_samples_split=2, min_samples_leaf=2, max_features=log2, criterion=mse 
[CV]  min_samples_split=2, min_samples_leaf=2, max_features=log2, criterion=mse, total=   0.0s
[CV] min_samples_split=8, min_samples_leaf=1, max_features=auto, criterion=mae 
[CV]  min_samples_split=8, min_samples_leaf=1, max_features=auto, criterion=mae, total=  10.7s
[CV] min_samples_split=6, min_samples_leaf=3, max_features=log2, criterion=friedman_mse 
[CV]  min_samples_split=6, min_samples_leaf=3, max_features=log2, criterion=friedman_mse, total=   0.0s
[CV] min_samples_split=4, min_samples_leaf=3, max_features=sqrt, criterion=mse 
[CV]  min_samples_split=4, min_samples_leaf=3, max_features=sqrt, criterion=mse, total=   0.0s
[CV] min_samples_split=4, min_samples_leaf=4, max_features=log2, criterion=friedman_mse 
[CV]  min_samples_split=4, min_samples_leaf=4, max_features=log2, criterion=friedman_mse, total=   0.0s
[CV] min_samples_split=2, min_samples_leaf=3, max_features=auto, criterion=friedman_mse 
[CV]  min_samples_split=2, min_samples_leaf=3, max_features=auto, criterion=friedman_mse, total=   0.1s
[CV] min_samples_split=4, min_samples_leaf=2, max_features=sqrt, criterion=mae 
[CV]  min_samples_split=4, min_samples_leaf=2, max_features=sqrt, criterion=mae, total=   0.4s
[CV] min_samples_split=6, min_samples_leaf=3, max_features=auto, criterion=mae 
[CV]  min_samples_split=6, min_samples_leaf=3, max_features=auto, criterion=mae, total=   8.0s
[CV] min_samples_split=4, min_samples_leaf=4, max_features=auto, criterion=friedman_mse 
[CV]  min_samples_split=4, min_samples_leaf=4, max_features=auto, criterion=friedman_mse, total=   0.1s
[CV] min_samples_split=6, min_samples_leaf=4, max_features=sqrt, criterion=friedman_mse 
[CV]  min_samples_split=6, min_samples_leaf=4, max_features=sqrt, criterion=friedman_mse, total=   0.0s
[CV] min_samples_split=8, min_samples_leaf=3, max_features=log2, criterion=mse 
[CV]  min_samples_split=8, min_samples_leaf=3, max_features=log2, criterion=mse, total=   0.0s
[CV] min_samples_split=2, min_samples_leaf=2, max_features=log2, criterion=mse 
[CV]  min_samples_split=2, min_samples_leaf=2, max_features=log2, criterion=mse, total=   0.0s
[CV] min_samples_split=8, min_samples_leaf=1, max_features=auto, criterion=mae 
[CV]  min_samples_split=8, min_samples_leaf=1, max_features=auto, criterion=mae, total=  12.0s
[CV] min_samples_split=6, min_samples_leaf=3, max_features=log2, criterion=friedman_mse 
[CV]  min_samples_split=6, min_samples_leaf=3, max_features=log2, criterion=friedman_mse, total=   0.0s
[CV] min_samples_split=2, min_samples_leaf=1, max_features=log2, criterion=mse 
[CV]  min_samples_split=2, min_samples_leaf=1, max_features=log2, criterion=mse, total=   0.0s
[CV] min_samples_split=8, min_samples_leaf=3, max_features=auto, criterion=mae 
[CV]  min_samples_split=8, min_samples_leaf=3, max_features=auto, criterion=mae, total=   5.2s
[CV] min_samples_split=2, min_samples_leaf=3, max_features=log2, criterion=mae 
[CV]  min_samples_split=2, min_samples_leaf=3, max_features=log2, criterion=mae, total=   0.2s
[CV] min_samples_split=8, min_samples_leaf=2, max_features=sqrt, criterion=mse 
[CV]  min_samples_split=8, min_samples_leaf=2, max_features=sqrt, criterion=mse, total=   0.0s
[CV] min_samples_split=8, min_samples_leaf=1, max_features=sqrt, criterion=friedman_mse 
[CV]  min_samples_split=8, min_samples_leaf=1, max_features=sqrt, criterion=friedman_mse, total=   0.0s
[CV] min_samples_split=4, min_samples_leaf=1, max_features=sqrt, criterion=mse 
[CV]  min_samples_split=4, min_samples_leaf=1, max_features=sqrt, criterion=mse, total=   0.0s
[CV] min_samples_split=2, min_samples_leaf=1, max_features=log2, criterion=friedman_mse 
[CV]  min_samples_split=2, min_samples_leaf=1, max_features=log2, criterion=friedman_mse, total=   0.0s
[CV] min_samples_split=4, min_samples_leaf=3, max_features=sqrt, criterion=friedman_mse 
[CV]  min_samples_split=4, min_samples_leaf=3, max_features=sqrt, criterion=friedman_mse, total=   0.0s
[CV] min_samples_split=4, min_samples_leaf=1, max_features=sqrt, criterion=mae 
[CV]  min_samples_split=4, min_samples_leaf=1, max_features=sqrt, criterion=mae, total=   0.8s
[CV] min_samples_split=8, min_samples_leaf=3, max_features=log2, criterion=friedman_mse 
[CV]  min_samples_split=8, min_samples_leaf=3, max_features=log2, criterion=friedman_mse, total=   0.0s
[CV] min_samples_split=6, min_samples_leaf=3, max_features=log2, criterion=friedman_mse 
[CV]  min_samples_split=6, min_samples_leaf=3, max_features=log2, criterion=friedman_mse, total=   0.0s
[CV] min_samples_split=2, min_samples_leaf=4, max_features=sqrt, criterion=mse 
[CV]  min_samples_split=2, min_samples_leaf=4, max_features=sqrt, criterion=mse, total=   0.0s
[CV] min_samples_split=6, min_samples_leaf=3, max_features=log2, criterion=mse 
[CV]  min_samples_split=6, min_samples_leaf=3, max_features=log2, criterion=mse, total=   0.0s
[CV] min_samples_split=4, min_samples_leaf=1, max_features=log2, criterion=mse 
[CV]  min_samples_split=4, min_samples_leaf=1, max_features=log2, criterion=mse, total=   0.0s
[CV] min_samples_split=6, min_samples_leaf=4, max_features=auto, criterion=mae 
[CV]  min_samples_split=6, min_samples_leaf=4, max_features=auto, criterion=mae, total=   6.6s
[CV] min_samples_split=8, min_samples_leaf=1, max_features=sqrt, criterion=friedman_mse 
[CV]  min_samples_split=8, min_samples_leaf=1, max_features=sqrt, criterion=friedman_mse, total=   0.0s
[CV] min_samples_split=4, min_samples_leaf=1, max_features=sqrt, criterion=mse 
[CV]  min_samples_split=4, min_samples_leaf=1, max_features=sqrt, criterion=mse, total=   0.0s
[CV] min_samples_split=2, min_samples_leaf=1, max_features=log2, criterion=friedman_mse 
[CV]  min_samples_split=2, min_samples_leaf=1, max_features=log2, criterion=friedman_mse, total=   0.0s
[CV] min_samples_split=4, min_samples_leaf=3, max_features=sqrt, criterion=friedman_mse 
[CV]  min_samples_split=4, min_samples_leaf=3, max_features=sqrt, criterion=friedman_mse, total=   0.0s
[CV] min_samples_split=4, min_samples_leaf=1, max_features=sqrt, criterion=mae 
[CV]  min_samples_split=4, min_samples_leaf=1, max_features=sqrt, criterion=mae, total=   0.6s
[CV] min_samples_split=8, min_samples_leaf=3, max_features=log2, criterion=friedman_mse 
[CV]  min_samples_split=8, min_samples_leaf=3, max_features=log2, criterion=friedman_mse, total=   0.0s
[CV] min_samples_split=6, min_samples_leaf=3, max_features=log2, criterion=friedman_mse 
[CV]  min_samples_split=6, min_samples_leaf=3, max_features=log2, criterion=friedman_mse, total=   0.0s
[CV] min_samples_split=2, min_samples_leaf=4, max_features=sqrt, criterion=mse 
[CV]  min_samples_split=2, min_samples_leaf=4, max_features=sqrt, criterion=mse, total=   0.0s
[CV] min_samples_split=6, min_samples_leaf=3, max_features=log2, criterion=mse 
[CV]  min_samples_split=6, min_samples_leaf=3, max_features=log2, criterion=mse, total=   0.0s
[CV] min_samples_split=4, min_samples_leaf=1, max_features=log2, criterion=mse 
[CV]  min_samples_split=4, min_samples_leaf=1, max_features=log2, criterion=mse, total=   0.0s
[CV] min_samples_split=6, min_samples_leaf=4, max_features=auto, criterion=mae 
[CV]  min_samples_split=6, min_samples_leaf=4, max_features=auto, criterion=mae, total=   6.0s
[CV] min_samples_split=4, min_samples_leaf=4, max_features=auto, criterion=mae 
[CV]  min_samples_split=4, min_samples_leaf=4, max_features=auto, criterion=mae, total=   4.5s
[CV] min_samples_split=4, min_samples_leaf=1, max_features=sqrt, criterion=mse 
[CV]  min_samples_split=4, min_samples_leaf=1, max_features=sqrt, criterion=mse, total=   0.0s
[CV] min_samples_split=4, min_samples_leaf=2, max_features=log2, criterion=friedman_mse 
[CV]  min_samples_split=4, min_samples_leaf=2, max_features=log2, criterion=friedman_mse, total=   0.0s
[CV] min_samples_split=4, min_samples_leaf=3, max_features=sqrt, criterion=friedman_mse 
[CV]  min_samples_split=4, min_samples_leaf=3, max_features=sqrt, criterion=friedman_mse, total=   0.0s
[CV] min_samples_split=6, min_samples_leaf=4, max_features=log2, criterion=friedman_mse 
[CV]  min_samples_split=6, min_samples_leaf=4, max_features=log2, criterion=friedman_mse, total=   0.0s
[CV] min_samples_split=8, min_samples_leaf=3, max_features=log2, criterion=friedman_mse 
[CV]  min_samples_split=8, min_samples_leaf=3, max_features=log2, criterion=friedman_mse, total=   0.0s
[CV] min_samples_split=4, min_samples_leaf=4, max_features=sqrt, criterion=mae 
[CV]  min_samples_split=4, min_samples_leaf=4, max_features=sqrt, criterion=mae, total=   0.4s
[CV] min_samples_split=4, min_samples_leaf=1, max_features=auto, criterion=mae 
[CV]  min_samples_split=4, min_samples_leaf=1, max_features=auto, criterion=mae, total=  10.2s
[CV] min_samples_split=8, min_samples_leaf=3, max_features=auto, criterion=mae 
[CV]  min_samples_split=8, min_samples_leaf=3, max_features=auto, criterion=mae, total=   6.1s
[CV] min_samples_split=2, min_samples_leaf=3, max_features=log2, criterion=mae 
[CV]  min_samples_split=2, min_samples_leaf=3, max_features=log2, criterion=mae, total=   0.2s
[CV] min_samples_split=8, min_samples_leaf=2, max_features=sqrt, criterion=mse 
[CV]  min_samples_split=8, min_samples_leaf=2, max_features=sqrt, criterion=mse, total=   0.0s
[CV] min_samples_split=4, min_samples_leaf=4, max_features=auto, criterion=mae 
[CV]  min_samples_split=4, min_samples_leaf=4, max_features=auto, criterion=mae, total=   5.4s
[CV] min_samples_split=4, min_samples_leaf=1, max_features=sqrt, criterion=mse 
[CV]  min_samples_split=4, min_samples_leaf=1, max_features=sqrt, criterion=mse, total=   0.0s
[CV] min_samples_split=4, min_samples_leaf=2, max_features=log2, criterion=friedman_mse 
[CV]  min_samples_split=4, min_samples_leaf=2, max_features=log2, criterion=friedman_mse, total=   0.0s
[CV] min_samples_split=4, min_samples_leaf=3, max_features=sqrt, criterion=friedman_mse 
[CV]  min_samples_split=4, min_samples_leaf=3, max_features=sqrt, criterion=friedman_mse, total=   0.0s
[CV] min_samples_split=6, min_samples_leaf=4, max_features=log2, criterion=friedman_mse 
[CV]  min_samples_split=6, min_samples_leaf=4, max_features=log2, criterion=friedman_mse, total=   0.0s
[CV] min_samples_split=8, min_samples_leaf=3, max_features=log2, criterion=friedman_mse 
[CV]  min_samples_split=8, min_samples_leaf=3, max_features=log2, criterion=friedman_mse, total=   0.0s
[CV] min_samples_split=4, min_samples_leaf=4, max_features=sqrt, criterion=mae 
[CV]  min_samples_split=4, min_samples_leaf=4, max_features=sqrt, criterion=mae, total=   0.3s
[CV] min_samples_split=2, min_samples_leaf=1, max_features=log2, criterion=mse 
[CV]  min_samples_split=2, min_samples_leaf=1, max_features=log2, criterion=mse, total=   0.0s
[CV] min_samples_split=8, min_samples_leaf=3, max_features=auto, criterion=mae 
[CV]  min_samples_split=8, min_samples_leaf=3, max_features=auto, criterion=mae, total=   6.0s
[CV] min_samples_split=2, min_samples_leaf=3, max_features=log2, criterion=mae 
[CV]  min_samples_split=2, min_samples_leaf=3, max_features=log2, criterion=mae, total=   0.2s
[CV] min_samples_split=8, min_samples_leaf=2, max_features=sqrt, criterion=mse 
[CV]  min_samples_split=8, min_samples_leaf=2, max_features=sqrt, criterion=mse, total=   0.0s
[CV] min_samples_split=4, min_samples_leaf=4, max_features=auto, criterion=mae 
[CV]  min_samples_split=4, min_samples_leaf=4, max_features=auto, criterion=mae, total=   5.3s
[CV] min_samples_split=4, min_samples_leaf=1, max_features=sqrt, criterion=mse 
[CV]  min_samples_split=4, min_samples_leaf=1, max_features=sqrt, criterion=mse, total=   0.0s
[CV] min_samples_split=4, min_samples_leaf=2, max_features=log2, criterion=friedman_mse 
[CV]  min_samples_split=4, min_samples_leaf=2, max_features=log2, criterion=friedman_mse, total=   0.0s
[CV] min_samples_split=4, min_samples_leaf=3, max_features=sqrt, criterion=friedman_mse 
[CV]  min_samples_split=4, min_samples_leaf=3, max_features=sqrt, criterion=friedman_mse, total=   0.0s
[CV] min_samples_split=6, min_samples_leaf=4, max_features=log2, criterion=friedman_mse 
[CV]  min_samples_split=6, min_samples_leaf=4, max_features=log2, criterion=friedman_mse, total=   0.0s
[CV] min_samples_split=8, min_samples_leaf=3, max_features=log2, criterion=friedman_mse 
[CV]  min_samples_split=8, min_samples_leaf=3, max_features=log2, criterion=friedman_mse, total=   0.0s
[CV] min_samples_split=4, min_samples_leaf=4, max_features=sqrt, criterion=mae 
[CV]  min_samples_split=4, min_samples_leaf=4, max_features=sqrt, criterion=mae, total=   0.3s
[CV] min_samples_split=2, min_samples_leaf=4, max_features=sqrt, criterion=mse 
[CV]  min_samples_split=2, min_samples_leaf=4, max_features=sqrt, criterion=mse, total=   0.0s
[CV] min_samples_split=6, min_samples_leaf=3, max_features=log2, criterion=mse 
[CV]  min_samples_split=6, min_samples_leaf=3, max_features=log2, criterion=mse, total=   0.0s
[CV] min_samples_split=2, min_samples_leaf=3, max_features=log2, criterion=mae 
[CV]  min_samples_split=2, min_samples_leaf=3, max_features=log2, criterion=mae, total=   0.1s
[CV] min_samples_split=6, min_samples_leaf=4, max_features=auto, criterion=mae 
[CV]  min_samples_split=6, min_samples_leaf=4, max_features=auto, criterion=mae, total=   6.9s
[CV] min_samples_split=8, min_samples_leaf=2, max_features=sqrt, criterion=friedman_mse 
[CV]  min_samples_split=8, min_samples_leaf=2, max_features=sqrt, criterion=friedman_mse, total=   0.0s
[CV] min_samples_split=4, min_samples_leaf=1, max_features=sqrt, criterion=mse 
[CV]  min_samples_split=4, min_samples_leaf=1, max_features=sqrt, criterion=mse, total=   0.0s
[CV] min_samples_split=4, min_samples_leaf=2, max_features=log2, criterion=friedman_mse 
[CV]  min_samples_split=4, min_samples_leaf=2, max_features=log2, criterion=friedman_mse, total=   0.0s
[CV] min_samples_split=4, min_samples_leaf=3, max_features=sqrt, criterion=friedman_mse 
[CV]  min_samples_split=4, min_samples_leaf=3, max_features=sqrt, criterion=friedman_mse, total=   0.0s
[CV] min_samples_split=6, min_samples_leaf=4, max_features=log2, criterion=friedman_mse 
[CV]  min_samples_split=6, min_samples_leaf=4, max_features=log2, criterion=friedman_mse, total=   0.0s
[CV] min_samples_split=8, min_samples_leaf=3, max_features=log2, criterion=friedman_mse 
[CV]  min_samples_split=8, min_samples_leaf=3, max_features=log2, criterion=friedman_mse, total=   0.0s
[CV] min_samples_split=4, min_samples_leaf=4, max_features=sqrt, criterion=mae 
[CV]  min_samples_split=4, min_samples_leaf=4, max_features=sqrt, criterion=mae, total=   0.4s
[CV] min_samples_split=4, min_samples_leaf=3, max_features=sqrt, criterion=mse 
[CV]  min_samples_split=4, min_samples_leaf=3, max_features=sqrt, criterion=mse, total=   0.0s
[CV] min_samples_split=2, min_samples_leaf=1, max_features=log2, criterion=mse 
[CV]  min_samples_split=2, min_samples_leaf=1, max_features=log2, criterion=mse, total=   0.0s
[CV] min_samples_split=2, min_samples_leaf=3, max_features=auto, criterion=friedman_mse 
[CV]  min_samples_split=2, min_samples_leaf=3, max_features=auto, criterion=friedman_mse, total=   0.1s
[CV] min_samples_split=2, min_samples_leaf=3, max_features=log2, criterion=mae 
[CV]  min_samples_split=2, min_samples_leaf=3, max_features=log2, criterion=mae, total=   0.2s
[CV] min_samples_split=8, min_samples_leaf=2, max_features=sqrt, criterion=mse 
[CV]  min_samples_split=8, min_samples_leaf=2, max_features=sqrt, criterion=mse, total=   0.0s
[CV] min_samples_split=4, min_samples_leaf=4, max_features=auto, criterion=mae 
[CV]  min_samples_split=4, min_samples_leaf=4, max_features=auto, criterion=mae, total=   6.5s
[CV] min_samples_split=4, min_samples_leaf=1, max_features=sqrt, criterion=mse 
[CV]  min_samples_split=4, min_samples_leaf=1, max_features=sqrt, criterion=mse, total=   0.0s
[CV] min_samples_split=4, min_samples_leaf=2, max_features=log2, criterion=friedman_mse 
[CV]  min_samples_split=4, min_samples_leaf=2, max_features=log2, criterion=friedman_mse, total=   0.0s
[CV] min_samples_split=4, min_samples_leaf=3, max_features=sqrt, criterion=friedman_mse 
[CV]  min_samples_split=4, min_samples_leaf=3, max_features=sqrt, criterion=friedman_mse, total=   0.0s
[CV] min_samples_split=6, min_samples_leaf=4, max_features=log2, criterion=friedman_mse 
[CV]  min_samples_split=6, min_samples_leaf=4, max_features=log2, criterion=friedman_mse, total=   0.0s
[CV] min_samples_split=8, min_samples_leaf=3, max_features=log2, criterion=friedman_mse 
[CV]  min_samples_split=8, min_samples_leaf=3, max_features=log2, criterion=friedman_mse, total=   0.0s
[CV] min_samples_split=4, min_samples_leaf=4, max_features=sqrt, criterion=mae 
[CV]  min_samples_split=4, min_samples_leaf=4, max_features=sqrt, criterion=mae, total=   0.3s
[CV] min_samples_split=4, min_samples_leaf=1, max_features=auto, criterion=mae 
[CV]  min_samples_split=4, min_samples_leaf=1, max_features=auto, criterion=mae, total=  10.3s
[CV] min_samples_split=6, min_samples_leaf=3, max_features=log2, criterion=mse 
[CV]  min_samples_split=6, min_samples_leaf=3, max_features=log2, criterion=mse, total=   0.0s
[CV] min_samples_split=2, min_samples_leaf=3, max_features=log2, criterion=mae 
[CV]  min_samples_split=2, min_samples_leaf=3, max_features=log2, criterion=mae, total=   0.2s
[CV] min_samples_split=6, min_samples_leaf=4, max_features=auto, criterion=mae 
[CV]  min_samples_split=6, min_samples_leaf=4, max_features=auto, criterion=mae, total=   5.9s
[CV] min_samples_split=4, min_samples_leaf=4, max_features=auto, criterion=mae 
[CV]  min_samples_split=4, min_samples_leaf=4, max_features=auto, criterion=mae, total=   6.0s
[CV] min_samples_split=6, min_samples_leaf=1, max_features=sqrt, criterion=mse 
[CV]  min_samples_split=6, min_samples_leaf=1, max_features=sqrt, criterion=mse, total=   0.0s
[CV] min_samples_split=4, min_samples_leaf=2, max_features=log2, criterion=friedman_mse 
[CV]  min_samples_split=4, min_samples_leaf=2, max_features=log2, criterion=friedman_mse, total=   0.0s
[CV] min_samples_split=6, min_samples_leaf=4, max_features=sqrt, criterion=mse 
[CV]  min_samples_split=6, min_samples_leaf=4, max_features=sqrt, criterion=mse, total=   0.0s
[CV] min_samples_split=6, min_samples_leaf=4, max_features=log2, criterion=friedman_mse 
[CV]  min_samples_split=6, min_samples_leaf=4, max_features=log2, criterion=friedman_mse, total=   0.0s
[CV] min_samples_split=8, min_samples_leaf=2, max_features=auto, criterion=mae 
[CV]  min_samples_split=8, min_samples_leaf=2, max_features=auto, criterion=mae, total=   6.2s
[CV] min_samples_split=4, min_samples_leaf=4, max_features=sqrt, criterion=mae 
[CV]  min_samples_split=4, min_samples_leaf=4, max_features=sqrt, criterion=mae, total=   0.4s
[CV] min_samples_split=2, min_samples_leaf=4, max_features=sqrt, criterion=mse 
[CV]  min_samples_split=2, min_samples_leaf=4, max_features=sqrt, criterion=mse, total=   0.0s
[CV] min_samples_split=6, min_samples_leaf=3, max_features=log2, criterion=mse 
[CV]  min_samples_split=6, min_samples_leaf=3, max_features=log2, criterion=mse, total=   0.0s
[CV] min_samples_split=2, min_samples_leaf=3, max_features=log2, criterion=mae 
[CV]  min_samples_split=2, min_samples_leaf=3, max_features=log2, criterion=mae, total=   0.2s
[CV] min_samples_split=6, min_samples_leaf=4, max_features=auto, criterion=mae 
[CV]  min_samples_split=6, min_samples_leaf=4, max_features=auto, criterion=mae, total=   5.6s
[CV] min_samples_split=8, min_samples_leaf=2, max_features=sqrt, criterion=friedman_mse 
[CV]  min_samples_split=8, min_samples_leaf=2, max_features=sqrt, criterion=friedman_mse, total=   0.0s
[CV] min_samples_split=6, min_samples_leaf=1, max_features=sqrt, criterion=mse 
[CV]  min_samples_split=6, min_samples_leaf=1, max_features=sqrt, criterion=mse, total=   0.0s
[CV] min_samples_split=4, min_samples_leaf=2, max_features=log2, criterion=friedman_mse 
[CV]  min_samples_split=4, min_samples_leaf=2, max_features=log2, criterion=friedman_mse, total=   0.0s
[CV] min_samples_split=6, min_samples_leaf=4, max_features=sqrt, criterion=mse 
[CV]  min_samples_split=6, min_samples_leaf=4, max_features=sqrt, criterion=mse, total=   0.0s
[CV] min_samples_split=6, min_samples_leaf=4, max_features=log2, criterion=friedman_mse 
[CV]  min_samples_split=6, min_samples_leaf=4, max_features=log2, criterion=friedman_mse, total=   0.0s
[CV] min_samples_split=8, min_samples_leaf=2, max_features=auto, criterion=mae 
[CV]  min_samples_split=8, min_samples_leaf=2, max_features=auto, criterion=mae, total=   7.1s
[CV] min_samples_split=4, min_samples_leaf=4, max_features=sqrt, criterion=mae 
[CV]  min_samples_split=4, min_samples_leaf=4, max_features=sqrt, criterion=mae, total=   0.5s
[CV] min_samples_split=4, min_samples_leaf=3, max_features=sqrt, criterion=mse 
[CV]  min_samples_split=4, min_samples_leaf=3, max_features=sqrt, criterion=mse, total=   0.0s
[CV] min_samples_split=2, min_samples_leaf=1, max_features=log2, criterion=mse 
[CV]  min_samples_split=2, min_samples_leaf=1, max_features=log2, criterion=mse, total=   0.0s
[CV] min_samples_split=2, min_samples_leaf=3, max_features=auto, criterion=friedman_mse 
[CV]  min_samples_split=2, min_samples_leaf=3, max_features=auto, criterion=friedman_mse, total=   0.1s
[CV] min_samples_split=2, min_samples_leaf=4, max_features=auto, criterion=mae 
[CV]  min_samples_split=2, min_samples_leaf=4, max_features=auto, criterion=mae, total=   5.3s
[CV] min_samples_split=8, min_samples_leaf=2, max_features=sqrt, criterion=mse 
[CV]  min_samples_split=8, min_samples_leaf=2, max_features=sqrt, criterion=mse, total=   0.0s
[CV] min_samples_split=4, min_samples_leaf=4, max_features=auto, criterion=mae 
[CV]  min_samples_split=4, min_samples_leaf=4, max_features=auto, criterion=mae, total=   7.0s
[CV] min_samples_split=6, min_samples_leaf=1, max_features=log2, criterion=mse 
[CV]  min_samples_split=6, min_samples_leaf=1, max_features=log2, criterion=mse, total=   0.0s
[CV] min_samples_split=2, min_samples_leaf=4, max_features=auto, criterion=friedman_mse 
[CV]  min_samples_split=2, min_samples_leaf=4, max_features=auto, criterion=friedman_mse, total=   0.1s
[CV] min_samples_split=8, min_samples_leaf=4, max_features=log2, criterion=friedman_mse 
[CV]  min_samples_split=8, min_samples_leaf=4, max_features=log2, criterion=friedman_mse, total=   0.0s
[CV] min_samples_split=4, min_samples_leaf=4, max_features=sqrt, criterion=mse 
[CV]  min_samples_split=4, min_samples_leaf=4, max_features=sqrt, criterion=mse, total=   0.0s
[CV] min_samples_split=6, min_samples_leaf=3, max_features=log2, criterion=mae 
[CV]  min_samples_split=6, min_samples_leaf=3, max_features=log2, criterion=mae, total=   0.2s
[CV] min_samples_split=4, min_samples_leaf=4, max_features=sqrt, criterion=mae 
[CV]  min_samples_split=4, min_samples_leaf=4, max_features=sqrt, criterion=mae, total=   0.4s
[CV] min_samples_split=2, min_samples_leaf=1, max_features=log2, criterion=mse 
[CV]  min_samples_split=2, min_samples_leaf=1, max_features=log2, criterion=mse, total=   0.0s
[CV] min_samples_split=8, min_samples_leaf=3, max_features=auto, criterion=mae 
[CV]  min_samples_split=8, min_samples_leaf=3, max_features=auto, criterion=mae, total=   8.2s
[CV] min_samples_split=2, min_samples_leaf=4, max_features=auto, criterion=mae 
[CV]  min_samples_split=2, min_samples_leaf=4, max_features=auto, criterion=mae, total=   4.7s
[CV] min_samples_split=8, min_samples_leaf=2, max_features=sqrt, criterion=mse 
[CV]  min_samples_split=8, min_samples_leaf=2, max_features=sqrt, criterion=mse, total=   0.0s
[CV] min_samples_split=4, min_samples_leaf=4, max_features=auto, criterion=mae 
[CV]  min_samples_split=4, min_samples_leaf=4, max_features=auto, criterion=mae, total=   5.7s
[CV] min_samples_split=6, min_samples_leaf=1, max_features=log2, criterion=mse 
[CV]  min_samples_split=6, min_samples_leaf=1, max_features=log2, criterion=mse, total=   0.0s
[CV] min_samples_split=2, min_samples_leaf=4, max_features=auto, criterion=friedman_mse 
[CV]  min_samples_split=2, min_samples_leaf=4, max_features=auto, criterion=friedman_mse, total=   0.1s
[CV] min_samples_split=8, min_samples_leaf=4, max_features=log2, criterion=friedman_mse 
[CV]  min_samples_split=8, min_samples_leaf=4, max_features=log2, criterion=friedman_mse, total=   0.0s
[CV] min_samples_split=4, min_samples_leaf=4, max_features=sqrt, criterion=mse 
[CV]  min_samples_split=4, min_samples_leaf=4, max_features=sqrt, criterion=mse, total=   0.0s
[CV] min_samples_split=6, min_samples_leaf=3, max_features=log2, criterion=mae 
[CV]  min_samples_split=6, min_samples_leaf=3, max_features=log2, criterion=mae, total=   0.2s
[CV] min_samples_split=4, min_samples_leaf=4, max_features=sqrt, criterion=mae 
[CV]  min_samples_split=4, min_samples_leaf=4, max_features=sqrt, criterion=mae, total=   0.4s
[CV] min_samples_split=4, min_samples_leaf=3, max_features=sqrt, criterion=mse 
[CV]  min_samples_split=4, min_samples_leaf=3, max_features=sqrt, criterion=mse, total=   0.0s
[CV] min_samples_split=2, min_samples_leaf=1, max_features=log2, criterion=mse 
[CV]  min_samples_split=2, min_samples_leaf=1, max_features=log2, criterion=mse, total=   0.0s
[CV] min_samples_split=2, min_samples_leaf=3, max_features=auto, criterion=friedman_mse 
[CV]  min_samples_split=2, min_samples_leaf=3, max_features=auto, criterion=friedman_mse, total=   0.1s
[CV] min_samples_split=2, min_samples_leaf=4, max_features=auto, criterion=mae 
[CV]  min_samples_split=2, min_samples_leaf=4, max_features=auto, criterion=mae, total=   6.5s
[CV] min_samples_split=8, min_samples_leaf=2, max_features=sqrt, criterion=mse 
[CV]  min_samples_split=8, min_samples_leaf=2, max_features=sqrt, criterion=mse, total=   0.0s
[CV] min_samples_split=8, min_samples_leaf=2, max_features=sqrt, criterion=friedman_mse 
[CV]  min_samples_split=8, min_samples_leaf=2, max_features=sqrt, criterion=friedman_mse, total=   0.0s
[CV] min_samples_split=6, min_samples_leaf=1, max_features=sqrt, criterion=mse 
[CV]  min_samples_split=6, min_samples_leaf=1, max_features=sqrt, criterion=mse, total=   0.0s
[CV] min_samples_split=4, min_samples_leaf=2, max_features=log2, criterion=friedman_mse 
[CV]  min_samples_split=4, min_samples_leaf=2, max_features=log2, criterion=friedman_mse, total=   0.0s
[CV] min_samples_split=6, min_samples_leaf=4, max_features=sqrt, criterion=mse 
[CV]  min_samples_split=6, min_samples_leaf=4, max_features=sqrt, criterion=mse, total=   0.0s
[CV] min_samples_split=6, min_samples_leaf=4, max_features=log2, criterion=friedman_mse 
[CV]  min_samples_split=6, min_samples_leaf=4, max_features=log2, criterion=friedman_mse, total=   0.0s
[CV] min_samples_split=8, min_samples_leaf=2, max_features=auto, criterion=mae 
[CV]  min_samples_split=8, min_samples_leaf=2, max_features=auto, criterion=mae, total=   6.8s
[CV] min_samples_split=4, min_samples_leaf=4, max_features=sqrt, criterion=mae 
[CV]  min_samples_split=4, min_samples_leaf=4, max_features=sqrt, criterion=mae, total=   0.4s
[CV] min_samples_split=2, min_samples_leaf=1, max_features=log2, criterion=mse 
[CV]  min_samples_split=2, min_samples_leaf=1, max_features=log2, criterion=mse, total=   0.0s
[CV] min_samples_split=8, min_samples_leaf=3, max_features=auto, criterion=mae 
[CV]  min_samples_split=8, min_samples_leaf=3, max_features=auto, criterion=mae, total=   6.9s
[CV] min_samples_split=2, min_samples_leaf=4, max_features=auto, criterion=mae 
[CV]  min_samples_split=2, min_samples_leaf=4, max_features=auto, criterion=mae, total=   5.5s
[CV] min_samples_split=2, min_samples_leaf=2, max_features=auto, criterion=friedman_mse 
[CV]  min_samples_split=2, min_samples_leaf=2, max_features=auto, criterion=friedman_mse, total=   0.1s
[CV] min_samples_split=8, min_samples_leaf=2, max_features=sqrt, criterion=friedman_mse 
[CV]  min_samples_split=8, min_samples_leaf=2, max_features=sqrt, criterion=friedman_mse, total=   0.0s
[CV] min_samples_split=6, min_samples_leaf=1, max_features=log2, criterion=mse 
[CV]  min_samples_split=6, min_samples_leaf=1, max_features=log2, criterion=mse, total=   0.0s
[CV] min_samples_split=2, min_samples_leaf=4, max_features=auto, criterion=friedman_mse 
[CV]  min_samples_split=2, min_samples_leaf=4, max_features=auto, criterion=friedman_mse, total=   0.1s
[CV] min_samples_split=8, min_samples_leaf=4, max_features=log2, criterion=friedman_mse 
[CV]  min_samples_split=8, min_samples_leaf=4, max_features=log2, criterion=friedman_mse, total=   0.0s
[CV] min_samples_split=4, min_samples_leaf=4, max_features=sqrt, criterion=mse 
[CV]  min_samples_split=4, min_samples_leaf=4, max_features=sqrt, criterion=mse, total=   0.0s
[CV] min_samples_split=6, min_samples_leaf=3, max_features=log2, criterion=mae 
[CV]  min_samples_split=6, min_samples_leaf=3, max_features=log2, criterion=mae, total=   0.3s
[CV] min_samples_split=8, min_samples_leaf=2, max_features=log2, criterion=mse 
[CV]  min_samples_split=8, min_samples_leaf=2, max_features=log2, criterion=mse, total=   0.0s
[CV] min_samples_split=4, min_samples_leaf=3, max_features=sqrt, criterion=mse 
[CV]  min_samples_split=4, min_samples_leaf=3, max_features=sqrt, criterion=mse, total=   0.0s
[CV] min_samples_split=4, min_samples_leaf=4, max_features=log2, criterion=friedman_mse 
[CV]  min_samples_split=4, min_samples_leaf=4, max_features=log2, criterion=friedman_mse, total=   0.0s
[CV] min_samples_split=2, min_samples_leaf=3, max_features=auto, criterion=friedman_mse 
[CV]  min_samples_split=2, min_samples_leaf=3, max_features=auto, criterion=friedman_mse, total=   0.1s
[CV] min_samples_split=2, min_samples_leaf=4, max_features=auto, criterion=mae 
[CV]  min_samples_split=2, min_samples_leaf=4, max_features=auto, criterion=mae, total=   6.0s
[CV] min_samples_split=6, min_samples_leaf=3, max_features=auto, criterion=mae 
[CV]  min_samples_split=6, min_samples_leaf=3, max_features=auto, criterion=mae, total=   6.1s
[CV] min_samples_split=8, min_samples_leaf=2, max_features=sqrt, criterion=friedman_mse 
[CV]  min_samples_split=8, min_samples_leaf=2, max_features=sqrt, criterion=friedman_mse, total=   0.0s
[CV] min_samples_split=6, min_samples_leaf=1, max_features=log2, criterion=mse 
[CV]  min_samples_split=6, min_samples_leaf=1, max_features=log2, criterion=mse, total=   0.0s
[CV] min_samples_split=2, min_samples_leaf=4, max_features=auto, criterion=friedman_mse 
[CV]  min_samples_split=2, min_samples_leaf=4, max_features=auto, criterion=friedman_mse, total=   0.1s
[CV] min_samples_split=8, min_samples_leaf=4, max_features=log2, criterion=friedman_mse 
[CV]  min_samples_split=8, min_samples_leaf=4, max_features=log2, criterion=friedman_mse, total=   0.0s
[CV] min_samples_split=4, min_samples_leaf=4, max_features=sqrt, criterion=mse 
[CV]  min_samples_split=4, min_samples_leaf=4, max_features=sqrt, criterion=mse, total=   0.0s
[CV] min_samples_split=6, min_samples_leaf=3, max_features=log2, criterion=mae 
[CV]  min_samples_split=6, min_samples_leaf=3, max_features=log2, criterion=mae, total=   0.2s
[CV] min_samples_split=8, min_samples_leaf=2, max_features=log2, criterion=mse 
[CV]  min_samples_split=8, min_samples_leaf=2, max_features=log2, criterion=mse, total=   0.0s
[CV] min_samples_split=2, min_samples_leaf=1, max_features=log2, criterion=mse 
[CV]  min_samples_split=2, min_samples_leaf=1, max_features=log2, criterion=mse, total=   0.0s
[CV] min_samples_split=8, min_samples_leaf=3, max_features=auto, criterion=mae 
[CV]  min_samples_split=8, min_samples_leaf=3, max_features=auto, criterion=mae, total=   6.1s
[CV] min_samples_split=4, min_samples_leaf=2, max_features=sqrt, criterion=mae 
[CV]  min_samples_split=4, min_samples_leaf=2, max_features=sqrt, criterion=mae, total=   0.5s
[CV] min_samples_split=8, min_samples_leaf=2, max_features=sqrt, criterion=mse 
[CV]  min_samples_split=8, min_samples_leaf=2, max_features=sqrt, criterion=mse, total=   0.0s
[CV] min_samples_split=8, min_samples_leaf=2, max_features=sqrt, criterion=friedman_mse 
[CV]  min_samples_split=8, min_samples_leaf=2, max_features=sqrt, criterion=friedman_mse, total=   0.0s
[CV] min_samples_split=6, min_samples_leaf=1, max_features=sqrt, criterion=mse 
[CV]  min_samples_split=6, min_samples_leaf=1, max_features=sqrt, criterion=mse, total=   0.0s
[CV] min_samples_split=4, min_samples_leaf=2, max_features=log2, criterion=friedman_mse 
[CV]  min_samples_split=4, min_samples_leaf=2, max_features=log2, criterion=friedman_mse, total=   0.0s
[CV] min_samples_split=6, min_samples_leaf=4, max_features=sqrt, criterion=mse 
[CV]  min_samples_split=6, min_samples_leaf=4, max_features=sqrt, criterion=mse, total=   0.0s
[CV] min_samples_split=6, min_samples_leaf=4, max_features=log2, criterion=friedman_mse 
[CV]  min_samples_split=6, min_samples_leaf=4, max_features=log2, criterion=friedman_mse, total=   0.0s
[CV] min_samples_split=8, min_samples_leaf=2, max_features=auto, criterion=mae 
[CV]  min_samples_split=8, min_samples_leaf=2, max_features=auto, criterion=mae, total=   7.7s
[CV] min_samples_split=8, min_samples_leaf=2, max_features=log2, criterion=mse 
[CV]  min_samples_split=8, min_samples_leaf=2, max_features=log2, criterion=mse, total=   0.0s
[CV] min_samples_split=4, min_samples_leaf=1, max_features=auto, criterion=mae 
[CV]  min_samples_split=4, min_samples_leaf=1, max_features=auto, criterion=mae, total=  10.0s
[CV] min_samples_split=8, min_samples_leaf=3, max_features=auto, criterion=mae 
[CV]  min_samples_split=8, min_samples_leaf=3, max_features=auto, criterion=mae, total=   6.9s
[CV] min_samples_split=2, min_samples_leaf=4, max_features=auto, criterion=mae 
[CV]  min_samples_split=2, min_samples_leaf=4, max_features=auto, criterion=mae, total=   5.4s
[CV] min_samples_split=8, min_samples_leaf=2, max_features=sqrt, criterion=mse 
[CV]  min_samples_split=8, min_samples_leaf=2, max_features=sqrt, criterion=mse, total=   0.0s
[CV] min_samples_split=8, min_samples_leaf=2, max_features=sqrt, criterion=friedman_mse 
[CV]  min_samples_split=8, min_samples_leaf=2, max_features=sqrt, criterion=friedman_mse, total=   0.0s
[CV] min_samples_split=6, min_samples_leaf=1, max_features=sqrt, criterion=mse 
[CV]  min_samples_split=6, min_samples_leaf=1, max_features=sqrt, criterion=mse, total=   0.0s
[CV] min_samples_split=4, min_samples_leaf=2, max_features=log2, criterion=friedman_mse 
[CV]  min_samples_split=4, min_samples_leaf=2, max_features=log2, criterion=friedman_mse, total=   0.0s
[CV] min_samples_split=6, min_samples_leaf=4, max_features=sqrt, criterion=mse 
[CV]  min_samples_split=6, min_samples_leaf=4, max_features=sqrt, criterion=mse, total=   0.0s
[CV] min_samples_split=6, min_samples_leaf=4, max_features=log2, criterion=friedman_mse 
[CV]  min_samples_split=6, min_samples_leaf=4, max_features=log2, criterion=friedman_mse, total=   0.0s
[CV] min_samples_split=8, min_samples_leaf=2, max_features=auto, criterion=mae 
[CV]  min_samples_split=8, min_samples_leaf=2, max_features=auto, criterion=mae, total=   9.3s
[CV] min_samples_split=8, min_samples_leaf=2, max_features=log2, criterion=mse 
[CV]  min_samples_split=8, min_samples_leaf=2, max_features=log2, criterion=mse, total=   0.0s
[CV] min_samples_split=6, min_samples_leaf=1, max_features=sqrt, criterion=friedman_mse 
[CV]  min_samples_split=6, min_samples_leaf=1, max_features=sqrt, criterion=friedman_mse, total=   0.0s
[CV] min_samples_split=4, min_samples_leaf=4, max_features=log2, criterion=friedman_mse 
[CV]  min_samples_split=4, min_samples_leaf=4, max_features=log2, criterion=friedman_mse, total=   0.0s
[CV] min_samples_split=2, min_samples_leaf=3, max_features=log2, criterion=mse 
[CV]  min_samples_split=2, min_samples_leaf=3, max_features=log2, criterion=mse, total=   0.0s
[CV] min_samples_split=4, min_samples_leaf=2, max_features=sqrt, criterion=mae 
[CV]  min_samples_split=4, min_samples_leaf=2, max_features=sqrt, criterion=mae, total=   0.3s
[CV] min_samples_split=2, min_samples_leaf=2, max_features=auto, criterion=friedman_mse 
[CV]  min_samples_split=2, min_samples_leaf=2, max_features=auto, criterion=friedman_mse, total=   0.1s
[CV] min_samples_split=8, min_samples_leaf=2, max_features=sqrt, criterion=friedman_mse 
[CV]  min_samples_split=8, min_samples_leaf=2, max_features=sqrt, criterion=friedman_mse, total=   0.0s
[CV] min_samples_split=6, min_samples_leaf=1, max_features=log2, criterion=mse 
[CV]  min_samples_split=6, min_samples_leaf=1, max_features=log2, criterion=mse, total=   0.0s
[CV] min_samples_split=2, min_samples_leaf=4, max_features=auto, criterion=friedman_mse 
[CV]  min_samples_split=2, min_samples_leaf=4, max_features=auto, criterion=friedman_mse, total=   0.1s
[CV] min_samples_split=8, min_samples_leaf=4, max_features=log2, criterion=friedman_mse 
[CV]  min_samples_split=8, min_samples_leaf=4, max_features=log2, criterion=friedman_mse, total=   0.0s
[CV] min_samples_split=4, min_samples_leaf=4, max_features=sqrt, criterion=mse 
[CV]  min_samples_split=4, min_samples_leaf=4, max_features=sqrt, criterion=mse, total=   0.0s
[CV] min_samples_split=6, min_samples_leaf=3, max_features=log2, criterion=mae 
[CV]  min_samples_split=6, min_samples_leaf=3, max_features=log2, criterion=mae, total=   0.2s
[CV] min_samples_split=8, min_samples_leaf=2, max_features=log2, criterion=mse 
[CV]  min_samples_split=8, min_samples_leaf=2, max_features=log2, criterion=mse, total=   0.0s
[CV] min_samples_split=6, min_samples_leaf=1, max_features=sqrt, criterion=friedman_mse 
[CV]  min_samples_split=6, min_samples_leaf=1, max_features=sqrt, criterion=friedman_mse, total=   0.0s
[CV] min_samples_split=8, min_samples_leaf=2, max_features=auto, criterion=friedman_mse 
[CV]  min_samples_split=8, min_samples_leaf=2, max_features=auto, criterion=friedman_mse, total=   0.1s
[CV] min_samples_split=2, min_samples_leaf=3, max_features=log2, criterion=mse 
[CV]  min_samples_split=2, min_samples_leaf=3, max_features=log2, criterion=mse, total=   0.0s
[CV] min_samples_split=4, min_samples_leaf=2, max_features=log2, criterion=mse 
[CV]  min_samples_split=4, min_samples_leaf=2, max_features=log2, criterion=mse, total=   0.0s
[CV] min_samples_split=2, min_samples_leaf=2, max_features=auto, criterion=friedman_mse 
[CV]  min_samples_split=2, min_samples_leaf=2, max_features=auto, criterion=friedman_mse, total=   0.1s
[CV] min_samples_split=6, min_samples_leaf=4, max_features=log2, criterion=mae 
[CV]  min_samples_split=6, min_samples_leaf=4, max_features=log2, criterion=mae, total=   0.2s
[CV] min_samples_split=6, min_samples_leaf=4, max_features=sqrt, criterion=friedman_mse 
[CV]  min_samples_split=6, min_samples_leaf=4, max_features=sqrt, criterion=friedman_mse, total=   0.0s
[CV] min_samples_split=2, min_samples_leaf=3, max_features=sqrt, criterion=mse 
[CV]  min_samples_split=2, min_samples_leaf=3, max_features=sqrt, criterion=mse, total=   0.0s
[CV] min_samples_split=2, min_samples_leaf=2, max_features=log2, criterion=mse 
[CV]  min_samples_split=2, min_samples_leaf=2, max_features=log2, criterion=mse, total=   0.0s
[CV] min_samples_split=6, min_samples_leaf=2, max_features=sqrt, criterion=mse 
[CV]  min_samples_split=6, min_samples_leaf=2, max_features=sqrt, criterion=mse, total=   0.0s
[CV] min_samples_split=6, min_samples_leaf=3, max_features=log2, criterion=mae 
[CV]  min_samples_split=6, min_samples_leaf=3, max_features=log2, criterion=mae, total=   0.2s
[CV] min_samples_split=8, min_samples_leaf=2, max_features=log2, criterion=mse 
[CV]  min_samples_split=8, min_samples_leaf=2, max_features=log2, criterion=mse, total=   0.0s
[CV] min_samples_split=4, min_samples_leaf=3, max_features=sqrt, criterion=mse 
[CV]  min_samples_split=4, min_samples_leaf=3, max_features=sqrt, criterion=mse, total=   0.0s
[CV] min_samples_split=2, min_samples_leaf=1, max_features=log2, criterion=mse 
[CV]  min_samples_split=2, min_samples_leaf=1, max_features=log2, criterion=mse, total=   0.0s
[CV] min_samples_split=2, min_samples_leaf=3, max_features=auto, criterion=friedman_mse 
[CV]  min_samples_split=2, min_samples_leaf=3, max_features=auto, criterion=friedman_mse, total=   0.1s
[CV] min_samples_split=2, min_samples_leaf=3, max_features=log2, criterion=mae 
[CV]  min_samples_split=2, min_samples_leaf=3, max_features=log2, criterion=mae, total=   0.2s
[CV] min_samples_split=8, min_samples_leaf=2, max_features=sqrt, criterion=mse 
[CV]  min_samples_split=8, min_samples_leaf=2, max_features=sqrt, criterion=mse, total=   0.0s
[CV] min_samples_split=4, min_samples_leaf=4, max_features=auto, criterion=mae 
[CV]  min_samples_split=4, min_samples_leaf=4, max_features=auto, criterion=mae, total=   7.4s
[CV] min_samples_split=6, min_samples_leaf=1, max_features=sqrt, criterion=mse 
[CV]  min_samples_split=6, min_samples_leaf=1, max_features=sqrt, criterion=mse, total=   0.0s
[CV] min_samples_split=2, min_samples_leaf=4, max_features=auto, criterion=friedman_mse 
[CV]  min_samples_split=2, min_samples_leaf=4, max_features=auto, criterion=friedman_mse, total=   0.0s
[CV] min_samples_split=6, min_samples_leaf=4, max_features=sqrt, criterion=mse 
[CV]  min_samples_split=6, min_samples_leaf=4, max_features=sqrt, criterion=mse, total=   0.0s
[CV] min_samples_split=4, min_samples_leaf=4, max_features=sqrt, criterion=mse 
[CV]  min_samples_split=4, min_samples_leaf=4, max_features=sqrt, criterion=mse, total=   0.0s
[CV] min_samples_split=8, min_samples_leaf=2, max_features=auto, criterion=mae 
[CV]  min_samples_split=8, min_samples_leaf=2, max_features=auto, criterion=mae, total=   7.5s
[CV] min_samples_split=8, min_samples_leaf=2, max_features=log2, criterion=mse 
[CV]  min_samples_split=8, min_samples_leaf=2, max_features=log2, criterion=mse, total=   0.0s
[CV] min_samples_split=4, min_samples_leaf=1, max_features=auto, criterion=mae 
[CV]  min_samples_split=4, min_samples_leaf=1, max_features=auto, criterion=mae, total=  10.9s
[CV] min_samples_split=8, min_samples_leaf=3, max_features=auto, criterion=mae 
[CV]  min_samples_split=8, min_samples_leaf=3, max_features=auto, criterion=mae, total=   8.0s
[CV] min_samples_split=2, min_samples_leaf=4, max_features=auto, criterion=mae 
[CV]  min_samples_split=2, min_samples_leaf=4, max_features=auto, criterion=mae, total=   6.9s
[CV] min_samples_split=6, min_samples_leaf=3, max_features=auto, criterion=mae 
[CV]  min_samples_split=6, min_samples_leaf=3, max_features=auto, criterion=mae, total=   6.1s
[CV] min_samples_split=6, min_samples_leaf=4, max_features=log2, criterion=mae 
[CV]  min_samples_split=6, min_samples_leaf=4, max_features=log2, criterion=mae, total=   0.2s
[CV] min_samples_split=6, min_samples_leaf=4, max_features=sqrt, criterion=friedman_mse 
[CV]  min_samples_split=6, min_samples_leaf=4, max_features=sqrt, criterion=friedman_mse, total=   0.0s
[CV] min_samples_split=2, min_samples_leaf=3, max_features=sqrt, criterion=mse 
[CV]  min_samples_split=2, min_samples_leaf=3, max_features=sqrt, criterion=mse, total=   0.0s
[CV] min_samples_split=2, min_samples_leaf=2, max_features=log2, criterion=mse 
[CV]  min_samples_split=2, min_samples_leaf=2, max_features=log2, criterion=mse, total=   0.0s
[CV] min_samples_split=6, min_samples_leaf=2, max_features=sqrt, criterion=mse 
[CV]  min_samples_split=6, min_samples_leaf=2, max_features=sqrt, criterion=mse, total=   0.0s
[CV] min_samples_split=6, min_samples_leaf=3, max_features=log2, criterion=mae 
[CV]  min_samples_split=6, min_samples_leaf=3, max_features=log2, criterion=mae, total=   0.3s
[CV] min_samples_split=8, min_samples_leaf=2, max_features=log2, criterion=mse 
[CV]  min_samples_split=8, min_samples_leaf=2, max_features=log2, criterion=mse, total=   0.0s
[CV] min_samples_split=2, min_samples_leaf=4, max_features=sqrt, criterion=mse 
[CV]  min_samples_split=2, min_samples_leaf=4, max_features=sqrt, criterion=mse, total=   0.0s
[CV] min_samples_split=6, min_samples_leaf=3, max_features=log2, criterion=mse 
[CV]  min_samples_split=6, min_samples_leaf=3, max_features=log2, criterion=mse, total=   0.0s
[CV] min_samples_split=2, min_samples_leaf=3, max_features=log2, criterion=mae 
[CV]  min_samples_split=2, min_samples_leaf=3, max_features=log2, criterion=mae, total=   0.2s
[CV] min_samples_split=6, min_samples_leaf=4, max_features=auto, criterion=mae 
[CV]  min_samples_split=6, min_samples_leaf=4, max_features=auto, criterion=mae, total=   7.4s
[CV] min_samples_split=4, min_samples_leaf=4, max_features=auto, criterion=mae 
[CV]  min_samples_split=4, min_samples_leaf=4, max_features=auto, criterion=mae, total=   6.1s
[CV] min_samples_split=6, min_samples_leaf=1, max_features=sqrt, criterion=mse 
[CV]  min_samples_split=6, min_samples_leaf=1, max_features=sqrt, criterion=mse, total=   0.0s
[CV] min_samples_split=2, min_samples_leaf=4, max_features=auto, criterion=friedman_mse 
[CV]  min_samples_split=2, min_samples_leaf=4, max_features=auto, criterion=friedman_mse, total=   0.1s
[CV] min_samples_split=6, min_samples_leaf=4, max_features=sqrt, criterion=mse 
[CV]  min_samples_split=6, min_samples_leaf=4, max_features=sqrt, criterion=mse, total=   0.0s
[CV] min_samples_split=4, min_samples_leaf=4, max_features=sqrt, criterion=mse 
[CV]  min_samples_split=4, min_samples_leaf=4, max_features=sqrt, criterion=mse, total=   0.0s
[CV] min_samples_split=8, min_samples_leaf=2, max_features=auto, criterion=mae 
[CV]  min_samples_split=8, min_samples_leaf=2, max_features=auto, criterion=mae, total=   9.7s
[CV] min_samples_split=8, min_samples_leaf=2, max_features=log2, criterion=mse 
[CV]  min_samples_split=8, min_samples_leaf=2, max_features=log2, criterion=mse, total=   0.0s
[CV] min_samples_split=4, min_samples_leaf=3, max_features=sqrt, criterion=mse 
[CV]  min_samples_split=4, min_samples_leaf=3, max_features=sqrt, criterion=mse, total=   0.0s
[CV] min_samples_split=4, min_samples_leaf=4, max_features=log2, criterion=friedman_mse 
[CV]  min_samples_split=4, min_samples_leaf=4, max_features=log2, criterion=friedman_mse, total=   0.0s
[CV] min_samples_split=2, min_samples_leaf=3, max_features=auto, criterion=friedman_mse 
[CV]  min_samples_split=2, min_samples_leaf=3, max_features=auto, criterion=friedman_mse, total=   0.1s
[CV] min_samples_split=2, min_samples_leaf=4, max_features=auto, criterion=mae 
[CV]  min_samples_split=2, min_samples_leaf=4, max_features=auto, criterion=mae, total=   5.7s
[CV] min_samples_split=6, min_samples_leaf=3, max_features=auto, criterion=mae 
[CV]  min_samples_split=6, min_samples_leaf=3, max_features=auto, criterion=mae, total=   7.8s
[CV] min_samples_split=6, min_samples_leaf=4, max_features=log2, criterion=mae 
[CV]  min_samples_split=6, min_samples_leaf=4, max_features=log2, criterion=mae, total=   0.2s
[CV] min_samples_split=6, min_samples_leaf=4, max_features=sqrt, criterion=friedman_mse 
[CV]  min_samples_split=6, min_samples_leaf=4, max_features=sqrt, criterion=friedman_mse, total=   0.0s
[CV] min_samples_split=2, min_samples_leaf=3, max_features=sqrt, criterion=mse 
[CV]  min_samples_split=2, min_samples_leaf=3, max_features=sqrt, criterion=mse, total=   0.0s
[CV] min_samples_split=2, min_samples_leaf=2, max_features=log2, criterion=mse 
[CV]  min_samples_split=2, min_samples_leaf=2, max_features=log2, criterion=mse, total=   0.0s
[CV] min_samples_split=6, min_samples_leaf=2, max_features=sqrt, criterion=mse 
[CV]  min_samples_split=6, min_samples_leaf=2, max_features=sqrt, criterion=mse, total=   0.0s
[CV] min_samples_split=6, min_samples_leaf=3, max_features=log2, criterion=mae 
[CV]  min_samples_split=6, min_samples_leaf=3, max_features=log2, criterion=mae, total=   0.3s
[CV] min_samples_split=8, min_samples_leaf=2, max_features=log2, criterion=mse 
[CV]  min_samples_split=8, min_samples_leaf=2, max_features=log2, criterion=mse, total=   0.0s
